{"E:\\Projetos\\ggpro\\js\\constants.js": {"path":"E:\\Projetos\\ggpro\\js\\constants.js","statementMap":{"0":{"start":{"line":3,"column":27},"end":{"line":3,"column":50}},"1":{"start":{"line":5,"column":26},"end":{"line":30,"column":1}},"2":{"start":{"line":32,"column":33},"end":{"line":40,"column":1}},"3":{"start":{"line":42,"column":33},"end":{"line":50,"column":1}},"4":{"start":{"line":52,"column":27},"end":{"line":55,"column":1}},"5":{"start":{"line":57,"column":33},"end":{"line":82,"column":1}},"6":{"start":{"line":84,"column":27},"end":{"line":91,"column":1}},"7":{"start":{"line":93,"column":34},"end":{"line":133,"column":1}},"8":{"start":{"line":135,"column":32},"end":{"line":140,"column":1}},"9":{"start":{"line":142,"column":23},"end":{"line":142,"column":99}}},"fnMap":{},"branchMap":{},"s":{"0":2,"1":2,"2":2,"3":2,"4":2,"5":2,"6":2,"7":2,"8":2,"9":2},"f":{},"b":{},"meta":{"lastBranch":0,"lastFunction":0,"lastStatement":10,"seen":{"s:3:27:3:50":0,"s:5:26:30:1":1,"s:32:33:40:1":2,"s:42:33:50:1":3,"s:52:27:55:1":4,"s:57:33:82:1":5,"s:84:27:91:1":6,"s:93:34:133:1":7,"s:135:32:140:1":8,"s:142:23:142:99":9}}}
,"E:\\Projetos\\ggpro\\js\\state.js": {"path":"E:\\Projetos\\ggpro\\js\\state.js","statementMap":{"0":{"start":{"line":8,"column":18},"end":{"line":8,"column":51}},"1":{"start":{"line":9,"column":25},"end":{"line":9,"column":83}},"2":{"start":{"line":11,"column":22},"end":{"line":39,"column":5}},"3":{"start":{"line":41,"column":4},"end":{"line":51,"column":null}},"4":{"start":{"line":42,"column":6},"end":{"line":48,"column":null}},"5":{"start":{"line":43,"column":23},"end":{"line":43,"column":40}},"6":{"start":{"line":44,"column":8},"end":{"line":44,"column":null}},"7":{"start":{"line":46,"column":8},"end":{"line":46,"column":null}},"8":{"start":{"line":47,"column":8},"end":{"line":47,"column":null}},"9":{"start":{"line":50,"column":6},"end":{"line":50,"column":null}},"10":{"start":{"line":53,"column":4},"end":{"line":53,"column":null}},"11":{"start":{"line":54,"column":4},"end":{"line":54,"column":null}},"12":{"start":{"line":58,"column":4},"end":{"line":58,"column":null}},"13":{"start":{"line":59,"column":4},"end":{"line":59,"column":null}},"14":{"start":{"line":59,"column":19},"end":{"line":59,"column":79}},"15":{"start":{"line":59,"column":63},"end":{"line":59,"column":77}},"16":{"start":{"line":63,"column":4},"end":{"line":63,"column":null}},"17":{"start":{"line":63,"column":39},"end":{"line":63,"column":59}},"18":{"start":{"line":67,"column":4},"end":{"line":69,"column":null}},"19":{"start":{"line":68,"column":6},"end":{"line":68,"column":null}},"20":{"start":{"line":70,"column":4},"end":{"line":70,"column":null}},"21":{"start":{"line":73,"column":15},"end":{"line":73,"column":33}},"22":{"start":{"line":76,"column":4},"end":{"line":80,"column":null}},"23":{"start":{"line":77,"column":6},"end":{"line":77,"column":null}},"24":{"start":{"line":79,"column":6},"end":{"line":79,"column":null}},"25":{"start":{"line":81,"column":4},"end":{"line":81,"column":null}},"26":{"start":{"line":85,"column":4},"end":{"line":85,"column":null}},"27":{"start":{"line":90,"column":16},"end":{"line":115,"column":5}},"28":{"start":{"line":116,"column":4},"end":{"line":116,"column":null}},"29":{"start":{"line":121,"column":17},"end":{"line":121,"column":78}},"30":{"start":{"line":122,"column":4},"end":{"line":122,"column":null}},"31":{"start":{"line":122,"column":35},"end":{"line":122,"column":52}},"32":{"start":{"line":126,"column":17},"end":{"line":126,"column":78}},"33":{"start":{"line":127,"column":4},"end":{"line":127,"column":null}},"34":{"start":{"line":131,"column":18},"end":{"line":131,"column":47}},"35":{"start":{"line":132,"column":18},"end":{"line":140,"column":5}},"36":{"start":{"line":141,"column":17},"end":{"line":141,"column":35}},"37":{"start":{"line":143,"column":15},"end":{"line":143,"column":25}},"38":{"start":{"line":144,"column":4},"end":{"line":146,"column":null}},"39":{"start":{"line":145,"column":6},"end":{"line":145,"column":null}},"40":{"start":{"line":147,"column":4},"end":{"line":147,"column":null}},"41":{"start":{"line":149,"column":4},"end":{"line":151,"column":null}},"42":{"start":{"line":150,"column":6},"end":{"line":150,"column":null}},"43":{"start":{"line":152,"column":4},"end":{"line":154,"column":null}},"44":{"start":{"line":153,"column":6},"end":{"line":153,"column":null}},"45":{"start":{"line":155,"column":4},"end":{"line":157,"column":null}},"46":{"start":{"line":156,"column":6},"end":{"line":156,"column":null}},"47":{"start":{"line":159,"column":4},"end":{"line":159,"column":null}},"48":{"start":{"line":164,"column":17},"end":{"line":164,"column":36}},"49":{"start":{"line":165,"column":4},"end":{"line":165,"column":null}},"50":{"start":{"line":165,"column":35},"end":{"line":165,"column":87}},"51":{"start":{"line":170,"column":17},"end":{"line":170,"column":42}},"52":{"start":{"line":171,"column":17},"end":{"line":171,"column":42}},"53":{"start":{"line":172,"column":4},"end":{"line":172,"column":null}},"54":{"start":{"line":172,"column":24},"end":{"line":172,"column":null}},"55":{"start":{"line":174,"column":23},"end":{"line":178,"column":5}},"56":{"start":{"line":175,"column":17},"end":{"line":175,"column":43}},"57":{"start":{"line":175,"column":50},"end":{"line":175,"column":76}},"58":{"start":{"line":175,"column":83},"end":{"line":175,"column":109}},"59":{"start":{"line":176,"column":17},"end":{"line":176,"column":43}},"60":{"start":{"line":176,"column":50},"end":{"line":176,"column":76}},"61":{"start":{"line":176,"column":83},"end":{"line":176,"column":109}},"62":{"start":{"line":177,"column":6},"end":{"line":177,"column":null}},"63":{"start":{"line":180,"column":4},"end":{"line":180,"column":null}},"64":{"start":{"line":185,"column":16},"end":{"line":185,"column":26}},"65":{"start":{"line":186,"column":25},"end":{"line":186,"column":47}},"66":{"start":{"line":188,"column":4},"end":{"line":190,"column":null}},"67":{"start":{"line":189,"column":6},"end":{"line":189,"column":null}},"68":{"start":{"line":192,"column":24},"end":{"line":192,"column":44}},"69":{"start":{"line":193,"column":30},"end":{"line":193,"column":54}},"70":{"start":{"line":195,"column":4},"end":{"line":204,"column":null}},"71":{"start":{"line":196,"column":6},"end":{"line":199,"column":null}},"72":{"start":{"line":197,"column":8},"end":{"line":197,"column":null}},"73":{"start":{"line":198,"column":8},"end":{"line":198,"column":null}},"74":{"start":{"line":200,"column":6},"end":{"line":203,"column":null}},"75":{"start":{"line":201,"column":8},"end":{"line":201,"column":null}},"76":{"start":{"line":202,"column":8},"end":{"line":202,"column":null}},"77":{"start":{"line":206,"column":4},"end":{"line":210,"column":null}},"78":{"start":{"line":215,"column":4},"end":{"line":215,"column":null}},"79":{"start":{"line":216,"column":16},"end":{"line":216,"column":26}},"80":{"start":{"line":217,"column":22},"end":{"line":217,"column":112}},"81":{"start":{"line":218,"column":23},"end":{"line":218,"column":52}},"82":{"start":{"line":220,"column":20},"end":{"line":220,"column":73}},"83":{"start":{"line":221,"column":19},"end":{"line":221,"column":72}},"84":{"start":{"line":222,"column":26},"end":{"line":224,"column":110}},"85":{"start":{"line":227,"column":22},"end":{"line":227,"column":43}},"86":{"start":{"line":228,"column":4},"end":{"line":230,"column":null}},"87":{"start":{"line":229,"column":6},"end":{"line":229,"column":null}},"88":{"start":{"line":233,"column":20},"end":{"line":233,"column":25}},"89":{"start":{"line":234,"column":4},"end":{"line":244,"column":null}},"90":{"start":{"line":235,"column":22},"end":{"line":240,"column":14}},"91":{"start":{"line":236,"column":8},"end":{"line":239,"column":null}},"92":{"start":{"line":241,"column":6},"end":{"line":243,"column":null}},"93":{"start":{"line":242,"column":8},"end":{"line":242,"column":null}},"94":{"start":{"line":247,"column":4},"end":{"line":273,"column":null}},"95":{"start":{"line":248,"column":6},"end":{"line":248,"column":null}},"96":{"start":{"line":249,"column":22},"end":{"line":257,"column":7}},"97":{"start":{"line":259,"column":22},"end":{"line":259,"column":67}},"98":{"start":{"line":260,"column":26},"end":{"line":268,"column":7}},"99":{"start":{"line":269,"column":6},"end":{"line":271,"column":null}},"100":{"start":{"line":272,"column":6},"end":{"line":272,"column":null}},"101":{"start":{"line":276,"column":4},"end":{"line":306,"column":null}},"102":{"start":{"line":277,"column":22},"end":{"line":277,"column":62}},"103":{"start":{"line":278,"column":29},"end":{"line":280,"column":7}},"104":{"start":{"line":279,"column":8},"end":{"line":279,"column":null}},"105":{"start":{"line":281,"column":6},"end":{"line":293,"column":null}},"106":{"start":{"line":296,"column":21},"end":{"line":296,"column":69}},"107":{"start":{"line":297,"column":6},"end":{"line":304,"column":null}},"108":{"start":{"line":299,"column":8},"end":{"line":303,"column":null}},"109":{"start":{"line":305,"column":6},"end":{"line":305,"column":null}},"110":{"start":{"line":309,"column":4},"end":{"line":340,"column":null}},"111":{"start":{"line":310,"column":24},"end":{"line":317,"column":7}},"112":{"start":{"line":319,"column":22},"end":{"line":319,"column":62}},"113":{"start":{"line":320,"column":29},"end":{"line":322,"column":7}},"114":{"start":{"line":321,"column":8},"end":{"line":321,"column":null}},"115":{"start":{"line":323,"column":6},"end":{"line":323,"column":null}},"116":{"start":{"line":325,"column":6},"end":{"line":338,"column":null}},"117":{"start":{"line":339,"column":6},"end":{"line":339,"column":null}},"118":{"start":{"line":343,"column":4},"end":{"line":353,"column":null}},"119":{"start":{"line":344,"column":22},"end":{"line":344,"column":62}},"120":{"start":{"line":345,"column":29},"end":{"line":349,"column":8}},"121":{"start":{"line":346,"column":8},"end":{"line":346,"column":null}},"122":{"start":{"line":346,"column":41},"end":{"line":346,"column":null}},"123":{"start":{"line":347,"column":8},"end":{"line":347,"column":null}},"124":{"start":{"line":347,"column":48},"end":{"line":347,"column":null}},"125":{"start":{"line":348,"column":8},"end":{"line":348,"column":null}},"126":{"start":{"line":350,"column":6},"end":{"line":352,"column":null}},"127":{"start":{"line":356,"column":19},"end":{"line":356,"column":42}},"128":{"start":{"line":357,"column":4},"end":{"line":360,"column":null}},"129":{"start":{"line":358,"column":6},"end":{"line":359,"column":null}},"130":{"start":{"line":358,"column":39},"end":{"line":358,"column":null}},"131":{"start":{"line":359,"column":11},"end":{"line":359,"column":null}},"132":{"start":{"line":359,"column":44},"end":{"line":359,"column":null}},"133":{"start":{"line":363,"column":21},"end":{"line":373,"column":5}},"134":{"start":{"line":375,"column":21},"end":{"line":379,"column":5}},"135":{"start":{"line":381,"column":4},"end":{"line":381,"column":null}},"136":{"start":{"line":384,"column":4},"end":{"line":393,"column":null}},"137":{"start":{"line":385,"column":6},"end":{"line":392,"column":null}},"138":{"start":{"line":386,"column":8},"end":{"line":391,"column":null}},"139":{"start":{"line":396,"column":4},"end":{"line":406,"column":null}},"140":{"start":{"line":397,"column":6},"end":{"line":405,"column":null}},"141":{"start":{"line":398,"column":8},"end":{"line":404,"column":null}},"142":{"start":{"line":399,"column":10},"end":{"line":403,"column":null}},"143":{"start":{"line":411,"column":4},"end":{"line":411,"column":null}},"144":{"start":{"line":412,"column":19},"end":{"line":414,"column":5}},"145":{"start":{"line":413,"column":6},"end":{"line":413,"column":null}},"146":{"start":{"line":417,"column":26},"end":{"line":417,"column":60}},"147":{"start":{"line":417,"column":43},"end":{"line":417,"column":59}},"148":{"start":{"line":418,"column":19},"end":{"line":418,"column":42}},"149":{"start":{"line":419,"column":4},"end":{"line":422,"column":null}},"150":{"start":{"line":420,"column":6},"end":{"line":421,"column":null}},"151":{"start":{"line":420,"column":43},"end":{"line":420,"column":null}},"152":{"start":{"line":421,"column":11},"end":{"line":421,"column":null}},"153":{"start":{"line":421,"column":48},"end":{"line":421,"column":null}},"154":{"start":{"line":424,"column":21},"end":{"line":432,"column":5}},"155":{"start":{"line":434,"column":4},"end":{"line":434,"column":null}},"156":{"start":{"line":439,"column":23},"end":{"line":439,"column":70}},"157":{"start":{"line":441,"column":24},"end":{"line":449,"column":5}},"158":{"start":{"line":451,"column":4},"end":{"line":456,"column":null}},"159":{"start":{"line":460,"column":21},"end":{"line":460,"column":97}},"160":{"start":{"line":461,"column":16},"end":{"line":461,"column":41}},"161":{"start":{"line":462,"column":4},"end":{"line":462,"column":null}},"162":{"start":{"line":466,"column":16},"end":{"line":470,"column":5}},"163":{"start":{"line":471,"column":4},"end":{"line":471,"column":null}},"164":{"start":{"line":476,"column":4},"end":{"line":476,"column":null}},"165":{"start":{"line":477,"column":20},"end":{"line":477,"column":55}},"166":{"start":{"line":478,"column":19},"end":{"line":478,"column":54}},"167":{"start":{"line":480,"column":26},"end":{"line":480,"column":56}},"168":{"start":{"line":481,"column":4},"end":{"line":481,"column":null}},"169":{"start":{"line":481,"column":16},"end":{"line":481,"column":null}},"170":{"start":{"line":483,"column":20},"end":{"line":483,"column":59}},"171":{"start":{"line":484,"column":24},"end":{"line":489,"column":5}},"172":{"start":{"line":488,"column":54},"end":{"line":488,"column":72}},"173":{"start":{"line":491,"column":31},"end":{"line":491,"column":83}},"174":{"start":{"line":493,"column":17},"end":{"line":495,"column":62}},"175":{"start":{"line":497,"column":18},"end":{"line":505,"column":5}},"176":{"start":{"line":508,"column":26},"end":{"line":508,"column":75}},"177":{"start":{"line":508,"column":57},"end":{"line":508,"column":74}},"178":{"start":{"line":509,"column":26},"end":{"line":509,"column":75}},"179":{"start":{"line":509,"column":57},"end":{"line":509,"column":74}},"180":{"start":{"line":510,"column":23},"end":{"line":510,"column":87}},"181":{"start":{"line":512,"column":4},"end":{"line":517,"column":null}},"182":{"start":{"line":521,"column":21},"end":{"line":521,"column":56}},"183":{"start":{"line":524,"column":22},"end":{"line":524,"column":60}},"184":{"start":{"line":524,"column":44},"end":{"line":524,"column":52}},"185":{"start":{"line":525,"column":22},"end":{"line":525,"column":60}},"186":{"start":{"line":525,"column":44},"end":{"line":525,"column":52}},"187":{"start":{"line":526,"column":26},"end":{"line":526,"column":53}},"188":{"start":{"line":527,"column":26},"end":{"line":527,"column":53}},"189":{"start":{"line":529,"column":4},"end":{"line":529,"column":null}},"190":{"start":{"line":529,"column":48},"end":{"line":529,"column":null}},"191":{"start":{"line":530,"column":4},"end":{"line":530,"column":null}},"192":{"start":{"line":530,"column":47},"end":{"line":530,"column":null}},"193":{"start":{"line":531,"column":4},"end":{"line":531,"column":null}},"194":{"start":{"line":531,"column":47},"end":{"line":531,"column":null}},"195":{"start":{"line":534,"column":4},"end":{"line":536,"column":null}},"196":{"start":{"line":535,"column":6},"end":{"line":535,"column":37}},"197":{"start":{"line":539,"column":4},"end":{"line":541,"column":null}},"198":{"start":{"line":540,"column":6},"end":{"line":540,"column":null}},"199":{"start":{"line":543,"column":4},"end":{"line":543,"column":null}},"200":{"start":{"line":548,"column":4},"end":{"line":548,"column":null}},"201":{"start":{"line":549,"column":21},"end":{"line":557,"column":5}},"202":{"start":{"line":558,"column":4},"end":{"line":563,"column":null}},"203":{"start":{"line":568,"column":4},"end":{"line":568,"column":null}},"204":{"start":{"line":569,"column":4},"end":{"line":588,"column":null}},"205":{"start":{"line":589,"column":4},"end":{"line":589,"column":null}},"206":{"start":{"line":590,"column":4},"end":{"line":590,"column":null}},"207":{"start":{"line":595,"column":4},"end":{"line":599,"column":null}},"208":{"start":{"line":596,"column":6},"end":{"line":596,"column":null}},"209":{"start":{"line":597,"column":6},"end":{"line":597,"column":null}},"210":{"start":{"line":598,"column":6},"end":{"line":598,"column":null}},"211":{"start":{"line":600,"column":4},"end":{"line":600,"column":null}},"212":{"start":{"line":605,"column":4},"end":{"line":605,"column":null}},"213":{"start":{"line":610,"column":16},"end":{"line":610,"column":61}},"214":{"start":{"line":611,"column":4},"end":{"line":611,"column":null}},"215":{"start":{"line":616,"column":4},"end":{"line":616,"column":null}},"216":{"start":{"line":621,"column":18},"end":{"line":621,"column":28}},"217":{"start":{"line":622,"column":19},"end":{"line":622,"column":66}},"218":{"start":{"line":622,"column":52},"end":{"line":622,"column":65}},"219":{"start":{"line":624,"column":18},"end":{"line":624,"column":55}},"220":{"start":{"line":624,"column":37},"end":{"line":624,"column":54}},"221":{"start":{"line":625,"column":20},"end":{"line":625,"column":64}},"222":{"start":{"line":625,"column":39},"end":{"line":625,"column":63}},"223":{"start":{"line":626,"column":17},"end":{"line":626,"column":58}},"224":{"start":{"line":626,"column":36},"end":{"line":626,"column":57}},"225":{"start":{"line":627,"column":17},"end":{"line":627,"column":62}},"226":{"start":{"line":627,"column":36},"end":{"line":627,"column":61}},"227":{"start":{"line":628,"column":19},"end":{"line":628,"column":143}},"228":{"start":{"line":628,"column":38},"end":{"line":628,"column":142}},"229":{"start":{"line":630,"column":17},"end":{"line":630,"column":43}},"230":{"start":{"line":631,"column":4},"end":{"line":631,"column":null}},"231":{"start":{"line":632,"column":4},"end":{"line":632,"column":null}},"232":{"start":{"line":633,"column":4},"end":{"line":633,"column":null}},"233":{"start":{"line":634,"column":4},"end":{"line":634,"column":null}},"234":{"start":{"line":636,"column":4},"end":{"line":636,"column":null}},"235":{"start":{"line":638,"column":4},"end":{"line":642,"column":null}},"236":{"start":{"line":639,"column":6},"end":{"line":639,"column":null}},"237":{"start":{"line":640,"column":6},"end":{"line":640,"column":null}},"238":{"start":{"line":640,"column":27},"end":{"line":640,"column":75}},"239":{"start":{"line":641,"column":6},"end":{"line":641,"column":null}},"240":{"start":{"line":644,"column":4},"end":{"line":648,"column":null}},"241":{"start":{"line":645,"column":6},"end":{"line":645,"column":null}},"242":{"start":{"line":646,"column":6},"end":{"line":646,"column":null}},"243":{"start":{"line":646,"column":29},"end":{"line":646,"column":77}},"244":{"start":{"line":647,"column":6},"end":{"line":647,"column":null}},"245":{"start":{"line":650,"column":4},"end":{"line":654,"column":null}},"246":{"start":{"line":651,"column":6},"end":{"line":651,"column":null}},"247":{"start":{"line":652,"column":6},"end":{"line":652,"column":null}},"248":{"start":{"line":652,"column":26},"end":{"line":652,"column":74}},"249":{"start":{"line":653,"column":6},"end":{"line":653,"column":null}},"250":{"start":{"line":656,"column":4},"end":{"line":660,"column":null}},"251":{"start":{"line":657,"column":6},"end":{"line":657,"column":null}},"252":{"start":{"line":658,"column":6},"end":{"line":658,"column":null}},"253":{"start":{"line":658,"column":26},"end":{"line":658,"column":74}},"254":{"start":{"line":659,"column":6},"end":{"line":659,"column":null}},"255":{"start":{"line":662,"column":4},"end":{"line":666,"column":null}},"256":{"start":{"line":663,"column":6},"end":{"line":663,"column":null}},"257":{"start":{"line":664,"column":6},"end":{"line":664,"column":null}},"258":{"start":{"line":664,"column":38},"end":{"line":664,"column":93}},"259":{"start":{"line":665,"column":6},"end":{"line":665,"column":null}},"260":{"start":{"line":668,"column":4},"end":{"line":671,"column":null}},"261":{"start":{"line":669,"column":6},"end":{"line":669,"column":null}},"262":{"start":{"line":670,"column":6},"end":{"line":670,"column":null}},"263":{"start":{"line":670,"column":28},"end":{"line":670,"column":76}},"264":{"start":{"line":673,"column":4},"end":{"line":673,"column":null}},"265":{"start":{"line":678,"column":16},"end":{"line":678,"column":26}},"266":{"start":{"line":679,"column":22},"end":{"line":679,"column":112}},"267":{"start":{"line":680,"column":19},"end":{"line":680,"column":48}},"268":{"start":{"line":682,"column":17},"end":{"line":688,"column":5}},"269":{"start":{"line":690,"column":4},"end":{"line":692,"column":null}},"270":{"start":{"line":690,"column":27},"end":{"line":692,"column":5}},"271":{"start":{"line":696,"column":4},"end":{"line":698,"column":null}},"272":{"start":{"line":696,"column":27},"end":{"line":698,"column":5}},"273":{"start":{"line":697,"column":54},"end":{"line":697,"column":65}},"274":{"start":{"line":702,"column":24},"end":{"line":702,"column":41}},"275":{"start":{"line":703,"column":4},"end":{"line":705,"column":null}},"276":{"start":{"line":709,"column":25},"end":{"line":709,"column":86}},"277":{"start":{"line":710,"column":20},"end":{"line":710,"column":27}},"278":{"start":{"line":711,"column":22},"end":{"line":721,"column":5}},"279":{"start":{"line":724,"column":4},"end":{"line":724,"column":null}},"280":{"start":{"line":727,"column":21},"end":{"line":727,"column":62}},"281":{"start":{"line":728,"column":4},"end":{"line":728,"column":null}},"282":{"start":{"line":730,"column":4},"end":{"line":730,"column":null}},"283":{"start":{"line":730,"column":52},"end":{"line":730,"column":56}},"284":{"start":{"line":731,"column":4},"end":{"line":731,"column":null}},"285":{"start":{"line":735,"column":18},"end":{"line":735,"column":64}},"286":{"start":{"line":736,"column":4},"end":{"line":744,"column":null}},"287":{"start":{"line":737,"column":6},"end":{"line":743,"column":null}},"288":{"start":{"line":738,"column":8},"end":{"line":738,"column":null}},"289":{"start":{"line":739,"column":8},"end":{"line":739,"column":null}},"290":{"start":{"line":740,"column":8},"end":{"line":740,"column":null}},"291":{"start":{"line":742,"column":8},"end":{"line":742,"column":null}},"292":{"start":{"line":745,"column":4},"end":{"line":745,"column":null}},"293":{"start":{"line":749,"column":4},"end":{"line":749,"column":null}},"294":{"start":{"line":750,"column":18},"end":{"line":750,"column":79}},"295":{"start":{"line":751,"column":21},"end":{"line":751,"column":56}},"296":{"start":{"line":751,"column":39},"end":{"line":751,"column":55}},"297":{"start":{"line":752,"column":4},"end":{"line":752,"column":null}},"298":{"start":{"line":753,"column":4},"end":{"line":753,"column":null}},"299":{"start":{"line":753,"column":52},"end":{"line":753,"column":56}},"300":{"start":{"line":758,"column":14},"end":{"line":758,"column":127}},"301":{"start":{"line":758,"column":20},"end":{"line":758,"column":127}},"302":{"start":{"line":760,"column":19},"end":{"line":760,"column":35}}},"fnMap":{"0":{"name":"(anonymous_0)","decl":{"start":{"line":7,"column":2},"end":{"line":7,"column":13}},"loc":{"start":{"line":7,"column":16},"end":{"line":55,"column":null}},"line":7},"1":{"name":"(anonymous_1)","decl":{"start":{"line":57,"column":2},"end":{"line":57,"column":11}},"loc":{"start":{"line":57,"column":22},"end":{"line":60,"column":null}},"line":57},"2":{"name":"(anonymous_2)","decl":{"start":{"line":59,"column":11},"end":{"line":59,"column":12}},"loc":{"start":{"line":59,"column":17},"end":{"line":59,"column":81}},"line":59},"3":{"name":"(anonymous_3)","decl":{"start":{"line":59,"column":58},"end":{"line":59,"column":59}},"loc":{"start":{"line":59,"column":63},"end":{"line":59,"column":77}},"line":59},"4":{"name":"(anonymous_4)","decl":{"start":{"line":62,"column":2},"end":{"line":62,"column":8}},"loc":{"start":{"line":62,"column":11},"end":{"line":64,"column":null}},"line":62},"5":{"name":"(anonymous_5)","decl":{"start":{"line":63,"column":27},"end":{"line":63,"column":35}},"loc":{"start":{"line":63,"column":39},"end":{"line":63,"column":59}},"line":63},"6":{"name":"(anonymous_6)","decl":{"start":{"line":66,"column":2},"end":{"line":66,"column":6}},"loc":{"start":{"line":66,"column":9},"end":{"line":71,"column":null}},"line":66},"7":{"name":"(anonymous_7)","decl":{"start":{"line":73,"column":2},"end":{"line":73,"column":10}},"loc":{"start":{"line":73,"column":13},"end":{"line":73,"column":null}},"line":73},"8":{"name":"(anonymous_8)","decl":{"start":{"line":75,"column":2},"end":{"line":75,"column":10}},"loc":{"start":{"line":75,"column":20},"end":{"line":82,"column":null}},"line":75},"9":{"name":"(anonymous_9)","decl":{"start":{"line":84,"column":2},"end":{"line":84,"column":15}},"loc":{"start":{"line":84,"column":18},"end":{"line":86,"column":null}},"line":84},"10":{"name":"(anonymous_10)","decl":{"start":{"line":89,"column":2},"end":{"line":89,"column":17}},"loc":{"start":{"line":89,"column":24},"end":{"line":117,"column":null}},"line":89},"11":{"name":"(anonymous_11)","decl":{"start":{"line":120,"column":2},"end":{"line":120,"column":12}},"loc":{"start":{"line":120,"column":31},"end":{"line":123,"column":null}},"line":120},"12":{"name":"(anonymous_12)","decl":{"start":{"line":122,"column":30},"end":{"line":122,"column":31}},"loc":{"start":{"line":122,"column":35},"end":{"line":122,"column":52}},"line":122},"13":{"name":"(anonymous_13)","decl":{"start":{"line":125,"column":2},"end":{"line":125,"column":18}},"loc":{"start":{"line":125,"column":27},"end":{"line":128,"column":null}},"line":125},"14":{"name":"(anonymous_14)","decl":{"start":{"line":130,"column":2},"end":{"line":130,"column":26}},"loc":{"start":{"line":130,"column":64},"end":{"line":160,"column":null}},"line":130},"15":{"name":"(anonymous_15)","decl":{"start":{"line":163,"column":2},"end":{"line":163,"column":24}},"loc":{"start":{"line":163,"column":34},"end":{"line":166,"column":null}},"line":163},"16":{"name":"(anonymous_16)","decl":{"start":{"line":165,"column":30},"end":{"line":165,"column":31}},"loc":{"start":{"line":165,"column":35},"end":{"line":165,"column":87}},"line":165},"17":{"name":"(anonymous_17)","decl":{"start":{"line":169,"column":2},"end":{"line":169,"column":21}},"loc":{"start":{"line":169,"column":24},"end":{"line":181,"column":null}},"line":169},"18":{"name":"(anonymous_18)","decl":{"start":{"line":174,"column":23},"end":{"line":174,"column":24}},"loc":{"start":{"line":174,"column":35},"end":{"line":178,"column":5}},"line":174},"19":{"name":"(anonymous_19)","decl":{"start":{"line":184,"column":2},"end":{"line":184,"column":23}},"loc":{"start":{"line":184,"column":26},"end":{"line":211,"column":null}},"line":184},"20":{"name":"(anonymous_20)","decl":{"start":{"line":214,"column":2},"end":{"line":214,"column":10}},"loc":{"start":{"line":214,"column":22},"end":{"line":407,"column":null}},"line":214},"21":{"name":"(anonymous_21)","decl":{"start":{"line":235,"column":55},"end":{"line":235,"column":56}},"loc":{"start":{"line":236,"column":8},"end":{"line":239,"column":null}},"line":236},"22":{"name":"(anonymous_22)","decl":{"start":{"line":278,"column":41},"end":{"line":278,"column":42}},"loc":{"start":{"line":279,"column":8},"end":{"line":279,"column":null}},"line":279},"23":{"name":"(anonymous_23)","decl":{"start":{"line":320,"column":41},"end":{"line":320,"column":42}},"loc":{"start":{"line":321,"column":8},"end":{"line":321,"column":null}},"line":321},"24":{"name":"(anonymous_24)","decl":{"start":{"line":345,"column":41},"end":{"line":345,"column":42}},"loc":{"start":{"line":345,"column":46},"end":{"line":349,"column":7}},"line":345},"25":{"name":"(anonymous_25)","decl":{"start":{"line":385,"column":17},"end":{"line":385,"column":18}},"loc":{"start":{"line":385,"column":23},"end":{"line":392,"column":7}},"line":385},"26":{"name":"(anonymous_26)","decl":{"start":{"line":398,"column":19},"end":{"line":398,"column":20}},"loc":{"start":{"line":398,"column":25},"end":{"line":404,"column":9}},"line":398},"27":{"name":"(anonymous_27)","decl":{"start":{"line":410,"column":2},"end":{"line":410,"column":12}},"loc":{"start":{"line":410,"column":22},"end":{"line":435,"column":null}},"line":410},"28":{"name":"(anonymous_28)","decl":{"start":{"line":412,"column":41},"end":{"line":412,"column":42}},"loc":{"start":{"line":413,"column":6},"end":{"line":413,"column":null}},"line":413},"29":{"name":"(anonymous_29)","decl":{"start":{"line":417,"column":38},"end":{"line":417,"column":39}},"loc":{"start":{"line":417,"column":43},"end":{"line":417,"column":59}},"line":417},"30":{"name":"(anonymous_30)","decl":{"start":{"line":438,"column":2},"end":{"line":438,"column":15}},"loc":{"start":{"line":438,"column":24},"end":{"line":457,"column":null}},"line":438},"31":{"name":"(anonymous_31)","decl":{"start":{"line":459,"column":2},"end":{"line":459,"column":15}},"loc":{"start":{"line":459,"column":25},"end":{"line":463,"column":null}},"line":459},"32":{"name":"(anonymous_32)","decl":{"start":{"line":465,"column":2},"end":{"line":465,"column":18}},"loc":{"start":{"line":465,"column":22},"end":{"line":472,"column":null}},"line":465},"33":{"name":"(anonymous_33)","decl":{"start":{"line":475,"column":2},"end":{"line":475,"column":17}},"loc":{"start":{"line":475,"column":34},"end":{"line":518,"column":null}},"line":475},"34":{"name":"(anonymous_34)","decl":{"start":{"line":488,"column":49},"end":{"line":488,"column":50}},"loc":{"start":{"line":488,"column":54},"end":{"line":488,"column":72}},"line":488},"35":{"name":"(anonymous_35)","decl":{"start":{"line":508,"column":52},"end":{"line":508,"column":53}},"loc":{"start":{"line":508,"column":57},"end":{"line":508,"column":74}},"line":508},"36":{"name":"(anonymous_36)","decl":{"start":{"line":509,"column":52},"end":{"line":509,"column":53}},"loc":{"start":{"line":509,"column":57},"end":{"line":509,"column":74}},"line":509},"37":{"name":"(anonymous_37)","decl":{"start":{"line":520,"column":2},"end":{"line":520,"column":31}},"loc":{"start":{"line":520,"column":54},"end":{"line":544,"column":null}},"line":520},"38":{"name":"(anonymous_38)","decl":{"start":{"line":524,"column":39},"end":{"line":524,"column":40}},"loc":{"start":{"line":524,"column":44},"end":{"line":524,"column":52}},"line":524},"39":{"name":"(anonymous_39)","decl":{"start":{"line":525,"column":39},"end":{"line":525,"column":40}},"loc":{"start":{"line":525,"column":44},"end":{"line":525,"column":52}},"line":525},"40":{"name":"(anonymous_40)","decl":{"start":{"line":547,"column":2},"end":{"line":547,"column":21}},"loc":{"start":{"line":547,"column":24},"end":{"line":564,"column":null}},"line":547},"41":{"name":"(anonymous_41)","decl":{"start":{"line":567,"column":2},"end":{"line":567,"column":13}},"loc":{"start":{"line":567,"column":16},"end":{"line":591,"column":null}},"line":567},"42":{"name":"(anonymous_42)","decl":{"start":{"line":594,"column":2},"end":{"line":594,"column":6}},"loc":{"start":{"line":594,"column":9},"end":{"line":601,"column":null}},"line":594},"43":{"name":"(anonymous_43)","decl":{"start":{"line":604,"column":2},"end":{"line":604,"column":18}},"loc":{"start":{"line":604,"column":28},"end":{"line":606,"column":null}},"line":604},"44":{"name":"(anonymous_44)","decl":{"start":{"line":609,"column":2},"end":{"line":609,"column":11}},"loc":{"start":{"line":609,"column":31},"end":{"line":612,"column":null}},"line":609},"45":{"name":"(anonymous_45)","decl":{"start":{"line":615,"column":2},"end":{"line":615,"column":17}},"loc":{"start":{"line":615,"column":20},"end":{"line":617,"column":null}},"line":615},"46":{"name":"(anonymous_46)","decl":{"start":{"line":620,"column":2},"end":{"line":620,"column":26}},"loc":{"start":{"line":620,"column":29},"end":{"line":674,"column":null}},"line":620},"47":{"name":"(anonymous_47)","decl":{"start":{"line":622,"column":47},"end":{"line":622,"column":48}},"loc":{"start":{"line":622,"column":52},"end":{"line":622,"column":65}},"line":622},"48":{"name":"(anonymous_48)","decl":{"start":{"line":624,"column":32},"end":{"line":624,"column":33}},"loc":{"start":{"line":624,"column":37},"end":{"line":624,"column":54}},"line":624},"49":{"name":"(anonymous_49)","decl":{"start":{"line":625,"column":34},"end":{"line":625,"column":35}},"loc":{"start":{"line":625,"column":39},"end":{"line":625,"column":63}},"line":625},"50":{"name":"(anonymous_50)","decl":{"start":{"line":626,"column":31},"end":{"line":626,"column":32}},"loc":{"start":{"line":626,"column":36},"end":{"line":626,"column":57}},"line":626},"51":{"name":"(anonymous_51)","decl":{"start":{"line":627,"column":31},"end":{"line":627,"column":32}},"loc":{"start":{"line":627,"column":36},"end":{"line":627,"column":61}},"line":627},"52":{"name":"(anonymous_52)","decl":{"start":{"line":628,"column":33},"end":{"line":628,"column":34}},"loc":{"start":{"line":628,"column":38},"end":{"line":628,"column":142}},"line":628},"53":{"name":"(anonymous_53)","decl":{"start":{"line":640,"column":20},"end":{"line":640,"column":21}},"loc":{"start":{"line":640,"column":25},"end":{"line":640,"column":77}},"line":640},"54":{"name":"(anonymous_54)","decl":{"start":{"line":646,"column":22},"end":{"line":646,"column":23}},"loc":{"start":{"line":646,"column":27},"end":{"line":646,"column":79}},"line":646},"55":{"name":"(anonymous_55)","decl":{"start":{"line":652,"column":19},"end":{"line":652,"column":20}},"loc":{"start":{"line":652,"column":24},"end":{"line":652,"column":76}},"line":652},"56":{"name":"(anonymous_56)","decl":{"start":{"line":658,"column":19},"end":{"line":658,"column":20}},"loc":{"start":{"line":658,"column":24},"end":{"line":658,"column":76}},"line":658},"57":{"name":"(anonymous_57)","decl":{"start":{"line":664,"column":31},"end":{"line":664,"column":32}},"loc":{"start":{"line":664,"column":36},"end":{"line":664,"column":95}},"line":664},"58":{"name":"(anonymous_58)","decl":{"start":{"line":670,"column":21},"end":{"line":670,"column":22}},"loc":{"start":{"line":670,"column":26},"end":{"line":670,"column":78}},"line":670},"59":{"name":"(anonymous_59)","decl":{"start":{"line":677,"column":2},"end":{"line":677,"column":14}},"loc":{"start":{"line":677,"column":21},"end":{"line":693,"column":null}},"line":677},"60":{"name":"(anonymous_60)","decl":{"start":{"line":690,"column":18},"end":{"line":690,"column":22}},"loc":{"start":{"line":690,"column":27},"end":{"line":692,"column":5}},"line":690},"61":{"name":"(anonymous_61)","decl":{"start":{"line":695,"column":2},"end":{"line":695,"column":17}},"loc":{"start":{"line":695,"column":22},"end":{"line":699,"column":null}},"line":695},"62":{"name":"(anonymous_62)","decl":{"start":{"line":696,"column":18},"end":{"line":696,"column":22}},"loc":{"start":{"line":696,"column":27},"end":{"line":698,"column":5}},"line":696},"63":{"name":"(anonymous_63)","decl":{"start":{"line":697,"column":49},"end":{"line":697,"column":50}},"loc":{"start":{"line":697,"column":54},"end":{"line":697,"column":65}},"line":697},"64":{"name":"(anonymous_64)","decl":{"start":{"line":701,"column":2},"end":{"line":701,"column":18}},"loc":{"start":{"line":701,"column":32},"end":{"line":706,"column":null}},"line":701},"65":{"name":"(anonymous_65)","decl":{"start":{"line":708,"column":2},"end":{"line":708,"column":20}},"loc":{"start":{"line":708,"column":23},"end":{"line":732,"column":null}},"line":708},"66":{"name":"(anonymous_66)","decl":{"start":{"line":730,"column":47},"end":{"line":730,"column":48}},"loc":{"start":{"line":730,"column":52},"end":{"line":730,"column":56}},"line":730},"67":{"name":"(anonymous_67)","decl":{"start":{"line":734,"column":2},"end":{"line":734,"column":22}},"loc":{"start":{"line":734,"column":32},"end":{"line":746,"column":null}},"line":734},"68":{"name":"(anonymous_68)","decl":{"start":{"line":748,"column":2},"end":{"line":748,"column":24}},"loc":{"start":{"line":748,"column":34},"end":{"line":754,"column":null}},"line":748},"69":{"name":"(anonymous_69)","decl":{"start":{"line":751,"column":34},"end":{"line":751,"column":35}},"loc":{"start":{"line":751,"column":39},"end":{"line":751,"column":55}},"line":751},"70":{"name":"(anonymous_70)","decl":{"start":{"line":753,"column":47},"end":{"line":753,"column":48}},"loc":{"start":{"line":753,"column":52},"end":{"line":753,"column":56}},"line":753},"71":{"name":"(anonymous_71)","decl":{"start":{"line":758,"column":14},"end":{"line":758,"column":15}},"loc":{"start":{"line":758,"column":20},"end":{"line":758,"column":127}},"line":758}},"branchMap":{"0":{"loc":{"start":{"line":41,"column":4},"end":{"line":51,"column":null}},"type":"if","locations":[{"start":{"line":41,"column":4},"end":{"line":51,"column":null}},{"start":{"line":49,"column":11},"end":{"line":51,"column":null}}],"line":41},"1":{"loc":{"start":{"line":67,"column":4},"end":{"line":69,"column":null}},"type":"if","locations":[{"start":{"line":67,"column":4},"end":{"line":69,"column":null}},{"start":{},"end":{}}],"line":67},"2":{"loc":{"start":{"line":76,"column":4},"end":{"line":80,"column":null}},"type":"if","locations":[{"start":{"line":76,"column":4},"end":{"line":80,"column":null}},{"start":{"line":78,"column":11},"end":{"line":80,"column":null}}],"line":76},"3":{"loc":{"start":{"line":116,"column":11},"end":{"line":116,"column":28}},"type":"binary-expr","locations":[{"start":{"line":116,"column":11},"end":{"line":116,"column":20}},{"start":{"line":116,"column":24},"end":{"line":116,"column":28}}],"line":116},"4":{"loc":{"start":{"line":121,"column":17},"end":{"line":121,"column":78}},"type":"cond-expr","locations":[{"start":{"line":121,"column":37},"end":{"line":121,"column":56}},{"start":{"line":121,"column":59},"end":{"line":121,"column":78}}],"line":121},"5":{"loc":{"start":{"line":122,"column":11},"end":{"line":122,"column":61}},"type":"binary-expr","locations":[{"start":{"line":122,"column":11},"end":{"line":122,"column":53}},{"start":{"line":122,"column":57},"end":{"line":122,"column":61}}],"line":122},"6":{"loc":{"start":{"line":126,"column":17},"end":{"line":126,"column":78}},"type":"cond-expr","locations":[{"start":{"line":126,"column":37},"end":{"line":126,"column":56}},{"start":{"line":126,"column":59},"end":{"line":126,"column":78}}],"line":126},"7":{"loc":{"start":{"line":127,"column":11},"end":{"line":127,"column":64}},"type":"binary-expr","locations":[{"start":{"line":127,"column":11},"end":{"line":127,"column":25}},{"start":{"line":127,"column":30},"end":{"line":127,"column":63}}],"line":127},"8":{"loc":{"start":{"line":127,"column":30},"end":{"line":127,"column":63}},"type":"cond-expr","locations":[{"start":{"line":127,"column":50},"end":{"line":127,"column":55}},{"start":{"line":127,"column":58},"end":{"line":127,"column":63}}],"line":127},"9":{"loc":{"start":{"line":141,"column":17},"end":{"line":141,"column":35}},"type":"binary-expr","locations":[{"start":{"line":141,"column":17},"end":{"line":141,"column":28}},{"start":{"line":141,"column":32},"end":{"line":141,"column":35}}],"line":141},"10":{"loc":{"start":{"line":144,"column":4},"end":{"line":146,"column":null}},"type":"if","locations":[{"start":{"line":144,"column":4},"end":{"line":146,"column":null}},{"start":{},"end":{}}],"line":144},"11":{"loc":{"start":{"line":149,"column":4},"end":{"line":151,"column":null}},"type":"if","locations":[{"start":{"line":149,"column":4},"end":{"line":151,"column":null}},{"start":{},"end":{}}],"line":149},"12":{"loc":{"start":{"line":149,"column":8},"end":{"line":149,"column":48}},"type":"binary-expr","locations":[{"start":{"line":149,"column":8},"end":{"line":149,"column":31}},{"start":{"line":149,"column":35},"end":{"line":149,"column":48}}],"line":149},"13":{"loc":{"start":{"line":152,"column":4},"end":{"line":154,"column":null}},"type":"if","locations":[{"start":{"line":152,"column":4},"end":{"line":154,"column":null}},{"start":{},"end":{}}],"line":152},"14":{"loc":{"start":{"line":152,"column":8},"end":{"line":152,"column":43}},"type":"binary-expr","locations":[{"start":{"line":152,"column":8},"end":{"line":152,"column":33}},{"start":{"line":152,"column":37},"end":{"line":152,"column":43}}],"line":152},"15":{"loc":{"start":{"line":155,"column":4},"end":{"line":157,"column":null}},"type":"if","locations":[{"start":{"line":155,"column":4},"end":{"line":157,"column":null}},{"start":{},"end":{}}],"line":155},"16":{"loc":{"start":{"line":165,"column":11},"end":{"line":165,"column":97}},"type":"binary-expr","locations":[{"start":{"line":165,"column":11},"end":{"line":165,"column":88}},{"start":{"line":165,"column":92},"end":{"line":165,"column":97}}],"line":165},"17":{"loc":{"start":{"line":165,"column":35},"end":{"line":165,"column":87}},"type":"binary-expr","locations":[{"start":{"line":165,"column":35},"end":{"line":165,"column":46}},{"start":{"line":165,"column":50},"end":{"line":165,"column":64}},{"start":{"line":165,"column":68},"end":{"line":165,"column":87}}],"line":165},"18":{"loc":{"start":{"line":172,"column":4},"end":{"line":172,"column":null}},"type":"if","locations":[{"start":{"line":172,"column":4},"end":{"line":172,"column":null}},{"start":{},"end":{}}],"line":172},"19":{"loc":{"start":{"line":172,"column":8},"end":{"line":172,"column":22}},"type":"binary-expr","locations":[{"start":{"line":172,"column":8},"end":{"line":172,"column":13}},{"start":{"line":172,"column":17},"end":{"line":172,"column":22}}],"line":172},"20":{"loc":{"start":{"line":188,"column":4},"end":{"line":190,"column":null}},"type":"if","locations":[{"start":{"line":188,"column":4},"end":{"line":190,"column":null}},{"start":{},"end":{}}],"line":188},"21":{"loc":{"start":{"line":188,"column":8},"end":{"line":188,"column":57}},"type":"binary-expr","locations":[{"start":{"line":188,"column":8},"end":{"line":188,"column":28}},{"start":{"line":188,"column":32},"end":{"line":188,"column":57}}],"line":188},"22":{"loc":{"start":{"line":193,"column":30},"end":{"line":193,"column":54}},"type":"cond-expr","locations":[{"start":{"line":193,"column":44},"end":{"line":193,"column":48}},{"start":{"line":193,"column":51},"end":{"line":193,"column":54}}],"line":193},"23":{"loc":{"start":{"line":195,"column":4},"end":{"line":204,"column":null}},"type":"if","locations":[{"start":{"line":195,"column":4},"end":{"line":204,"column":null}},{"start":{},"end":{}}],"line":195},"24":{"loc":{"start":{"line":196,"column":6},"end":{"line":199,"column":null}},"type":"if","locations":[{"start":{"line":196,"column":6},"end":{"line":199,"column":null}},{"start":{},"end":{}}],"line":196},"25":{"loc":{"start":{"line":200,"column":6},"end":{"line":203,"column":null}},"type":"if","locations":[{"start":{"line":200,"column":6},"end":{"line":203,"column":null}},{"start":{},"end":{}}],"line":200},"26":{"loc":{"start":{"line":217,"column":48},"end":{"line":217,"column":111}},"type":"cond-expr","locations":[{"start":{"line":217,"column":76},"end":{"line":217,"column":107}},{"start":{"line":217,"column":110},"end":{"line":217,"column":111}}],"line":217},"27":{"loc":{"start":{"line":220,"column":20},"end":{"line":220,"column":73}},"type":"cond-expr","locations":[{"start":{"line":220,"column":50},"end":{"line":220,"column":60}},{"start":{"line":220,"column":63},"end":{"line":220,"column":73}}],"line":220},"28":{"loc":{"start":{"line":222,"column":26},"end":{"line":224,"column":110}},"type":"cond-expr","locations":[{"start":{"line":223,"column":8},"end":{"line":223,"column":null}},{"start":{"line":224,"column":9},"end":{"line":224,"column":109}}],"line":222},"29":{"loc":{"start":{"line":224,"column":9},"end":{"line":224,"column":109}},"type":"cond-expr","locations":[{"start":{"line":224,"column":35},"end":{"line":224,"column":102}},{"start":{"line":224,"column":105},"end":{"line":224,"column":109}}],"line":224},"30":{"loc":{"start":{"line":228,"column":4},"end":{"line":230,"column":null}},"type":"if","locations":[{"start":{"line":228,"column":4},"end":{"line":230,"column":null}},{"start":{},"end":{}}],"line":228},"31":{"loc":{"start":{"line":234,"column":4},"end":{"line":244,"column":null}},"type":"if","locations":[{"start":{"line":234,"column":4},"end":{"line":244,"column":null}},{"start":{},"end":{}}],"line":234},"32":{"loc":{"start":{"line":234,"column":8},"end":{"line":234,"column":50}},"type":"binary-expr","locations":[{"start":{"line":234,"column":8},"end":{"line":234,"column":40}},{"start":{"line":234,"column":44},"end":{"line":234,"column":50}}],"line":234},"33":{"loc":{"start":{"line":235,"column":23},"end":{"line":235,"column":46}},"type":"binary-expr","locations":[{"start":{"line":235,"column":23},"end":{"line":235,"column":40}},{"start":{"line":235,"column":44},"end":{"line":235,"column":46}}],"line":235},"34":{"loc":{"start":{"line":236,"column":8},"end":{"line":239,"column":null}},"type":"binary-expr","locations":[{"start":{"line":236,"column":8},"end":{"line":236,"column":37}},{"start":{"line":237,"column":8},"end":{"line":237,"column":41}},{"start":{"line":238,"column":8},"end":{"line":238,"column":32}},{"start":{"line":239,"column":8},"end":{"line":239,"column":null}}],"line":236},"35":{"loc":{"start":{"line":241,"column":6},"end":{"line":243,"column":null}},"type":"if","locations":[{"start":{"line":241,"column":6},"end":{"line":243,"column":null}},{"start":{},"end":{}}],"line":241},"36":{"loc":{"start":{"line":247,"column":4},"end":{"line":273,"column":null}},"type":"if","locations":[{"start":{"line":247,"column":4},"end":{"line":273,"column":null}},{"start":{},"end":{}}],"line":247},"37":{"loc":{"start":{"line":250,"column":12},"end":{"line":250,"column":119}},"type":"cond-expr","locations":[{"start":{"line":250,"column":32},"end":{"line":250,"column":51}},{"start":{"line":250,"column":54},"end":{"line":250,"column":119}}],"line":250},"38":{"loc":{"start":{"line":253,"column":16},"end":{"line":253,"column":66}},"type":"cond-expr","locations":[{"start":{"line":253,"column":52},"end":{"line":253,"column":53}},{"start":{"line":253,"column":56},"end":{"line":253,"column":66}}],"line":253},"39":{"loc":{"start":{"line":259,"column":22},"end":{"line":259,"column":67}},"type":"cond-expr","locations":[{"start":{"line":259,"column":52},"end":{"line":259,"column":58}},{"start":{"line":259,"column":61},"end":{"line":259,"column":67}}],"line":259},"40":{"loc":{"start":{"line":261,"column":12},"end":{"line":261,"column":119}},"type":"cond-expr","locations":[{"start":{"line":261,"column":32},"end":{"line":261,"column":51}},{"start":{"line":261,"column":54},"end":{"line":261,"column":119}}],"line":261},"41":{"loc":{"start":{"line":264,"column":16},"end":{"line":264,"column":66}},"type":"cond-expr","locations":[{"start":{"line":264,"column":52},"end":{"line":264,"column":53}},{"start":{"line":264,"column":56},"end":{"line":264,"column":66}}],"line":264},"42":{"loc":{"start":{"line":270,"column":43},"end":{"line":270,"column":66}},"type":"binary-expr","locations":[{"start":{"line":270,"column":43},"end":{"line":270,"column":60}},{"start":{"line":270,"column":64},"end":{"line":270,"column":66}}],"line":270},"43":{"loc":{"start":{"line":276,"column":4},"end":{"line":306,"column":null}},"type":"if","locations":[{"start":{"line":276,"column":4},"end":{"line":306,"column":null}},{"start":{},"end":{}}],"line":276},"44":{"loc":{"start":{"line":276,"column":8},"end":{"line":276,"column":65}},"type":"binary-expr","locations":[{"start":{"line":276,"column":8},"end":{"line":276,"column":43}},{"start":{"line":276,"column":47},"end":{"line":276,"column":65}}],"line":276},"45":{"loc":{"start":{"line":277,"column":27},"end":{"line":277,"column":60}},"type":"binary-expr","locations":[{"start":{"line":277,"column":27},"end":{"line":277,"column":54}},{"start":{"line":277,"column":58},"end":{"line":277,"column":60}}],"line":277},"46":{"loc":{"start":{"line":279,"column":8},"end":{"line":279,"column":null}},"type":"cond-expr","locations":[{"start":{"line":279,"column":38},"end":{"line":279,"column":62}},{"start":{"line":279,"column":65},"end":{"line":279,"column":null}}],"line":279},"47":{"loc":{"start":{"line":284,"column":14},"end":{"line":284,"column":121}},"type":"cond-expr","locations":[{"start":{"line":284,"column":34},"end":{"line":284,"column":53}},{"start":{"line":284,"column":56},"end":{"line":284,"column":121}}],"line":284},"48":{"loc":{"start":{"line":288,"column":18},"end":{"line":288,"column":68}},"type":"cond-expr","locations":[{"start":{"line":288,"column":54},"end":{"line":288,"column":55}},{"start":{"line":288,"column":58},"end":{"line":288,"column":68}}],"line":288},"49":{"loc":{"start":{"line":292,"column":15},"end":{"line":292,"column":38}},"type":"binary-expr","locations":[{"start":{"line":292,"column":15},"end":{"line":292,"column":32}},{"start":{"line":292,"column":36},"end":{"line":292,"column":38}}],"line":292},"50":{"loc":{"start":{"line":296,"column":21},"end":{"line":296,"column":69}},"type":"cond-expr","locations":[{"start":{"line":296,"column":46},"end":{"line":296,"column":56}},{"start":{"line":296,"column":59},"end":{"line":296,"column":69}}],"line":296},"51":{"loc":{"start":{"line":297,"column":6},"end":{"line":304,"column":null}},"type":"if","locations":[{"start":{"line":297,"column":6},"end":{"line":304,"column":null}},{"start":{},"end":{}}],"line":297},"52":{"loc":{"start":{"line":301,"column":18},"end":{"line":301,"column":63}},"type":"cond-expr","locations":[{"start":{"line":301,"column":48},"end":{"line":301,"column":54}},{"start":{"line":301,"column":57},"end":{"line":301,"column":63}}],"line":301},"53":{"loc":{"start":{"line":309,"column":4},"end":{"line":340,"column":null}},"type":"if","locations":[{"start":{"line":309,"column":4},"end":{"line":340,"column":null}},{"start":{},"end":{}}],"line":309},"54":{"loc":{"start":{"line":309,"column":8},"end":{"line":309,"column":90}},"type":"binary-expr","locations":[{"start":{"line":309,"column":8},"end":{"line":309,"column":41}},{"start":{"line":309,"column":45},"end":{"line":309,"column":63}},{"start":{"line":309,"column":67},"end":{"line":309,"column":90}}],"line":309},"55":{"loc":{"start":{"line":311,"column":12},"end":{"line":311,"column":119}},"type":"cond-expr","locations":[{"start":{"line":311,"column":32},"end":{"line":311,"column":51}},{"start":{"line":311,"column":54},"end":{"line":311,"column":119}}],"line":311},"56":{"loc":{"start":{"line":313,"column":16},"end":{"line":313,"column":46}},"type":"binary-expr","locations":[{"start":{"line":313,"column":16},"end":{"line":313,"column":41}},{"start":{"line":313,"column":45},"end":{"line":313,"column":46}}],"line":313},"57":{"loc":{"start":{"line":314,"column":18},"end":{"line":314,"column":53}},"type":"binary-expr","locations":[{"start":{"line":314,"column":18},"end":{"line":314,"column":45}},{"start":{"line":314,"column":49},"end":{"line":314,"column":53}}],"line":314},"58":{"loc":{"start":{"line":319,"column":27},"end":{"line":319,"column":60}},"type":"binary-expr","locations":[{"start":{"line":319,"column":27},"end":{"line":319,"column":54}},{"start":{"line":319,"column":58},"end":{"line":319,"column":60}}],"line":319},"59":{"loc":{"start":{"line":321,"column":8},"end":{"line":321,"column":null}},"type":"cond-expr","locations":[{"start":{"line":321,"column":38},"end":{"line":321,"column":83}},{"start":{"line":321,"column":86},"end":{"line":321,"column":null}}],"line":321},"60":{"loc":{"start":{"line":328,"column":14},"end":{"line":328,"column":121}},"type":"cond-expr","locations":[{"start":{"line":328,"column":34},"end":{"line":328,"column":53}},{"start":{"line":328,"column":56},"end":{"line":328,"column":121}}],"line":328},"61":{"loc":{"start":{"line":333,"column":18},"end":{"line":333,"column":68}},"type":"cond-expr","locations":[{"start":{"line":333,"column":54},"end":{"line":333,"column":55}},{"start":{"line":333,"column":58},"end":{"line":333,"column":68}}],"line":333},"62":{"loc":{"start":{"line":337,"column":15},"end":{"line":337,"column":38}},"type":"binary-expr","locations":[{"start":{"line":337,"column":15},"end":{"line":337,"column":32}},{"start":{"line":337,"column":36},"end":{"line":337,"column":38}}],"line":337},"63":{"loc":{"start":{"line":343,"column":4},"end":{"line":353,"column":null}},"type":"if","locations":[{"start":{"line":343,"column":4},"end":{"line":353,"column":null}},{"start":{},"end":{}}],"line":343},"64":{"loc":{"start":{"line":343,"column":8},"end":{"line":343,"column":64}},"type":"binary-expr","locations":[{"start":{"line":343,"column":8},"end":{"line":343,"column":41}},{"start":{"line":343,"column":45},"end":{"line":343,"column":64}}],"line":343},"65":{"loc":{"start":{"line":344,"column":27},"end":{"line":344,"column":60}},"type":"binary-expr","locations":[{"start":{"line":344,"column":27},"end":{"line":344,"column":54}},{"start":{"line":344,"column":58},"end":{"line":344,"column":60}}],"line":344},"66":{"loc":{"start":{"line":346,"column":8},"end":{"line":346,"column":null}},"type":"if","locations":[{"start":{"line":346,"column":8},"end":{"line":346,"column":null}},{"start":{},"end":{}}],"line":346},"67":{"loc":{"start":{"line":347,"column":8},"end":{"line":347,"column":null}},"type":"if","locations":[{"start":{"line":347,"column":8},"end":{"line":347,"column":null}},{"start":{},"end":{}}],"line":347},"68":{"loc":{"start":{"line":357,"column":4},"end":{"line":360,"column":null}},"type":"if","locations":[{"start":{"line":357,"column":4},"end":{"line":360,"column":null}},{"start":{},"end":{}}],"line":357},"69":{"loc":{"start":{"line":358,"column":6},"end":{"line":359,"column":null}},"type":"if","locations":[{"start":{"line":358,"column":6},"end":{"line":359,"column":null}},{"start":{"line":359,"column":11},"end":{"line":359,"column":null}}],"line":358},"70":{"loc":{"start":{"line":359,"column":11},"end":{"line":359,"column":null}},"type":"if","locations":[{"start":{"line":359,"column":11},"end":{"line":359,"column":null}},{"start":{},"end":{}}],"line":359},"71":{"loc":{"start":{"line":364,"column":10},"end":{"line":364,"column":117}},"type":"cond-expr","locations":[{"start":{"line":364,"column":30},"end":{"line":364,"column":49}},{"start":{"line":364,"column":52},"end":{"line":364,"column":117}}],"line":364},"72":{"loc":{"start":{"line":365,"column":12},"end":{"line":365,"column":39}},"type":"binary-expr","locations":[{"start":{"line":365,"column":12},"end":{"line":365,"column":26}},{"start":{"line":365,"column":30},"end":{"line":365,"column":39}}],"line":365},"73":{"loc":{"start":{"line":366,"column":14},"end":{"line":366,"column":40}},"type":"binary-expr","locations":[{"start":{"line":366,"column":14},"end":{"line":366,"column":30}},{"start":{"line":366,"column":34},"end":{"line":366,"column":40}}],"line":366},"74":{"loc":{"start":{"line":370,"column":14},"end":{"line":370,"column":64}},"type":"cond-expr","locations":[{"start":{"line":370,"column":50},"end":{"line":370,"column":51}},{"start":{"line":370,"column":54},"end":{"line":370,"column":64}}],"line":370},"75":{"loc":{"start":{"line":377,"column":29},"end":{"line":377,"column":52}},"type":"binary-expr","locations":[{"start":{"line":377,"column":29},"end":{"line":377,"column":46}},{"start":{"line":377,"column":50},"end":{"line":377,"column":52}}],"line":377},"76":{"loc":{"start":{"line":384,"column":4},"end":{"line":393,"column":null}},"type":"if","locations":[{"start":{"line":384,"column":4},"end":{"line":393,"column":null}},{"start":{},"end":{}}],"line":384},"77":{"loc":{"start":{"line":396,"column":4},"end":{"line":406,"column":null}},"type":"if","locations":[{"start":{"line":396,"column":4},"end":{"line":406,"column":null}},{"start":{},"end":{}}],"line":396},"78":{"loc":{"start":{"line":396,"column":8},"end":{"line":396,"column":74}},"type":"binary-expr","locations":[{"start":{"line":396,"column":8},"end":{"line":396,"column":41}},{"start":{"line":396,"column":45},"end":{"line":396,"column":74}}],"line":396},"79":{"loc":{"start":{"line":397,"column":6},"end":{"line":405,"column":null}},"type":"if","locations":[{"start":{"line":397,"column":6},"end":{"line":405,"column":null}},{"start":{},"end":{}}],"line":397},"80":{"loc":{"start":{"line":413,"column":6},"end":{"line":413,"column":null}},"type":"cond-expr","locations":[{"start":{"line":413,"column":25},"end":{"line":413,"column":60}},{"start":{"line":413,"column":63},"end":{"line":413,"column":null}}],"line":413},"81":{"loc":{"start":{"line":419,"column":4},"end":{"line":422,"column":null}},"type":"if","locations":[{"start":{"line":419,"column":4},"end":{"line":422,"column":null}},{"start":{},"end":{}}],"line":419},"82":{"loc":{"start":{"line":419,"column":8},"end":{"line":419,"column":83}},"type":"binary-expr","locations":[{"start":{"line":419,"column":8},"end":{"line":419,"column":21}},{"start":{"line":419,"column":25},"end":{"line":419,"column":54}},{"start":{"line":419,"column":58},"end":{"line":419,"column":83}}],"line":419},"83":{"loc":{"start":{"line":420,"column":6},"end":{"line":421,"column":null}},"type":"if","locations":[{"start":{"line":420,"column":6},"end":{"line":421,"column":null}},{"start":{"line":421,"column":11},"end":{"line":421,"column":null}}],"line":420},"84":{"loc":{"start":{"line":421,"column":11},"end":{"line":421,"column":null}},"type":"if","locations":[{"start":{"line":421,"column":11},"end":{"line":421,"column":null}},{"start":{},"end":{}}],"line":421},"85":{"loc":{"start":{"line":425,"column":10},"end":{"line":425,"column":117}},"type":"cond-expr","locations":[{"start":{"line":425,"column":30},"end":{"line":425,"column":49}},{"start":{"line":425,"column":52},"end":{"line":425,"column":117}}],"line":425},"86":{"loc":{"start":{"line":439,"column":23},"end":{"line":439,"column":70}},"type":"binary-expr","locations":[{"start":{"line":439,"column":23},"end":{"line":439,"column":29}},{"start":{"line":439,"column":33},"end":{"line":439,"column":70}}],"line":439},"87":{"loc":{"start":{"line":442,"column":10},"end":{"line":442,"column":117}},"type":"cond-expr","locations":[{"start":{"line":442,"column":30},"end":{"line":442,"column":49}},{"start":{"line":442,"column":52},"end":{"line":442,"column":117}}],"line":442},"88":{"loc":{"start":{"line":454,"column":22},"end":{"line":454,"column":61}},"type":"cond-expr","locations":[{"start":{"line":454,"column":44},"end":{"line":454,"column":48}},{"start":{"line":454,"column":51},"end":{"line":454,"column":61}}],"line":454},"89":{"loc":{"start":{"line":455,"column":32},"end":{"line":455,"column":55}},"type":"binary-expr","locations":[{"start":{"line":455,"column":32},"end":{"line":455,"column":49}},{"start":{"line":455,"column":53},"end":{"line":455,"column":55}}],"line":455},"90":{"loc":{"start":{"line":471,"column":11},"end":{"line":471,"column":22}},"type":"binary-expr","locations":[{"start":{"line":471,"column":11},"end":{"line":471,"column":17}},{"start":{"line":471,"column":21},"end":{"line":471,"column":22}}],"line":471},"91":{"loc":{"start":{"line":477,"column":20},"end":{"line":477,"column":55}},"type":"cond-expr","locations":[{"start":{"line":477,"column":40},"end":{"line":477,"column":46}},{"start":{"line":477,"column":49},"end":{"line":477,"column":55}}],"line":477},"92":{"loc":{"start":{"line":478,"column":19},"end":{"line":478,"column":54}},"type":"cond-expr","locations":[{"start":{"line":478,"column":39},"end":{"line":478,"column":45}},{"start":{"line":478,"column":48},"end":{"line":478,"column":54}}],"line":478},"93":{"loc":{"start":{"line":481,"column":4},"end":{"line":481,"column":null}},"type":"if","locations":[{"start":{"line":481,"column":4},"end":{"line":481,"column":null}},{"start":{},"end":{}}],"line":481},"94":{"loc":{"start":{"line":483,"column":20},"end":{"line":483,"column":59}},"type":"binary-expr","locations":[{"start":{"line":483,"column":20},"end":{"line":483,"column":54}},{"start":{"line":483,"column":58},"end":{"line":483,"column":59}}],"line":483},"95":{"loc":{"start":{"line":491,"column":36},"end":{"line":491,"column":68}},"type":"binary-expr","locations":[{"start":{"line":491,"column":36},"end":{"line":491,"column":62}},{"start":{"line":491,"column":66},"end":{"line":491,"column":68}}],"line":491},"96":{"loc":{"start":{"line":493,"column":17},"end":{"line":495,"column":62}},"type":"cond-expr","locations":[{"start":{"line":494,"column":8},"end":{"line":494,"column":null}},{"start":{"line":495,"column":8},"end":{"line":495,"column":62}}],"line":493},"97":{"loc":{"start":{"line":498,"column":10},"end":{"line":498,"column":117}},"type":"cond-expr","locations":[{"start":{"line":498,"column":30},"end":{"line":498,"column":49}},{"start":{"line":498,"column":52},"end":{"line":498,"column":117}}],"line":498},"98":{"loc":{"start":{"line":515,"column":26},"end":{"line":515,"column":49}},"type":"binary-expr","locations":[{"start":{"line":515,"column":26},"end":{"line":515,"column":43}},{"start":{"line":515,"column":47},"end":{"line":515,"column":49}}],"line":515},"99":{"loc":{"start":{"line":521,"column":21},"end":{"line":521,"column":56}},"type":"binary-expr","locations":[{"start":{"line":521,"column":21},"end":{"line":521,"column":51}},{"start":{"line":521,"column":55},"end":{"line":521,"column":56}}],"line":521},"100":{"loc":{"start":{"line":529,"column":4},"end":{"line":529,"column":null}},"type":"if","locations":[{"start":{"line":529,"column":4},"end":{"line":529,"column":null}},{"start":{},"end":{}}],"line":529},"101":{"loc":{"start":{"line":529,"column":8},"end":{"line":529,"column":46}},"type":"binary-expr","locations":[{"start":{"line":529,"column":8},"end":{"line":529,"column":25}},{"start":{"line":529,"column":29},"end":{"line":529,"column":46}}],"line":529},"102":{"loc":{"start":{"line":530,"column":4},"end":{"line":530,"column":null}},"type":"if","locations":[{"start":{"line":530,"column":4},"end":{"line":530,"column":null}},{"start":{},"end":{}}],"line":530},"103":{"loc":{"start":{"line":531,"column":4},"end":{"line":531,"column":null}},"type":"if","locations":[{"start":{"line":531,"column":4},"end":{"line":531,"column":null}},{"start":{},"end":{}}],"line":531},"104":{"loc":{"start":{"line":534,"column":4},"end":{"line":536,"column":null}},"type":"if","locations":[{"start":{"line":534,"column":4},"end":{"line":536,"column":null}},{"start":{},"end":{}}],"line":534},"105":{"loc":{"start":{"line":534,"column":8},"end":{"line":534,"column":68}},"type":"binary-expr","locations":[{"start":{"line":534,"column":8},"end":{"line":534,"column":36}},{"start":{"line":534,"column":40},"end":{"line":534,"column":68}}],"line":534},"106":{"loc":{"start":{"line":539,"column":4},"end":{"line":541,"column":null}},"type":"if","locations":[{"start":{"line":539,"column":4},"end":{"line":541,"column":null}},{"start":{},"end":{}}],"line":539},"107":{"loc":{"start":{"line":539,"column":8},"end":{"line":539,"column":76}},"type":"binary-expr","locations":[{"start":{"line":539,"column":8},"end":{"line":539,"column":45}},{"start":{"line":539,"column":49},"end":{"line":539,"column":76}}],"line":539},"108":{"loc":{"start":{"line":550,"column":10},"end":{"line":550,"column":117}},"type":"cond-expr","locations":[{"start":{"line":550,"column":30},"end":{"line":550,"column":49}},{"start":{"line":550,"column":52},"end":{"line":550,"column":117}}],"line":550},"109":{"loc":{"start":{"line":562,"column":29},"end":{"line":562,"column":52}},"type":"binary-expr","locations":[{"start":{"line":562,"column":29},"end":{"line":562,"column":46}},{"start":{"line":562,"column":50},"end":{"line":562,"column":52}}],"line":562},"110":{"loc":{"start":{"line":595,"column":4},"end":{"line":599,"column":null}},"type":"if","locations":[{"start":{"line":595,"column":4},"end":{"line":599,"column":null}},{"start":{},"end":{}}],"line":595},"111":{"loc":{"start":{"line":610,"column":16},"end":{"line":610,"column":61}},"type":"cond-expr","locations":[{"start":{"line":610,"column":36},"end":{"line":610,"column":47}},{"start":{"line":610,"column":50},"end":{"line":610,"column":61}}],"line":610},"112":{"loc":{"start":{"line":622,"column":20},"end":{"line":622,"column":38}},"type":"binary-expr","locations":[{"start":{"line":622,"column":20},"end":{"line":622,"column":32}},{"start":{"line":622,"column":36},"end":{"line":622,"column":38}}],"line":622},"113":{"loc":{"start":{"line":632,"column":20},"end":{"line":632,"column":80}},"type":"binary-expr","locations":[{"start":{"line":632,"column":20},"end":{"line":632,"column":50}},{"start":{"line":632,"column":54},"end":{"line":632,"column":80}}],"line":632},"114":{"loc":{"start":{"line":633,"column":20},"end":{"line":633,"column":73}},"type":"binary-expr","locations":[{"start":{"line":633,"column":20},"end":{"line":633,"column":46}},{"start":{"line":633,"column":50},"end":{"line":633,"column":73}}],"line":633},"115":{"loc":{"start":{"line":634,"column":20},"end":{"line":634,"column":85}},"type":"binary-expr","locations":[{"start":{"line":634,"column":20},"end":{"line":634,"column":43}},{"start":{"line":634,"column":47},"end":{"line":634,"column":85}}],"line":634},"116":{"loc":{"start":{"line":638,"column":4},"end":{"line":642,"column":null}},"type":"if","locations":[{"start":{"line":638,"column":4},"end":{"line":642,"column":null}},{"start":{},"end":{}}],"line":638},"117":{"loc":{"start":{"line":644,"column":4},"end":{"line":648,"column":null}},"type":"if","locations":[{"start":{"line":644,"column":4},"end":{"line":648,"column":null}},{"start":{},"end":{}}],"line":644},"118":{"loc":{"start":{"line":650,"column":4},"end":{"line":654,"column":null}},"type":"if","locations":[{"start":{"line":650,"column":4},"end":{"line":654,"column":null}},{"start":{},"end":{}}],"line":650},"119":{"loc":{"start":{"line":656,"column":4},"end":{"line":660,"column":null}},"type":"if","locations":[{"start":{"line":656,"column":4},"end":{"line":660,"column":null}},{"start":{},"end":{}}],"line":656},"120":{"loc":{"start":{"line":662,"column":4},"end":{"line":666,"column":null}},"type":"if","locations":[{"start":{"line":662,"column":4},"end":{"line":666,"column":null}},{"start":{},"end":{}}],"line":662},"121":{"loc":{"start":{"line":662,"column":8},"end":{"line":662,"column":55}},"type":"binary-expr","locations":[{"start":{"line":662,"column":8},"end":{"line":662,"column":24}},{"start":{"line":662,"column":28},"end":{"line":662,"column":55}}],"line":662},"122":{"loc":{"start":{"line":668,"column":4},"end":{"line":671,"column":null}},"type":"if","locations":[{"start":{"line":668,"column":4},"end":{"line":671,"column":null}},{"start":{},"end":{}}],"line":668},"123":{"loc":{"start":{"line":679,"column":48},"end":{"line":679,"column":111}},"type":"cond-expr","locations":[{"start":{"line":679,"column":76},"end":{"line":679,"column":107}},{"start":{"line":679,"column":110},"end":{"line":679,"column":111}}],"line":679},"124":{"loc":{"start":{"line":691,"column":23},"end":{"line":691,"column":44}},"type":"binary-expr","locations":[{"start":{"line":691,"column":23},"end":{"line":691,"column":38}},{"start":{"line":691,"column":42},"end":{"line":691,"column":44}}],"line":691},"125":{"loc":{"start":{"line":697,"column":19},"end":{"line":697,"column":40}},"type":"binary-expr","locations":[{"start":{"line":697,"column":19},"end":{"line":697,"column":34}},{"start":{"line":697,"column":38},"end":{"line":697,"column":40}}],"line":697},"126":{"loc":{"start":{"line":709,"column":36},"end":{"line":709,"column":85}},"type":"binary-expr","locations":[{"start":{"line":709,"column":36},"end":{"line":709,"column":77}},{"start":{"line":709,"column":81},"end":{"line":709,"column":85}}],"line":709},"127":{"loc":{"start":{"line":736,"column":4},"end":{"line":744,"column":null}},"type":"if","locations":[{"start":{"line":736,"column":4},"end":{"line":744,"column":null}},{"start":{},"end":{}}],"line":736},"128":{"loc":{"start":{"line":750,"column":29},"end":{"line":750,"column":78}},"type":"binary-expr","locations":[{"start":{"line":750,"column":29},"end":{"line":750,"column":70}},{"start":{"line":750,"column":74},"end":{"line":750,"column":78}}],"line":750},"129":{"loc":{"start":{"line":758,"column":20},"end":{"line":758,"column":127}},"type":"cond-expr","locations":[{"start":{"line":758,"column":40},"end":{"line":758,"column":59}},{"start":{"line":758,"column":62},"end":{"line":758,"column":127}}],"line":758}},"s":{"0":2,"1":2,"2":2,"3":2,"4":0,"5":0,"6":0,"7":0,"8":0,"9":2,"10":2,"11":2,"12":0,"13":0,"14":0,"15":0,"16":11,"17":0,"18":11,"19":11,"20":11,"21":5,"22":7,"23":0,"24":7,"25":7,"26":7,"27":0,"28":0,"29":4,"30":4,"31":0,"32":6,"33":6,"34":5,"35":5,"36":5,"37":5,"38":5,"39":2,"40":5,"41":5,"42":0,"43":5,"44":0,"45":5,"46":0,"47":5,"48":1,"49":1,"50":0,"51":0,"52":0,"53":0,"54":0,"55":0,"56":0,"57":0,"58":0,"59":0,"60":0,"61":0,"62":0,"63":0,"64":0,"65":0,"66":0,"67":0,"68":0,"69":0,"70":0,"71":0,"72":0,"73":0,"74":0,"75":0,"76":0,"77":0,"78":7,"79":7,"80":7,"81":7,"82":7,"83":7,"84":7,"85":7,"86":7,"87":5,"88":7,"89":7,"90":2,"91":1,"92":2,"93":1,"94":7,"95":0,"96":0,"97":0,"98":0,"99":0,"100":0,"101":7,"102":0,"103":0,"104":0,"105":0,"106":0,"107":0,"108":0,"109":0,"110":7,"111":0,"112":0,"113":0,"114":0,"115":0,"116":0,"117":0,"118":7,"119":0,"120":0,"121":0,"122":0,"123":0,"124":0,"125":0,"126":0,"127":7,"128":7,"129":1,"130":1,"131":0,"132":0,"133":7,"134":7,"135":7,"136":7,"137":1,"138":1,"139":7,"140":1,"141":1,"142":0,"143":0,"144":0,"145":0,"146":0,"147":0,"148":0,"149":0,"150":0,"151":0,"152":0,"153":0,"154":0,"155":0,"156":0,"157":0,"158":0,"159":0,"160":0,"161":0,"162":0,"163":0,"164":0,"165":0,"166":0,"167":0,"168":0,"169":0,"170":0,"171":0,"172":0,"173":0,"174":0,"175":0,"176":0,"177":0,"178":0,"179":0,"180":0,"181":0,"182":0,"183":0,"184":0,"185":0,"186":0,"187":0,"188":0,"189":0,"190":0,"191":0,"192":0,"193":0,"194":0,"195":0,"196":0,"197":0,"198":0,"199":0,"200":0,"201":0,"202":0,"203":4,"204":4,"205":4,"206":4,"207":0,"208":0,"209":0,"210":0,"211":0,"212":0,"213":0,"214":0,"215":0,"216":0,"217":0,"218":0,"219":0,"220":0,"221":0,"222":0,"223":0,"224":0,"225":0,"226":0,"227":0,"228":0,"229":0,"230":0,"231":0,"232":0,"233":0,"234":0,"235":0,"236":0,"237":0,"238":0,"239":0,"240":0,"241":0,"242":0,"243":0,"244":0,"245":0,"246":0,"247":0,"248":0,"249":0,"250":0,"251":0,"252":0,"253":0,"254":0,"255":0,"256":0,"257":0,"258":0,"259":0,"260":0,"261":0,"262":0,"263":0,"264":0,"265":0,"266":0,"267":0,"268":0,"269":0,"270":0,"271":0,"272":0,"273":0,"274":0,"275":0,"276":0,"277":0,"278":0,"279":0,"280":0,"281":0,"282":0,"283":0,"284":0,"285":0,"286":0,"287":0,"288":0,"289":0,"290":0,"291":0,"292":0,"293":0,"294":0,"295":0,"296":0,"297":0,"298":0,"299":0,"300":2,"301":0,"302":2},"f":{"0":2,"1":0,"2":0,"3":0,"4":11,"5":0,"6":11,"7":5,"8":7,"9":7,"10":0,"11":4,"12":0,"13":6,"14":5,"15":1,"16":0,"17":0,"18":0,"19":0,"20":7,"21":1,"22":0,"23":0,"24":0,"25":1,"26":0,"27":0,"28":0,"29":0,"30":0,"31":0,"32":0,"33":0,"34":0,"35":0,"36":0,"37":0,"38":0,"39":0,"40":0,"41":4,"42":0,"43":0,"44":0,"45":0,"46":0,"47":0,"48":0,"49":0,"50":0,"51":0,"52":0,"53":0,"54":0,"55":0,"56":0,"57":0,"58":0,"59":0,"60":0,"61":0,"62":0,"63":0,"64":0,"65":0,"66":0,"67":0,"68":0,"69":0,"70":0,"71":0},"b":{"0":[0,2],"1":[11,0],"2":[0,7],"3":[0,0],"4":[4,0],"5":[4,4],"6":[6,0],"7":[6,0],"8":[0,0],"9":[5,0],"10":[2,3],"11":[0,5],"12":[5,0],"13":[0,5],"14":[5,0],"15":[0,5],"16":[1,1],"17":[0,0,0],"18":[0,0],"19":[0,0],"20":[0,0],"21":[0,0],"22":[0,0],"23":[0,0],"24":[0,0],"25":[0,0],"26":[0,7],"27":[7,0],"28":[0,7],"29":[0,7],"30":[5,2],"31":[2,5],"32":[7,2],"33":[2,0],"34":[1,1,1,1],"35":[1,1],"36":[0,7],"37":[0,0],"38":[0,0],"39":[0,0],"40":[0,0],"41":[0,0],"42":[0,0],"43":[0,7],"44":[7,0],"45":[0,0],"46":[0,0],"47":[0,0],"48":[0,0],"49":[0,0],"50":[0,0],"51":[0,0],"52":[0,0],"53":[0,7],"54":[7,0,0],"55":[0,0],"56":[0,0],"57":[0,0],"58":[0,0],"59":[0,0],"60":[0,0],"61":[0,0],"62":[0,0],"63":[0,7],"64":[7,0],"65":[0,0],"66":[0,0],"67":[0,0],"68":[1,6],"69":[1,0],"70":[0,0],"71":[7,0],"72":[7,0],"73":[7,0],"74":[0,7],"75":[7,0],"76":[1,6],"77":[1,6],"78":[7,7],"79":[1,0],"80":[0,0],"81":[0,0],"82":[0,0,0],"83":[0,0],"84":[0,0],"85":[0,0],"86":[0,0],"87":[0,0],"88":[0,0],"89":[0,0],"90":[0,0],"91":[0,0],"92":[0,0],"93":[0,0],"94":[0,0],"95":[0,0],"96":[0,0],"97":[0,0],"98":[0,0],"99":[0,0],"100":[0,0],"101":[0,0],"102":[0,0],"103":[0,0],"104":[0,0],"105":[0,0],"106":[0,0],"107":[0,0],"108":[0,0],"109":[0,0],"110":[0,0],"111":[0,0],"112":[0,0],"113":[0,0],"114":[0,0],"115":[0,0],"116":[0,0],"117":[0,0],"118":[0,0],"119":[0,0],"120":[0,0],"121":[0,0],"122":[0,0],"123":[0,0],"124":[0,0],"125":[0,0],"126":[0,0],"127":[0,0],"128":[0,0],"129":[0,0]},"meta":{"lastBranch":130,"lastFunction":72,"lastStatement":303,"seen":{"f:7:2:7:13":0,"s:8:18:8:51":0,"s:9:25:9:83":1,"s:11:22:39:5":2,"b:41:4:51:Infinity:49:11:51:Infinity":0,"s:41:4:51:Infinity":3,"s:42:6:48:Infinity":4,"s:43:23:43:40":5,"s:44:8:44:Infinity":6,"s:46:8:46:Infinity":7,"s:47:8:47:Infinity":8,"s:50:6:50:Infinity":9,"s:53:4:53:Infinity":10,"s:54:4:54:Infinity":11,"f:57:2:57:11":1,"s:58:4:58:Infinity":12,"s:59:4:59:Infinity":13,"f:59:11:59:12":2,"s:59:19:59:79":14,"f:59:58:59:59":3,"s:59:63:59:77":15,"f:62:2:62:8":4,"s:63:4:63:Infinity":16,"f:63:27:63:35":5,"s:63:39:63:59":17,"f:66:2:66:6":6,"b:67:4:69:Infinity:undefined:undefined:undefined:undefined":1,"s:67:4:69:Infinity":18,"s:68:6:68:Infinity":19,"s:70:4:70:Infinity":20,"f:73:2:73:10":7,"s:73:15:73:33":21,"f:75:2:75:10":8,"b:76:4:80:Infinity:78:11:80:Infinity":2,"s:76:4:80:Infinity":22,"s:77:6:77:Infinity":23,"s:79:6:79:Infinity":24,"s:81:4:81:Infinity":25,"f:84:2:84:15":9,"s:85:4:85:Infinity":26,"f:89:2:89:17":10,"s:90:16:115:5":27,"s:116:4:116:Infinity":28,"b:116:11:116:20:116:24:116:28":3,"f:120:2:120:12":11,"s:121:17:121:78":29,"b:121:37:121:56:121:59:121:78":4,"s:122:4:122:Infinity":30,"b:122:11:122:53:122:57:122:61":5,"f:122:30:122:31":12,"s:122:35:122:52":31,"f:125:2:125:18":13,"s:126:17:126:78":32,"b:126:37:126:56:126:59:126:78":6,"s:127:4:127:Infinity":33,"b:127:11:127:25:127:30:127:63":7,"b:127:50:127:55:127:58:127:63":8,"f:130:2:130:26":14,"s:131:18:131:47":34,"s:132:18:140:5":35,"s:141:17:141:35":36,"b:141:17:141:28:141:32:141:35":9,"s:143:15:143:25":37,"b:144:4:146:Infinity:undefined:undefined:undefined:undefined":10,"s:144:4:146:Infinity":38,"s:145:6:145:Infinity":39,"s:147:4:147:Infinity":40,"b:149:4:151:Infinity:undefined:undefined:undefined:undefined":11,"s:149:4:151:Infinity":41,"b:149:8:149:31:149:35:149:48":12,"s:150:6:150:Infinity":42,"b:152:4:154:Infinity:undefined:undefined:undefined:undefined":13,"s:152:4:154:Infinity":43,"b:152:8:152:33:152:37:152:43":14,"s:153:6:153:Infinity":44,"b:155:4:157:Infinity:undefined:undefined:undefined:undefined":15,"s:155:4:157:Infinity":45,"s:156:6:156:Infinity":46,"s:159:4:159:Infinity":47,"f:163:2:163:24":15,"s:164:17:164:36":48,"s:165:4:165:Infinity":49,"b:165:11:165:88:165:92:165:97":16,"f:165:30:165:31":16,"s:165:35:165:87":50,"b:165:35:165:46:165:50:165:64:165:68:165:87":17,"f:169:2:169:21":17,"s:170:17:170:42":51,"s:171:17:171:42":52,"b:172:4:172:Infinity:undefined:undefined:undefined:undefined":18,"s:172:4:172:Infinity":53,"b:172:8:172:13:172:17:172:22":19,"s:172:24:172:Infinity":54,"s:174:23:178:5":55,"f:174:23:174:24":18,"s:175:17:175:43":56,"s:175:50:175:76":57,"s:175:83:175:109":58,"s:176:17:176:43":59,"s:176:50:176:76":60,"s:176:83:176:109":61,"s:177:6:177:Infinity":62,"s:180:4:180:Infinity":63,"f:184:2:184:23":19,"s:185:16:185:26":64,"s:186:25:186:47":65,"b:188:4:190:Infinity:undefined:undefined:undefined:undefined":20,"s:188:4:190:Infinity":66,"b:188:8:188:28:188:32:188:57":21,"s:189:6:189:Infinity":67,"s:192:24:192:44":68,"s:193:30:193:54":69,"b:193:44:193:48:193:51:193:54":22,"b:195:4:204:Infinity:undefined:undefined:undefined:undefined":23,"s:195:4:204:Infinity":70,"b:196:6:199:Infinity:undefined:undefined:undefined:undefined":24,"s:196:6:199:Infinity":71,"s:197:8:197:Infinity":72,"s:198:8:198:Infinity":73,"b:200:6:203:Infinity:undefined:undefined:undefined:undefined":25,"s:200:6:203:Infinity":74,"s:201:8:201:Infinity":75,"s:202:8:202:Infinity":76,"s:206:4:210:Infinity":77,"f:214:2:214:10":20,"s:215:4:215:Infinity":78,"s:216:16:216:26":79,"s:217:22:217:112":80,"b:217:76:217:107:217:110:217:111":26,"s:218:23:218:52":81,"s:220:20:220:73":82,"b:220:50:220:60:220:63:220:73":27,"s:221:19:221:72":83,"s:222:26:224:110":84,"b:223:8:223:Infinity:224:9:224:109":28,"b:224:35:224:102:224:105:224:109":29,"s:227:22:227:43":85,"b:228:4:230:Infinity:undefined:undefined:undefined:undefined":30,"s:228:4:230:Infinity":86,"s:229:6:229:Infinity":87,"s:233:20:233:25":88,"b:234:4:244:Infinity:undefined:undefined:undefined:undefined":31,"s:234:4:244:Infinity":89,"b:234:8:234:40:234:44:234:50":32,"s:235:22:240:14":90,"b:235:23:235:40:235:44:235:46":33,"f:235:55:235:56":21,"s:236:8:239:Infinity":91,"b:236:8:236:37:237:8:237:41:238:8:238:32:239:8:239:Infinity":34,"b:241:6:243:Infinity:undefined:undefined:undefined:undefined":35,"s:241:6:243:Infinity":92,"s:242:8:242:Infinity":93,"b:247:4:273:Infinity:undefined:undefined:undefined:undefined":36,"s:247:4:273:Infinity":94,"s:248:6:248:Infinity":95,"s:249:22:257:7":96,"b:250:32:250:51:250:54:250:119":37,"b:253:52:253:53:253:56:253:66":38,"s:259:22:259:67":97,"b:259:52:259:58:259:61:259:67":39,"s:260:26:268:7":98,"b:261:32:261:51:261:54:261:119":40,"b:264:52:264:53:264:56:264:66":41,"s:269:6:271:Infinity":99,"b:270:43:270:60:270:64:270:66":42,"s:272:6:272:Infinity":100,"b:276:4:306:Infinity:undefined:undefined:undefined:undefined":43,"s:276:4:306:Infinity":101,"b:276:8:276:43:276:47:276:65":44,"s:277:22:277:62":102,"b:277:27:277:54:277:58:277:60":45,"s:278:29:280:7":103,"f:278:41:278:42":22,"s:279:8:279:Infinity":104,"b:279:38:279:62:279:65:279:Infinity":46,"s:281:6:293:Infinity":105,"b:284:34:284:53:284:56:284:121":47,"b:288:54:288:55:288:58:288:68":48,"b:292:15:292:32:292:36:292:38":49,"s:296:21:296:69":106,"b:296:46:296:56:296:59:296:69":50,"b:297:6:304:Infinity:undefined:undefined:undefined:undefined":51,"s:297:6:304:Infinity":107,"s:299:8:303:Infinity":108,"b:301:48:301:54:301:57:301:63":52,"s:305:6:305:Infinity":109,"b:309:4:340:Infinity:undefined:undefined:undefined:undefined":53,"s:309:4:340:Infinity":110,"b:309:8:309:41:309:45:309:63:309:67:309:90":54,"s:310:24:317:7":111,"b:311:32:311:51:311:54:311:119":55,"b:313:16:313:41:313:45:313:46":56,"b:314:18:314:45:314:49:314:53":57,"s:319:22:319:62":112,"b:319:27:319:54:319:58:319:60":58,"s:320:29:322:7":113,"f:320:41:320:42":23,"s:321:8:321:Infinity":114,"b:321:38:321:83:321:86:321:Infinity":59,"s:323:6:323:Infinity":115,"s:325:6:338:Infinity":116,"b:328:34:328:53:328:56:328:121":60,"b:333:54:333:55:333:58:333:68":61,"b:337:15:337:32:337:36:337:38":62,"s:339:6:339:Infinity":117,"b:343:4:353:Infinity:undefined:undefined:undefined:undefined":63,"s:343:4:353:Infinity":118,"b:343:8:343:41:343:45:343:64":64,"s:344:22:344:62":119,"b:344:27:344:54:344:58:344:60":65,"s:345:29:349:8":120,"f:345:41:345:42":24,"b:346:8:346:Infinity:undefined:undefined:undefined:undefined":66,"s:346:8:346:Infinity":121,"s:346:41:346:Infinity":122,"b:347:8:347:Infinity:undefined:undefined:undefined:undefined":67,"s:347:8:347:Infinity":123,"s:347:48:347:Infinity":124,"s:348:8:348:Infinity":125,"s:350:6:352:Infinity":126,"s:356:19:356:42":127,"b:357:4:360:Infinity:undefined:undefined:undefined:undefined":68,"s:357:4:360:Infinity":128,"b:358:6:359:Infinity:359:11:359:Infinity":69,"s:358:6:359:Infinity":129,"s:358:39:358:Infinity":130,"b:359:11:359:Infinity:undefined:undefined:undefined:undefined":70,"s:359:11:359:Infinity":131,"s:359:44:359:Infinity":132,"s:363:21:373:5":133,"b:364:30:364:49:364:52:364:117":71,"b:365:12:365:26:365:30:365:39":72,"b:366:14:366:30:366:34:366:40":73,"b:370:50:370:51:370:54:370:64":74,"s:375:21:379:5":134,"b:377:29:377:46:377:50:377:52":75,"s:381:4:381:Infinity":135,"b:384:4:393:Infinity:undefined:undefined:undefined:undefined":76,"s:384:4:393:Infinity":136,"s:385:6:392:Infinity":137,"f:385:17:385:18":25,"s:386:8:391:Infinity":138,"b:396:4:406:Infinity:undefined:undefined:undefined:undefined":77,"s:396:4:406:Infinity":139,"b:396:8:396:41:396:45:396:74":78,"b:397:6:405:Infinity:undefined:undefined:undefined:undefined":79,"s:397:6:405:Infinity":140,"s:398:8:404:Infinity":141,"f:398:19:398:2
[...]
olumn":null}},{"start":{},"end":{}}],"line":162},"28":{"loc":{"start":{"line":164,"column":16},"end":{"line":164,"column":null}},"type":"if","locations":[{"start":{"line":164,"column":16},"end":{"line":164,"column":null}},{"start":{},"end":{}}],"line":164},"29":{"loc":{"start":{"line":173,"column":10},"end":{"line":173,"column":67}},"type":"binary-expr","locations":[{"start":{"line":173,"column":10},"end":{"line":173,"column":19}},{"start":{"line":173,"column":23},"end":{"line":173,"column":67}}],"line":173},"30":{"loc":{"start":{"line":181,"column":8},"end":{"line":183,"column":null}},"type":"if","locations":[{"start":{"line":181,"column":8},"end":{"line":183,"column":null}},{"start":{},"end":{}}],"line":181},"31":{"loc":{"start":{"line":181,"column":12},"end":{"line":181,"column":49}},"type":"binary-expr","locations":[{"start":{"line":181,"column":12},"end":{"line":181,"column":29}},{"start":{"line":181,"column":33},"end":{"line":181,"column":49}}],"line":181},"32":{"loc":{"start":{"line":194,"column":8},"end":{"line":197,"column":null}},"type":"if","locations":[{"start":{"line":194,"column":8},"end":{"line":197,"column":null}},{"start":{},"end":{}}],"line":194},"33":{"loc":{"start":{"line":200,"column":8},"end":{"line":200,"column":null}},"type":"if","locations":[{"start":{"line":200,"column":8},"end":{"line":200,"column":null}},{"start":{},"end":{}}],"line":200},"34":{"loc":{"start":{"line":200,"column":12},"end":{"line":200,"column":50}},"type":"binary-expr","locations":[{"start":{"line":200,"column":12},"end":{"line":200,"column":27}},{"start":{"line":200,"column":31},"end":{"line":200,"column":50}}],"line":200},"35":{"loc":{"start":{"line":219,"column":8},"end":{"line":219,"column":null}},"type":"if","locations":[{"start":{"line":219,"column":8},"end":{"line":219,"column":null}},{"start":{},"end":{}}],"line":219},"36":{"loc":{"start":{"line":223,"column":24},"end":{"line":223,"column":44}},"type":"binary-expr","locations":[{"start":{"line":223,"column":24},"end":{"line":223,"column":38}},{"start":{"line":223,"column":42},"end":{"line":223,"column":44}}],"line":223},"37":{"loc":{"start":{"line":225,"column":49},"end":{"line":225,"column":102}},"type":"binary-expr","locations":[{"start":{"line":225,"column":49},"end":{"line":225,"column":55}},{"start":{"line":225,"column":59},"end":{"line":225,"column":76}},{"start":{"line":225,"column":80},"end":{"line":225,"column":102}}],"line":225},"38":{"loc":{"start":{"line":227,"column":8},"end":{"line":229,"column":null}},"type":"if","locations":[{"start":{"line":227,"column":8},"end":{"line":229,"column":null}},{"start":{},"end":{}}],"line":227},"39":{"loc":{"start":{"line":262,"column":11},"end":{"line":262,"column":50}},"type":"binary-expr","locations":[{"start":{"line":262,"column":11},"end":{"line":262,"column":44}},{"start":{"line":262,"column":48},"end":{"line":262,"column":50}}],"line":262}},"s":{"0":1,"1":1,"2":0,"3":0,"4":0,"5":0,"6":0,"7":0,"8":0,"9":0,"10":0,"11":0,"12":0,"13":0,"14":0,"15":0,"16":0,"17":0,"18":0,"19":0,"20":0,"21":0,"22":0,"23":0,"24":0,"25":0,"26":0,"27":0,"28":0,"29":0,"30":0,"31":0,"32":0,"33":0,"34":0,"35":0,"36":0,"37":0,"38":0,"39":0,"40":0,"41":0,"42":0,"43":0,"44":0,"45":0,"46":0,"47":0,"48":0,"49":0,"50":0,"51":0,"52":0,"53":0,"54":0,"55":0,"56":0,"57":0,"58":0,"59":0,"60":0,"61":0,"62":0,"63":0,"64":0,"65":0,"66":0,"67":0,"68":0,"69":0,"70":0,"71":0,"72":0,"73":0,"74":0,"75":0,"76":0,"77":0,"78":0,"79":0,"80":1,"81":0,"82":0,"83":0,"84":0,"85":0,"86":0,"87":0,"88":0,"89":1,"90":0,"91":0,"92":0,"93":0,"94":0,"95":0,"96":0,"97":0,"98":0,"99":0,"100":0,"101":0,"102":0,"103":0,"104":0,"105":0,"106":0,"107":0,"108":0,"109":0,"110":0,"111":0,"112":1,"113":0,"114":0,"115":0,"116":0,"117":0,"118":0,"119":0,"120":0,"121":0,"122":1,"123":0,"124":1,"125":0,"126":0,"127":1,"128":0,"129":0,"130":0,"131":0,"132":0},"f":{"0":0,"1":0,"2":0,"3":0,"4":0,"5":0,"6":0,"7":0,"8":0,"9":0,"10":0,"11":0,"12":0,"13":0,"14":0,"15":0,"16":0,"17":0,"18":0,"19":0,"20":0,"21":0,"22":0,"23":0},"b":{"0":[0,0],"1":[0,0],"2":[0,0],"3":[0,0],"4":[0,0],"5":[0,0],"6":[0,0],"7":[0,0],"8":[0,0],"9":[0,0],"10":[0,0],"11":[0,0],"12":[0,0],"13":[0,0],"14":[0,0],"15":[0,0],"16":[0,0],"17":[0,0],"18":[0,0],"19":[0,0],"20":[0,0],"21":[0,0],"22":[0,0],"23":[0,0],"24":[0,0],"25":[0,0],"26":[0,0],"27":[0,0],"28":[0,0],"29":[0,0],"30":[0,0],"31":[0,0],"32":[0,0],"33":[0,0],"34":[0,0],"35":[0,0],"36":[0,0],"37":[0,0,0],"38":[0,0],"39":[0,0]},"meta":{"lastBranch":40,"lastFunction":24,"lastStatement":133,"seen":{"s:4:18:8:1":0,"s:11:20:17:1":1,"f:11:20:11:21":0,"s:12:4:16:Infinity":2,"b:13:19:13:59:13:63:13:65":0,"b:14:17:14:55:14:59:14:61":1,"b:15:24:15:65:15:69:15:Infinity":2,"f:23:15:23:30":1,"s:24:4:43:Infinity":3,"f:24:23:24:24":2,"s:25:23:25:39":4,"s:26:8:41:Infinity":5,"f:26:24:26:25":3,"s:27:24:27:35":6,"s:28:12:39:Infinity":7,"f:28:25:28:26":4,"s:29:31:29:63":8,"s:30:28:30:51":9,"s:31:16:31:Infinity":10,"s:32:16:32:Infinity":11,"s:35:16:35:Infinity":12,"s:36:16:36:Infinity":13,"s:38:16:38:Infinity":14,"f:38:30:38:31":5,"s:38:40:38:61":15,"b:38:48:38:52:38:56:38:60":3,"s:40:12:40:Infinity":16,"s:42:8:42:Infinity":17,"f:47:15:47:35":6,"b:48:4:53:Infinity:undefined:undefined:undefined:undefined":4,"s:48:4:53:Infinity":18,"s:49:23:49:55":19,"s:50:8:50:Infinity":20,"s:51:8:51:Infinity":21,"s:52:8:52:Infinity":22,"f:52:26:52:27":7,"s:52:37:52:57":23,"s:52:58:52:79":24,"b:55:4:57:Infinity:undefined:undefined:undefined:undefined":5,"s:55:4:57:Infinity":25,"s:56:8:56:Infinity":26,"s:60:26:60:53":27,"s:62:19:68:6":28,"f:63:16:63:17":8,"b:64:12:66:Infinity:undefined:undefined:undefined:undefined":6,"s:64:12:66:Infinity":29,"b:64:16:64:47:64:51:64:70":7,"s:65:16:65:Infinity":30,"s:70:20:70:43":31,"b:70:20:70:37:70:41:70:43":8,"s:73:25:73:101":32,"b:73:26:73:63:73:67:73:69":9,"b:73:81:73:95:73:99:73:100":10,"b:74:4:76:Infinity:undefined:undefined:undefined:undefined":11,"s:74:4:76:Infinity":33,"b:74:8:74:26:74:30:74:49":12,"b:75:8:75:Infinity:undefined:undefined:undefined:undefined":13,"s:75:8:75:Infinity":34,"s:75:33:75:Infinity":35,"s:78:4:78:Infinity":36,"f:81:15:81:26":9,"s:82:21:86:6":37,"b:88:4:95:Infinity:undefined:undefined:undefined:undefined":14,"s:88:4:95:Infinity":38,"s:89:26:89:47":39,"b:91:8:93:Infinity:undefined:undefined:undefined:undefined":15,"s:91:8:93:Infinity":40,"b:91:12:91:35:91:39:91:62":16,"s:92:12:92:Infinity":41,"s:94:8:94:Infinity":42,"b:94:24:94:39:94:43:94:56":17,"s:97:17:97:38":43,"s:98:4:98:Infinity":44,"b:98:11:98:58:98:62:98:64":18,"f:101:15:101:31":10,"s:102:16:102:117":45,"s:103:21:109:6":46,"s:110:17:110:38":47,"b:111:4:111:Infinity:undefined:undefined:undefined:undefined":19,"s:111:4:111:Infinity":48,"s:111:22:111:Infinity":49,"b:111:38:111:57:111:61:111:81":20,"s:112:4:112:Infinity":50,"b:112:11:112:58:112:62:112:64":21,"f:115:15:115:29":11,"s:116:16:116:65":51,"s:117:21:128:6":52,"s:129:17:129:38":53,"b:130:4:130:Infinity:undefined:undefined:undefined:undefined":22,"s:130:4:130:Infinity":54,"s:130:22:130:Infinity":55,"b:130:38:130:57:130:61:130:79":23,"s:131:4:131:Infinity":56,"b:131:11:131:46:131:50:131:52":24,"f:137:22:137:28":12,"s:138:19:138:32":57,"s:141:21:141:23":58,"s:144:4:144:Infinity":59,"f:144:18:144:19":13,"s:144:24:144:47":60,"b:147:4:149:Infinity:undefined:undefined:undefined:undefined":25,"s:147:4:149:Infinity":61,"s:148:8:148:Infinity":62,"f:148:22:148:23":14,"s:148:28:148:70":63,"b:152:4:154:Infinity:undefined:undefined:undefined:undefined":26,"s:152:4:154:Infinity":64,"s:153:8:153:Infinity":65,"f:153:22:153:23":15,"s:153:28:153:66":66,"s:156:20:156:24":67,"s:157:4:171:Infinity":68,"s:158:8:170:Infinity":69,"s:159:12:159:Infinity":70,"s:161:12:161:Infinity":71,"b:162:12:166:Infinity:undefined:undefined:undefined:undefined":27,"s:162:12:166:Infinity":72,"s:163:16:163:Infinity":73,"b:164:16:164:Infinity:undefined:undefined:undefined:undefined":28,"s:164:16:164:Infinity":74,"s:164:41:164:Infinity":75,"s:165:16:165:Infinity":76,"s:168:12:168:Infinity":77,"s:169:12:169:Infinity":78,"s:173:4:173:Infinity":79,"b:173:10:173:19:173:23:173:67":29,"s:176:26:188:1":80,"f:176:26:176:27":16,"s:177:4:186:Infinity":81,"s:178:20:178:75":82,"s:179:27:179:45":83,"s:180:26:180:48":84,"b:181:8:183:Infinity:undefined:undefined:undefined:undefined":30,"s:181:8:183:Infinity":85,"b:181:12:181:29:181:33:181:49":31,"s:182:12:182:Infinity":86,"s:185:8:185:Infinity":87,"s:187:4:187:Infinity":88,"s:190:38:236:1":89,"f:190:38:190:43":17,"s:191:4:235:Infinity":90,"s:192:25:192:65":91,"s:193:23:193:53":92,"b:194:8:197:Infinity:undefined:undefined:undefined:undefined":32,"s:194:8:197:Infinity":93,"s:195:12:195:Infinity":94,"s:196:12:196:Infinity":95,"s:199:24:199:56":96,"b:200:8:200:Infinity:undefined:undefined:undefined:undefined":33,"s:200:8:200:Infinity":97,"b:200:12:200:27:200:31:200:50":34,"s:200:52:200:Infinity":98,"s:203:31:217:9":99,"b:219:8:219:Infinity:undefined:undefined:undefined:undefined":35,"s:219:8:219:Infinity":100,"s:219:33:219:Infinity":101,"s:220:27:220:55":102,"s:221:23:221:52":103,"s:223:24:223:44":104,"b:223:24:223:38:223:42:223:44":36,"s:225:29:225:103":105,"f:225:44:225:45":18,"s:225:49:225:102":106,"b:225:49:225:55:225:59:225:76:225:80:225:102":37,"b:227:8:229:Infinity:undefined:undefined:undefined:undefined":38,"s:227:8:229:Infinity":107,"s:228:12:228:Infinity":108,"s:231:8:231:Infinity":109,"s:233:8:233:Infinity":110,"s:234:8:234:Infinity":111,"s:238:39:247:1":112,"f:238:39:238:44":19,"s:239:4:246:Infinity":113,"s:240:30:240:62":114,"s:241:27:241:185":115,"s:242:23:242:47":116,"s:243:8:243:Infinity":117,"s:245:8:245:Infinity":118,"f:249:22:249:39":20,"s:251:19:251:282":119,"s:252:17:252:37":120,"s:253:4:253:Infinity":121,"s:256:35:258:1":122,"f:256:35:256:40":21,"s:257:4:257:Infinity":123,"s:260:37:263:1":124,"f:260:37:260:42":22,"s:261:19:261:154":125,"s:262:4:262:Infinity":126,"b:262:11:262:44:262:48:262:50":39,"s:265:28:273:1":127,"f:265:28:265:33":23,"s:266:4:272:Infinity":128,"s:267:30:267:62":129,"s:268:27:268:234":130,"s:269:8:269:Infinity":131,"s:271:8:271:Infinity":132}}}
,"E:\\Projetos\\ggpro\\js\\services\\pressureService.js": {"path":"E:\\Projetos\\ggpro\\js\\services\\pressureService.js","statementMap":{"0":{"start":{"line":9,"column":4},"end":{"line":14,"column":6}},"1":{"start":{"line":15,"column":4},"end":{"line":15,"column":29}},"2":{"start":{"line":23,"column":4},"end":{"line":23,"column":51}},"3":{"start":{"line":23,"column":26},"end":{"line":23,"column":51}},"4":{"start":{"line":25,"column":18},"end":{"line":25,"column":39}},"5":{"start":{"line":26,"column":16},"end":{"line":26,"column":26}},"6":{"start":{"line":29,"column":4},"end":{"line":29,"column":76}},"7":{"start":{"line":29,"column":51},"end":{"line":29,"column":76}},"8":{"start":{"line":31,"column":4},"end":{"line":31,"column":28}},"9":{"start":{"line":33,"column":4},"end":{"line":92,"column":5}},"10":{"start":{"line":34,"column":25},"end":{"line":34,"column":141}},"11":{"start":{"line":35,"column":23},"end":{"line":35,"column":62}},"12":{"start":{"line":37,"column":27},"end":{"line":38,"column":85}},"13":{"start":{"line":38,"column":21},"end":{"line":38,"column":84}},"14":{"start":{"line":40,"column":6},"end":{"line":43,"column":7}},"15":{"start":{"line":41,"column":8},"end":{"line":41,"column":33}},"16":{"start":{"line":42,"column":8},"end":{"line":42,"column":33}},"17":{"start":{"line":46,"column":24},"end":{"line":46,"column":66}},"18":{"start":{"line":47,"column":24},"end":{"line":47,"column":66}},"19":{"start":{"line":49,"column":25},"end":{"line":49,"column":67}},"20":{"start":{"line":51,"column":21},"end":{"line":74,"column":7}},"21":{"start":{"line":76,"column":23},"end":{"line":76,"column":43}},"22":{"start":{"line":77,"column":21},"end":{"line":77,"column":45}},"23":{"start":{"line":79,"column":6},"end":{"line":82,"column":8}},"24":{"start":{"line":85,"column":6},"end":{"line":85,"column":28}},"25":{"start":{"line":87,"column":6},"end":{"line":87,"column":31}},"26":{"start":{"line":89,"column":6},"end":{"line":89,"column":58}},"27":{"start":{"line":91,"column":6},"end":{"line":91,"column":31}},"28":{"start":{"line":96,"column":23},"end":{"line":96,"column":62}},"29":{"start":{"line":96,"column":42},"end":{"line":96,"column":61}},"30":{"start":{"line":97,"column":4},"end":{"line":102,"column":6}},"31":{"start":{"line":98,"column":36},"end":{"line":98,"column":53}},"32":{"start":{"line":99,"column":36},"end":{"line":99,"column":81}},"33":{"start":{"line":100,"column":38},"end":{"line":100,"column":57}},"34":{"start":{"line":101,"column":36},"end":{"line":101,"column":53}},"35":{"start":{"line":106,"column":4},"end":{"line":115,"column":5}},"36":{"start":{"line":107,"column":18},"end":{"line":107,"column":73}},"37":{"start":{"line":108,"column":25},"end":{"line":108,"column":43}},"38":{"start":{"line":109,"column":24},"end":{"line":109,"column":46}},"39":{"start":{"line":110,"column":6},"end":{"line":112,"column":7}},"40":{"start":{"line":111,"column":10},"end":{"line":111,"column":72}},"41":{"start":{"line":114,"column":6},"end":{"line":114,"column":57}},"42":{"start":{"line":116,"column":4},"end":{"line":116,"column":79}},"43":{"start":{"line":120,"column":18},"end":{"line":120,"column":82}},"44":{"start":{"line":121,"column":4},"end":{"line":121,"column":32}},"45":{"start":{"line":125,"column":31},"end":{"line":125,"column":52}}},"fnMap":{"0":{"name":"(anonymous_0)","decl":{"start":{"line":8,"column":2},"end":{"line":8,"column":13}},"loc":{"start":{"line":8,"column":16},"end":{"line":16,"column":3}},"line":8},"1":{"name":"(anonymous_1)","decl":{"start":{"line":22,"column":8},"end":{"line":22,"column":29}},"loc":{"start":{"line":22,"column":50},"end":{"line":93,"column":3}},"line":22},"2":{"name":"(anonymous_2)","decl":{"start":{"line":38,"column":16},"end":{"line":38,"column":17}},"loc":{"start":{"line":38,"column":21},"end":{"line":38,"column":84}},"line":38},"3":{"name":"(anonymous_3)","decl":{"start":{"line":95,"column":2},"end":{"line":95,"column":17}},"loc":{"start":{"line":95,"column":34},"end":{"line":103,"column":3}},"line":95},"4":{"name":"(anonymous_4)","decl":{"start":{"line":96,"column":37},"end":{"line":96,"column":38}},"loc":{"start":{"line":96,"column":42},"end":{"line":96,"column":61}},"line":96},"5":{"name":"(anonymous_5)","decl":{"start":{"line":98,"column":31},"end":{"line":98,"column":32}},"loc":{"start":{"line":98,"column":36},"end":{"line":98,"column":53}},"line":98},"6":{"name":"(anonymous_6)","decl":{"start":{"line":99,"column":31},"end":{"line":99,"column":32}},"loc":{"start":{"line":99,"column":36},"end":{"line":99,"column":81}},"line":99},"7":{"name":"(anonymous_7)","decl":{"start":{"line":100,"column":33},"end":{"line":100,"column":34}},"loc":{"start":{"line":100,"column":38},"end":{"line":100,"column":57}},"line":100},"8":{"name":"(anonymous_8)","decl":{"start":{"line":101,"column":31},"end":{"line":101,"column":32}},"loc":{"start":{"line":101,"column":36},"end":{"line":101,"column":53}},"line":101},"9":{"name":"(anonymous_9)","decl":{"start":{"line":105,"column":2},"end":{"line":105,"column":11}},"loc":{"start":{"line":105,"column":18},"end":{"line":117,"column":3}},"line":105},"10":{"name":"(anonymous_10)","decl":{"start":{"line":119,"column":2},"end":{"line":119,"column":16}},"loc":{"start":{"line":119,"column":19},"end":{"line":122,"column":3}},"line":119}},"branchMap":{"0":{"loc":{"start":{"line":22,"column":30},"end":{"line":22,"column":48}},"type":"default-arg","locations":[{"start":{"line":22,"column":46},"end":{"line":22,"column":48}}],"line":22},"1":{"loc":{"start":{"line":23,"column":4},"end":{"line":23,"column":51}},"type":"if","locations":[{"start":{"line":23,"column":4},"end":{"line":23,"column":51}},{"start":{},"end":{}}],"line":23},"2":{"loc":{"start":{"line":29,"column":4},"end":{"line":29,"column":76}},"type":"if","locations":[{"start":{"line":29,"column":4},"end":{"line":29,"column":76}},{"start":{},"end":{}}],"line":29},"3":{"loc":{"start":{"line":34,"column":58},"end":{"line":34,"column":130}},"type":"cond-expr","locations":[{"start":{"line":34,"column":100},"end":{"line":34,"column":126}},{"start":{"line":34,"column":129},"end":{"line":34,"column":130}}],"line":34},"4":{"loc":{"start":{"line":34,"column":58},"end":{"line":34,"column":97}},"type":"binary-expr","locations":[{"start":{"line":34,"column":58},"end":{"line":34,"column":78}},{"start":{"line":34,"column":82},"end":{"line":34,"column":97}}],"line":34},"5":{"loc":{"start":{"line":37,"column":28},"end":{"line":37,"column":46}},"type":"binary-expr","locations":[{"start":{"line":37,"column":28},"end":{"line":37,"column":40}},{"start":{"line":37,"column":44},"end":{"line":37,"column":46}}],"line":37},"6":{"loc":{"start":{"line":38,"column":21},"end":{"line":38,"column":84}},"type":"binary-expr","locations":[{"start":{"line":38,"column":21},"end":{"line":38,"column":34}},{"start":{"line":38,"column":38},"end":{"line":38,"column":58}},{"start":{"line":38,"column":62},"end":{"line":38,"column":84}}],"line":38},"7":{"loc":{"start":{"line":40,"column":6},"end":{"line":43,"column":7}},"type":"if","locations":[{"start":{"line":40,"column":6},"end":{"line":43,"column":7}},{"start":{},"end":{}}],"line":40},"8":{"loc":{"start":{"line":49,"column":25},"end":{"line":49,"column":67}},"type":"binary-expr","locations":[{"start":{"line":49,"column":25},"end":{"line":49,"column":41}},{"start":{"line":49,"column":45},"end":{"line":49,"column":67}}],"line":49},"9":{"loc":{"start":{"line":110,"column":6},"end":{"line":112,"column":7}},"type":"if","locations":[{"start":{"line":110,"column":6},"end":{"line":112,"column":7}},{"start":{},"end":{}}],"line":110},"10":{"loc":{"start":{"line":110,"column":10},"end":{"line":110,"column":47}},"type":"binary-expr","locations":[{"start":{"line":110,"column":10},"end":{"line":110,"column":27}},{"start":{"line":110,"column":31},"end":{"line":110,"column":47}}],"line":110}},"s":{"0":1,"1":1,"2":3,"3":0,"4":3,"5":3,"6":3,"7":2,"8":1,"9":1,"10":1,"11":3,"12":3,"13":3,"14":3,"15":0,"16":0,"17":1,"18":1,"19":1,"20":3,"21":3,"22":1,"23":1,"24":1,"25":1,"26":0,"27":1,"28":2,"29":6,"30":2,"31":3,"32":3,"33":3,"34":3,"35":1,"36":1,"37":1,"38":1,"39":1,"40":1,"41":0,"42":0,"43":1,"44":1,"45":1},"f":{"0":1,"1":3,"2":3,"3":2,"4":6,"5":3,"6":3,"7":3,"8":3,"9":1,"10":1},"b":{"0":[3],"1":[0,3],"2":[2,1],"3":[0,1],"4":[1,0],"5":[3,0],"6":[3,3,3],"7":[0,3],"8":[1,1],"9":[1,0],"10":[1,1]},"meta":{"lastBranch":11,"lastFunction":11,"lastStatement":46,"seen":{"f:8:2:8:13":0,"s:9:4:14:6":0,"s:15:4:15:29":1,"f:22:8:22:29":1,"b:22:46:22:48":0,"b:23:4:23:51:undefined:undefined:undefined:undefined":1,"s:23:4:23:51":2,"s:23:26:23:51":3,"s:25:18:25:39":4,"s:26:16:26:26":5,"b:29:4:29:76:undefined:undefined:undefined:undefined":2,"s:29:4:29:76":6,"s:29:51:29:76":7,"s:31:4:31:28":8,"s:33:4:92:5":9,"s:34:25:34:141":10,"b:34:100:34:126:34:129:34:130":3,"b:34:58:34:78:34:82:34:97":4,"s:35:23:35:62":11,"s:37:27:38:85":12,"b:37:28:37:40:37:44:37:46":5,"f:38:16:38:17":2,"s:38:21:38:84":13,"b:38:21:38:34:38:38:38:58:38:62:38:84":6,"b:40:6:43:7:undefined:undefined:undefined:undefined":7,"s:40:6:43:7":14,"s:41:8:41:33":15,"s:42:8:42:33":16,"s:46:24:46:66":17,"s:47:24:47:66":18,"s:49:25:49:67":19,"b:49:25:49:41:49:45:49:67":8,"s:51:21:74:7":20,"s:76:23:76:43":21,"s:77:21:77:45":22,"s:79:6:82:8":23,"s:85:6:85:28":24,"s:87:6:87:31":25,"s:89:6:89:58":26,"s:91:6:91:31":27,"f:95:2:95:17":3,"s:96:23:96:62":28,"f:96:37:96:38":4,"s:96:42:96:61":29,"s:97:4:102:6":30,"f:98:31:98:32":5,"s:98:36:98:53":31,"f:99:31:99:32":6,"s:99:36:99:81":32,"f:100:33:100:34":7,"s:100:38:100:57":33,"f:101:31:101:32":8,"s:101:36:101:53":34,"f:105:2:105:11":9,"s:106:4:115:5":35,"s:107:18:107:73":36,"s:108:25:108:43":37,"s:109:24:109:46":38,"b:110:6:112:7:undefined:undefined:undefined:undefined":9,"s:110:6:112:7":39,"b:110:10:110:27:110:31:110:47":10,"s:111:10:111:72":40,"s:114:6:114:57":41,"s:116:4:116:79":42,"f:119:2:119:16":10,"s:120:18:120:82":43,"s:121:4:121:32":44,"s:125:31:125:52":45}}}
}
