{"E:\\Projetos\\ggpro\\js\\constants.js": {"path":"E:\\Projetos\\ggpro\\js\\constants.js","statementMap":{"0":{"start":{"line":3,"column":27},"end":{"line":3,"column":50}},"1":{"start":{"line":5,"column":26},"end":{"line":30,"column":1}},"2":{"start":{"line":32,"column":33},"end":{"line":40,"column":1}},"3":{"start":{"line":42,"column":33},"end":{"line":50,"column":1}},"4":{"start":{"line":52,"column":27},"end":{"line":55,"column":1}},"5":{"start":{"line":57,"column":33},"end":{"line":82,"column":1}},"6":{"start":{"line":84,"column":27},"end":{"line":91,"column":1}},"7":{"start":{"line":93,"column":34},"end":{"line":133,"column":1}},"8":{"start":{"line":135,"column":32},"end":{"line":140,"column":1}},"9":{"start":{"line":142,"column":23},"end":{"line":142,"column":99}}},"fnMap":{},"branchMap":{},"s":{"0":2,"1":2,"2":2,"3":2,"4":2,"5":2,"6":2,"7":2,"8":2,"9":2},"f":{},"b":{},"meta":{"lastBranch":0,"lastFunction":0,"lastStatement":10,"seen":{"s:3:27:3:50":0,"s:5:26:30:1":1,"s:32:33:40:1":2,"s:42:33:50:1":3,"s:52:27:55:1":4,"s:57:33:82:1":5,"s:84:27:91:1":6,"s:93:34:133:1":7,"s:135:32:140:1":8,"s:142:23:142:99":9}}}
,"E:\\Projetos\\ggpro\\js\\state.js": {"path":"E:\\Projetos\\ggpro\\js\\state.js","statementMap":{"0":{"start":{"line":8,"column":4},"end":{"line":8,"column":null}},"1":{"start":{"line":9,"column":4},"end":{"line":9,"column":null}},"2":{"start":{"line":10,"column":4},"end":{"line":10,"column":null}},"3":{"start":{"line":14,"column":16},"end":{"line":14,"column":20}},"4":{"start":{"line":15,"column":4},"end":{"line":19,"column":null}},"5":{"start":{"line":16,"column":6},"end":{"line":18,"column":null}},"6":{"start":{"line":17,"column":8},"end":{"line":17,"column":null}},"7":{"start":{"line":19,"column":18},"end":{"line":19,"column":65}},"8":{"start":{"line":21,"column":25},"end":{"line":21,"column":83}},"9":{"start":{"line":23,"column":22},"end":{"line":40,"column":5}},"10":{"start":{"line":42,"column":4},"end":{"line":50,"column":null}},"11":{"start":{"line":43,"column":6},"end":{"line":47,"column":null}},"12":{"start":{"line":44,"column":8},"end":{"line":44,"column":null}},"13":{"start":{"line":46,"column":8},"end":{"line":46,"column":null}},"14":{"start":{"line":49,"column":6},"end":{"line":49,"column":null}},"15":{"start":{"line":54,"column":4},"end":{"line":54,"column":null}},"16":{"start":{"line":55,"column":4},"end":{"line":55,"column":null}},"17":{"start":{"line":55,"column":19},"end":{"line":55,"column":79}},"18":{"start":{"line":55,"column":63},"end":{"line":55,"column":77}},"19":{"start":{"line":59,"column":4},"end":{"line":61,"column":null}},"20":{"start":{"line":60,"column":6},"end":{"line":60,"column":null}},"21":{"start":{"line":60,"column":12},"end":{"line":60,"column":33}},"22":{"start":{"line":60,"column":47},"end":{"line":60,"column":85}},"23":{"start":{"line":65,"column":4},"end":{"line":69,"column":null}},"24":{"start":{"line":66,"column":6},"end":{"line":68,"column":null}},"25":{"start":{"line":67,"column":8},"end":{"line":67,"column":null}},"26":{"start":{"line":70,"column":4},"end":{"line":70,"column":null}},"27":{"start":{"line":73,"column":15},"end":{"line":73,"column":33}},"28":{"start":{"line":76,"column":4},"end":{"line":76,"column":null}},"29":{"start":{"line":77,"column":22},"end":{"line":77,"column":105}},"30":{"start":{"line":78,"column":4},"end":{"line":78,"column":null}},"31":{"start":{"line":79,"column":4},"end":{"line":79,"column":null}},"32":{"start":{"line":83,"column":4},"end":{"line":83,"column":null}},"33":{"start":{"line":84,"column":4},"end":{"line":84,"column":null}},"34":{"start":{"line":84,"column":34},"end":{"line":84,"column":null}},"35":{"start":{"line":88,"column":4},"end":{"line":88,"column":null}},"36":{"start":{"line":88,"column":35},"end":{"line":88,"column":null}},"37":{"start":{"line":89,"column":17},"end":{"line":89,"column":35}},"38":{"start":{"line":90,"column":4},"end":{"line":90,"column":null}},"39":{"start":{"line":91,"column":4},"end":{"line":91,"column":null}},"40":{"start":{"line":96,"column":4},"end":{"line":96,"column":null}},"41":{"start":{"line":98,"column":18},"end":{"line":104,"column":5}},"42":{"start":{"line":106,"column":22},"end":{"line":106,"column":59}},"43":{"start":{"line":107,"column":19},"end":{"line":107,"column":42}},"44":{"start":{"line":109,"column":4},"end":{"line":112,"column":null}},"45":{"start":{"line":110,"column":6},"end":{"line":111,"column":null}},"46":{"start":{"line":110,"column":35},"end":{"line":110,"column":null}},"47":{"start":{"line":111,"column":11},"end":{"line":111,"column":null}},"48":{"start":{"line":111,"column":40},"end":{"line":111,"column":null}},"49":{"start":{"line":114,"column":4},"end":{"line":114,"column":null}},"50":{"start":{"line":117,"column":4},"end":{"line":117,"column":null}},"51":{"start":{"line":119,"column":4},"end":{"line":119,"column":null}},"52":{"start":{"line":124,"column":4},"end":{"line":134,"column":null}},"53":{"start":{"line":125,"column":27},"end":{"line":125,"column":132}},"54":{"start":{"line":125,"column":57},"end":{"line":125,"column":131}},"55":{"start":{"line":126,"column":6},"end":{"line":133,"column":null}},"56":{"start":{"line":127,"column":8},"end":{"line":132,"column":null}},"57":{"start":{"line":139,"column":4},"end":{"line":139,"column":null}},"58":{"start":{"line":139,"column":27},"end":{"line":139,"column":null}},"59":{"start":{"line":140,"column":4},"end":{"line":140,"column":null}},"60":{"start":{"line":140,"column":27},"end":{"line":140,"column":null}},"61":{"start":{"line":141,"column":4},"end":{"line":141,"column":null}},"62":{"start":{"line":145,"column":23},"end":{"line":145,"column":103}},"63":{"start":{"line":146,"column":4},"end":{"line":146,"column":null}},"64":{"start":{"line":146,"column":32},"end":{"line":146,"column":49}},"65":{"start":{"line":151,"column":23},"end":{"line":151,"column":78}},"66":{"start":{"line":152,"column":18},"end":{"line":156,"column":5}},"67":{"start":{"line":157,"column":4},"end":{"line":161,"column":null}},"68":{"start":{"line":162,"column":4},"end":{"line":162,"column":null}},"69":{"start":{"line":166,"column":21},"end":{"line":166,"column":97}},"70":{"start":{"line":167,"column":16},"end":{"line":167,"column":41}},"71":{"start":{"line":168,"column":4},"end":{"line":168,"column":null}},"72":{"start":{"line":172,"column":16},"end":{"line":176,"column":5}},"73":{"start":{"line":177,"column":4},"end":{"line":177,"column":null}},"74":{"start":{"line":181,"column":4},"end":{"line":183,"column":null}},"75":{"start":{"line":182,"column":6},"end":{"line":182,"column":null}},"76":{"start":{"line":184,"column":4},"end":{"line":184,"column":null}},"77":{"start":{"line":185,"column":4},"end":{"line":185,"column":null}},"78":{"start":{"line":189,"column":19},"end":{"line":189,"column":35}}},"fnMap":{"0":{"name":"(anonymous_0)","decl":{"start":{"line":7,"column":2},"end":{"line":7,"column":13}},"loc":{"start":{"line":7,"column":16},"end":{"line":11,"column":null}},"line":7},"1":{"name":"(anonymous_1)","decl":{"start":{"line":13,"column":2},"end":{"line":13,"column":6}},"loc":{"start":{"line":13,"column":9},"end":{"line":51,"column":null}},"line":13},"2":{"name":"(anonymous_2)","decl":{"start":{"line":53,"column":2},"end":{"line":53,"column":11}},"loc":{"start":{"line":53,"column":22},"end":{"line":56,"column":null}},"line":53},"3":{"name":"(anonymous_3)","decl":{"start":{"line":55,"column":11},"end":{"line":55,"column":12}},"loc":{"start":{"line":55,"column":17},"end":{"line":55,"column":81}},"line":55},"4":{"name":"(anonymous_4)","decl":{"start":{"line":55,"column":58},"end":{"line":55,"column":59}},"loc":{"start":{"line":55,"column":63},"end":{"line":55,"column":77}},"line":55},"5":{"name":"(anonymous_5)","decl":{"start":{"line":58,"column":2},"end":{"line":58,"column":8}},"loc":{"start":{"line":58,"column":11},"end":{"line":62,"column":null}},"line":58},"6":{"name":"(anonymous_6)","decl":{"start":{"line":59,"column":27},"end":{"line":59,"column":35}},"loc":{"start":{"line":59,"column":39},"end":{"line":61,"column":5}},"line":59},"7":{"name":"(anonymous_7)","decl":{"start":{"line":64,"column":2},"end":{"line":64,"column":6}},"loc":{"start":{"line":64,"column":9},"end":{"line":71,"column":null}},"line":64},"8":{"name":"(anonymous_8)","decl":{"start":{"line":73,"column":2},"end":{"line":73,"column":10}},"loc":{"start":{"line":73,"column":13},"end":{"line":73,"column":null}},"line":73},"9":{"name":"(anonymous_9)","decl":{"start":{"line":75,"column":2},"end":{"line":75,"column":10}},"loc":{"start":{"line":75,"column":20},"end":{"line":80,"column":null}},"line":75},"10":{"name":"(anonymous_10)","decl":{"start":{"line":82,"column":2},"end":{"line":82,"column":15}},"loc":{"start":{"line":82,"column":18},"end":{"line":85,"column":null}},"line":82},"11":{"name":"(anonymous_11)","decl":{"start":{"line":87,"column":2},"end":{"line":87,"column":12}},"loc":{"start":{"line":87,"column":15},"end":{"line":92,"column":null}},"line":87},"12":{"name":"(anonymous_12)","decl":{"start":{"line":95,"column":2},"end":{"line":95,"column":10}},"loc":{"start":{"line":95,"column":22},"end":{"line":120,"column":null}},"line":95},"13":{"name":"(anonymous_13)","decl":{"start":{"line":122,"column":2},"end":{"line":122,"column":18}},"loc":{"start":{"line":122,"column":26},"end":{"line":135,"column":null}},"line":122},"14":{"name":"(anonymous_14)","decl":{"start":{"line":125,"column":52},"end":{"line":125,"column":53}},"loc":{"start":{"line":125,"column":57},"end":{"line":125,"column":131}},"line":125},"15":{"name":"(anonymous_15)","decl":{"start":{"line":138,"column":2},"end":{"line":138,"column":18}},"loc":{"start":{"line":138,"column":27},"end":{"line":142,"column":null}},"line":138},"16":{"name":"(anonymous_16)","decl":{"start":{"line":144,"column":2},"end":{"line":144,"column":12}},"loc":{"start":{"line":144,"column":23},"end":{"line":147,"column":null}},"line":144},"17":{"name":"(anonymous_17)","decl":{"start":{"line":146,"column":27},"end":{"line":146,"column":28}},"loc":{"start":{"line":146,"column":32},"end":{"line":146,"column":49}},"line":146},"18":{"name":"(anonymous_18)","decl":{"start":{"line":150,"column":2},"end":{"line":150,"column":15}},"loc":{"start":{"line":150,"column":24},"end":{"line":163,"column":null}},"line":150},"19":{"name":"(anonymous_19)","decl":{"start":{"line":165,"column":2},"end":{"line":165,"column":23}},"loc":{"start":{"line":165,"column":33},"end":{"line":169,"column":null}},"line":165},"20":{"name":"(anonymous_20)","decl":{"start":{"line":171,"column":2},"end":{"line":171,"column":18}},"loc":{"start":{"line":171,"column":22},"end":{"line":178,"column":null}},"line":171},"21":{"name":"(anonymous_21)","decl":{"start":{"line":180,"column":2},"end":{"line":180,"column":13}},"loc":{"start":{"line":180,"column":16},"end":{"line":186,"column":null}},"line":180}},"branchMap":{"0":{"loc":{"start":{"line":16,"column":6},"end":{"line":18,"column":null}},"type":"if","locations":[{"start":{"line":16,"column":6},"end":{"line":18,"column":null}},{"start":{},"end":{}}],"line":16},"1":{"loc":{"start":{"line":42,"column":4},"end":{"line":50,"column":null}},"type":"if","locations":[{"start":{"line":42,"column":4},"end":{"line":50,"column":null}},{"start":{"line":48,"column":11},"end":{"line":50,"column":null}}],"line":42},"2":{"loc":{"start":{"line":66,"column":6},"end":{"line":68,"column":null}},"type":"if","locations":[{"start":{"line":66,"column":6},"end":{"line":68,"column":null}},{"start":{},"end":{}}],"line":66},"3":{"loc":{"start":{"line":77,"column":22},"end":{"line":77,"column":105}},"type":"cond-expr","locations":[{"start":{"line":77,"column":54},"end":{"line":77,"column":73}},{"start":{"line":77,"column":76},"end":{"line":77,"column":105}}],"line":77},"4":{"loc":{"start":{"line":84,"column":4},"end":{"line":84,"column":null}},"type":"if","locations":[{"start":{"line":84,"column":4},"end":{"line":84,"column":null}},{"start":{},"end":{}}],"line":84},"5":{"loc":{"start":{"line":88,"column":4},"end":{"line":88,"column":null}},"type":"if","locations":[{"start":{"line":88,"column":4},"end":{"line":88,"column":null}},{"start":{},"end":{}}],"line":88},"6":{"loc":{"start":{"line":99,"column":10},"end":{"line":99,"column":117}},"type":"cond-expr","locations":[{"start":{"line":99,"column":30},"end":{"line":99,"column":49}},{"start":{"line":99,"column":52},"end":{"line":99,"column":117}}],"line":99},"7":{"loc":{"start":{"line":106,"column":34},"end":{"line":106,"column":57}},"type":"binary-expr","locations":[{"start":{"line":106,"column":34},"end":{"line":106,"column":51}},{"start":{"line":106,"column":55},"end":{"line":106,"column":57}}],"line":106},"8":{"loc":{"start":{"line":109,"column":4},"end":{"line":112,"column":null}},"type":"if","locations":[{"start":{"line":109,"column":4},"end":{"line":112,"column":null}},{"start":{},"end":{}}],"line":109},"9":{"loc":{"start":{"line":110,"column":6},"end":{"line":111,"column":null}},"type":"if","locations":[{"start":{"line":110,"column":6},"end":{"line":111,"column":null}},{"start":{"line":111,"column":11},"end":{"line":111,"column":null}}],"line":110},"10":{"loc":{"start":{"line":111,"column":11},"end":{"line":111,"column":null}},"type":"if","locations":[{"start":{"line":111,"column":11},"end":{"line":111,"column":null}},{"start":{},"end":{}}],"line":111},"11":{"loc":{"start":{"line":124,"column":4},"end":{"line":134,"column":null}},"type":"if","locations":[{"start":{"line":124,"column":4},"end":{"line":134,"column":null}},{"start":{},"end":{}}],"line":124},"12":{"loc":{"start":{"line":124,"column":8},"end":{"line":124,"column":54}},"type":"binary-expr","locations":[{"start":{"line":124,"column":8},"end":{"line":124,"column":36}},{"start":{"line":124,"column":40},"end":{"line":124,"column":54}}],"line":124},"13":{"loc":{"start":{"line":125,"column":57},"end":{"line":125,"column":131}},"type":"binary-expr","locations":[{"start":{"line":125,"column":57},"end":{"line":125,"column":86}},{"start":{"line":125,"column":90},"end":{"line":125,"column":114}},{"start":{"line":125,"column":118},"end":{"line":125,"column":131}}],"line":125},"14":{"loc":{"start":{"line":126,"column":6},"end":{"line":133,"column":null}},"type":"if","locations":[{"start":{"line":126,"column":6},"end":{"line":133,"column":null}},{"start":{},"end":{}}],"line":126},"15":{"loc":{"start":{"line":139,"column":4},"end":{"line":139,"column":null}},"type":"if","locations":[{"start":{"line":139,"column":4},"end":{"line":139,"column":null}},{"start":{},"end":{}}],"line":139},"16":{"loc":{"start":{"line":139,"column":34},"end":{"line":139,"column":72}},"type":"binary-expr","locations":[{"start":{"line":139,"column":34},"end":{"line":139,"column":63}},{"start":{"line":139,"column":67},"end":{"line":139,"column":72}}],"line":139},"17":{"loc":{"start":{"line":140,"column":4},"end":{"line":140,"column":null}},"type":"if","locations":[{"start":{"line":140,"column":4},"end":{"line":140,"column":null}},{"start":{},"end":{}}],"line":140},"18":{"loc":{"start":{"line":140,"column":34},"end":{"line":140,"column":72}},"type":"binary-expr","locations":[{"start":{"line":140,"column":34},"end":{"line":140,"column":63}},{"start":{"line":140,"column":67},"end":{"line":140,"column":72}}],"line":140},"19":{"loc":{"start":{"line":145,"column":28},"end":{"line":145,"column":61}},"type":"binary-expr","locations":[{"start":{"line":145,"column":28},"end":{"line":145,"column":55}},{"start":{"line":145,"column":59},"end":{"line":145,"column":61}}],"line":145},"20":{"loc":{"start":{"line":145,"column":68},"end":{"line":145,"column":101}},"type":"binary-expr","locations":[{"start":{"line":145,"column":68},"end":{"line":145,"column":95}},{"start":{"line":145,"column":99},"end":{"line":145,"column":101}}],"line":145},"21":{"loc":{"start":{"line":151,"column":23},"end":{"line":151,"column":78}},"type":"binary-expr","locations":[{"start":{"line":151,"column":23},"end":{"line":151,"column":29}},{"start":{"line":151,"column":33},"end":{"line":151,"column":78}}],"line":151},"22":{"loc":{"start":{"line":160,"column":22},"end":{"line":160,"column":null}},"type":"cond-expr","locations":[{"start":{"line":160,"column":44},"end":{"line":160,"column":48}},{"start":{"line":160,"column":51},"end":{"line":160,"column":null}}],"line":160},"23":{"loc":{"start":{"line":177,"column":11},"end":{"line":177,"column":22}},"type":"binary-expr","locations":[{"start":{"line":177,"column":11},"end":{"line":177,"column":17}},{"start":{"line":177,"column":21},"end":{"line":177,"column":22}}],"line":177},"24":{"loc":{"start":{"line":181,"column":4},"end":{"line":183,"column":null}},"type":"if","locations":[{"start":{"line":181,"column":4},"end":{"line":183,"column":null}},{"start":{},"end":{}}],"line":181}},"s":{"0":2,"1":2,"2":2,"3":21,"4":21,"5":21,"6":21,"7":0,"8":21,"9":21,"10":21,"11":2,"12":2,"13":1,"14":19,"15":1,"16":1,"17":1,"18":1,"19":107,"20":1,"21":1,"22":0,"23":90,"24":90,"25":90,"26":90,"27":18,"28":10,"29":10,"30":10,"31":10,"32":89,"33":89,"34":26,"35":1,"36":0,"37":1,"38":1,"39":1,"40":79,"41":79,"42":79,"43":79,"44":79,"45":3,"46":2,"47":1,"48":1,"49":79,"50":79,"51":79,"52":79,"53":2,"54":3,"55":2,"56":1,"57":3,"58":1,"59":2,"60":2,"61":1,"62":2,"63":2,"64":2,"65":3,"66":3,"67":3,"68":3,"69":2,"70":2,"71":2,"72":3,"73":3,"74":17,"75":17,"76":17,"77":17,"78":2},"f":{"0":2,"1":21,"2":1,"3":1,"4":1,"5":107,"6":1,"7":90,"8":18,"9":10,"10":89,"11":1,"12":79,"13":79,"14":3,"15":3,"16":2,"17":2,"18":3,"19":2,"20":3,"21":17},"b":{"0":[21,0],"1":[2,19],"2":[90,0],"3":[1,9],"4":[26,63],"5":[0,1],"6":[79,0],"7":[79,0],"8":[3,76],"9":[2,1],"10":[1,0],"11":[2,77],"12":[79,2],"13":[3,3,3],"14":[1,1],"15":[1,2],"16":[1,0],"17":[1,1],"18":[1,0],"19":[2,0],"20":[2,0],"21":[3,2],"22":[3,0],"23":[3,0],"24":[17,0]},"meta":{"lastBranch":25,"lastFunction":22,"lastStatement":79,"seen":{"f:7:2:7:13":0,"s:8:4:8:Infinity":0,"s:9:4:9:Infinity":1,"s:10:4:10:Infinity":2,"f:13:2:13:6":1,"s:14:16:14:20":3,"s:15:4:19:Infinity":4,"b:16:6:18:Infinity:undefined:undefined:undefined:undefined":0,"s:16:6:18:Infinity":5,"s:17:8:17:Infinity":6,"s:19:18:19:65":7,"s:21:25:21:83":8,"s:23:22:40:5":9,"b:42:4:50:Infinity:48:11:50:Infinity":1,"s:42:4:50:Infinity":10,"s:43:6:47:Infinity":11,"s:44:8:44:Infinity":12,"s:46:8:46:Infinity":13,"s:49:6:49:Infinity":14,"f:53:2:53:11":2,"s:54:4:54:Infinity":15,"s:55:4:55:Infinity":16,"f:55:11:55:12":3,"s:55:19:55:79":17,"f:55:58:55:59":4,"s:55:63:55:77":18,"f:58:2:58:8":5,"s:59:4:61:Infinity":19,"f:59:27:59:35":6,"s:60:6:60:Infinity":20,"s:60:12:60:33":21,"s:60:47:60:85":22,"f:64:2:64:6":7,"s:65:4:69:Infinity":23,"b:66:6:68:Infinity:undefined:undefined:undefined:undefined":2,"s:66:6:68:Infinity":24,"s:67:8:67:Infinity":25,"s:70:4:70:Infinity":26,"f:73:2:73:10":8,"s:73:15:73:33":27,"f:75:2:75:10":9,"s:76:4:76:Infinity":28,"s:77:22:77:105":29,"b:77:54:77:73:77:76:77:105":3,"s:78:4:78:Infinity":30,"s:79:4:79:Infinity":31,"f:82:2:82:15":10,"s:83:4:83:Infinity":32,"b:84:4:84:Infinity:undefined:undefined:undefined:undefined":4,"s:84:4:84:Infinity":33,"s:84:34:84:Infinity":34,"f:87:2:87:12":11,"b:88:4:88:Infinity:undefined:undefined:undefined:undefined":5,"s:88:4:88:Infinity":35,"s:88:35:88:Infinity":36,"s:89:17:89:35":37,"s:90:4:90:Infinity":38,"s:91:4:91:Infinity":39,"f:95:2:95:10":12,"s:96:4:96:Infinity":40,"s:98:18:104:5":41,"b:99:30:99:49:99:52:99:117":6,"s:106:22:106:59":42,"b:106:34:106:51:106:55:106:57":7,"s:107:19:107:42":43,"b:109:4:112:Infinity:undefined:undefined:undefined:undefined":8,"s:109:4:112:Infinity":44,"b:110:6:111:Infinity:111:11:111:Infinity":9,"s:110:6:111:Infinity":45,"s:110:35:110:Infinity":46,"b:111:11:111:Infinity:undefined:undefined:undefined:undefined":10,"s:111:11:111:Infinity":47,"s:111:40:111:Infinity":48,"s:114:4:114:Infinity":49,"s:117:4:117:Infinity":50,"s:119:4:119:Infinity":51,"f:122:2:122:18":13,"b:124:4:134:Infinity:undefined:undefined:undefined:undefined":11,"s:124:4:134:Infinity":52,"b:124:8:124:36:124:40:124:54":12,"s:125:27:125:132":53,"f:125:52:125:53":14,"s:125:57:125:131":54,"b:125:57:125:86:125:90:125:114:125:118:125:131":13,"b:126:6:133:Infinity:undefined:undefined:undefined:undefined":14,"s:126:6:133:Infinity":55,"s:127:8:132:Infinity":56,"f:138:2:138:18":15,"b:139:4:139:Infinity:undefined:undefined:undefined:undefined":15,"s:139:4:139:Infinity":57,"s:139:27:139:Infinity":58,"b:139:34:139:63:139:67:139:72":16,"b:140:4:140:Infinity:undefined:undefined:undefined:undefined":17,"s:140:4:140:Infinity":59,"s:140:27:140:Infinity":60,"b:140:34:140:63:140:67:140:72":18,"s:141:4:141:Infinity":61,"f:144:2:144:12":16,"s:145:23:145:103":62,"b:145:28:145:55:145:59:145:61":19,"b:145:68:145:95:145:99:145:101":20,"s:146:4:146:Infinity":63,"f:146:27:146:28":17,"s:146:32:146:49":64,"f:150:2:150:15":18,"s:151:23:151:78":65,"b:151:23:151:29:151:33:151:78":21,"s:152:18:156:5":66,"s:157:4:161:Infinity":67,"b:160:44:160:48:160:51:160:Infinity":22,"s:162:4:162:Infinity":68,"f:165:2:165:23":19,"s:166:21:166:97":69,"s:167:16:167:41":70,"s:168:4:168:Infinity":71,"f:171:2:171:18":20,"s:172:16:176:5":72,"s:177:4:177:Infinity":73,"b:177:11:177:17:177:21:177:22":23,"f:180:2:180:13":21,"b:181:4:183:Infinity:undefined:undefined:undefined:undefined":24,"s:181:4:183:Infinity":74,"s:182:6:182:Infinity":75,"s:184:4:184:Infinity":76,"s:185:4:185:Infinity":77,"s:189:19:189:35":78}}}
,"E:\\Projetos\\ggpro\\js\\components\\toasts.js": {"path":"E:\\Projetos\\ggpro\\js\\components\\toasts.js","statementMap":{"0":{"start":{"line":6,"column":4},"end":{"line":6,"column":null}},"1":{"start":{"line":7,"column":4},"end":{"line":7,"column":null}},"2":{"start":{"line":8,"column":4},"end":{"line":8,"column":null}},"3":{"start":{"line":13,"column":4},"end":{"line":18,"column":null}},"4":{"start":{"line":14,"column":17},"end":{"line":14,"column":46}},"5":{"start":{"line":15,"column":6},"end":{"line":15,"column":null}},"6":{"start":{"line":16,"column":6},"end":{"line":16,"column":null}},"7":{"start":{"line":17,"column":6},"end":{"line":17,"column":null}},"8":{"start":{"line":19,"column":4},"end":{"line":19,"column":null}},"9":{"start":{"line":22,"column":4},"end":{"line":22,"column":null}},"10":{"start":{"line":22,"column":48},"end":{"line":22,"column":79}},"11":{"start":{"line":23,"column":4},"end":{"line":23,"column":null}},"12":{"start":{"line":23,"column":33},"end":{"line":23,"column":48}},"13":{"start":{"line":27,"column":15},"end":{"line":27,"column":54}},"14":{"start":{"line":28,"column":18},"end":{"line":28,"column":46}},"15":{"start":{"line":29,"column":4},"end":{"line":29,"column":null}},"16":{"start":{"line":30,"column":4},"end":{"line":30,"column":null}},"17":{"start":{"line":32,"column":21},"end":{"line":32,"column":49}},"18":{"start":{"line":33,"column":4},"end":{"line":33,"column":null}},"19":{"start":{"line":33,"column":21},"end":{"line":33,"column":36}},"20":{"start":{"line":37,"column":16},"end":{"line":37,"column":55}},"21":{"start":{"line":37,"column":43},"end":{"line":37,"column":54}},"22":{"start":{"line":38,"column":4},"end":{"line":51,"column":null}},"23":{"start":{"line":40,"column":17},"end":{"line":40,"column":66}},"24":{"start":{"line":41,"column":6},"end":{"line":50,"column":null}},"25":{"start":{"line":42,"column":8},"end":{"line":42,"column":null}},"26":{"start":{"line":43,"column":8},"end":{"line":46,"column":null}},"27":{"start":{"line":44,"column":10},"end":{"line":44,"column":null}},"28":{"start":{"line":44,"column":48},"end":{"line":44,"column":59}},"29":{"start":{"line":45,"column":10},"end":{"line":45,"column":null}},"30":{"start":{"line":48,"column":8},"end":{"line":48,"column":null}},"31":{"start":{"line":48,"column":46},"end":{"line":48,"column":57}},"32":{"start":{"line":49,"column":8},"end":{"line":49,"column":null}},"33":{"start":{"line":55,"column":4},"end":{"line":61,"column":null}},"34":{"start":{"line":56,"column":22},"end":{"line":56,"column":null}},"35":{"start":{"line":57,"column":17},"end":{"line":57,"column":null}},"36":{"start":{"line":58,"column":20},"end":{"line":58,"column":null}},"37":{"start":{"line":59,"column":22},"end":{"line":59,"column":null}},"38":{"start":{"line":60,"column":15},"end":{"line":60,"column":null}},"39":{"start":{"line":65,"column":4},"end":{"line":71,"column":null}},"40":{"start":{"line":66,"column":22},"end":{"line":66,"column":null}},"41":{"start":{"line":67,"column":17},"end":{"line":67,"column":null}},"42":{"start":{"line":68,"column":20},"end":{"line":68,"column":null}},"43":{"start":{"line":69,"column":22},"end":{"line":69,"column":null}},"44":{"start":{"line":70,"column":15},"end":{"line":70,"column":null}},"45":{"start":{"line":75,"column":4},"end":{"line":75,"column":null}},"46":{"start":{"line":75,"column":25},"end":{"line":75,"column":null}},"47":{"start":{"line":77,"column":4},"end":{"line":101,"column":null}},"48":{"start":{"line":78,"column":21},"end":{"line":78,"column":51}},"49":{"start":{"line":79,"column":19},"end":{"line":79,"column":43}},"50":{"start":{"line":81,"column":6},"end":{"line":100,"column":null}},"51":{"start":{"line":105,"column":28},"end":{"line":105,"column":46}}},"fnMap":{"0":{"name":"(anonymous_0)","decl":{"start":{"line":5,"column":2},"end":{"line":5,"column":13}},"loc":{"start":{"line":5,"column":16},"end":{"line":9,"column":null}},"line":5},"1":{"name":"(anonymous_1)","decl":{"start":{"line":11,"column":2},"end":{"line":11,"column":6}},"loc":{"start":{"line":11,"column":9},"end":{"line":24,"column":null}},"line":11},"2":{"name":"(anonymous_2)","decl":{"start":{"line":22,"column":22},"end":{"line":22,"column":23}},"loc":{"start":{"line":22,"column":48},"end":{"line":22,"column":79}},"line":22},"3":{"name":"(anonymous_3)","decl":{"start":{"line":23,"column":25},"end":{"line":23,"column":26}},"loc":{"start":{"line":23,"column":33},"end":{"line":23,"column":48}},"line":23},"4":{"name":"(anonymous_4)","decl":{"start":{"line":26,"column":2},"end":{"line":26,"column":6}},"loc":{"start":{"line":26,"column":38},"end":{"line":34,"column":null}},"line":26},"5":{"name":"(anonymous_5)","decl":{"start":{"line":33,"column":15},"end":{"line":33,"column":16}},"loc":{"start":{"line":33,"column":21},"end":{"line":33,"column":36}},"line":33},"6":{"name":"(anonymous_6)","decl":{"start":{"line":36,"column":2},"end":{"line":36,"column":8}},"loc":{"start":{"line":36,"column":13},"end":{"line":52,"column":null}},"line":36},"7":{"name":"(anonymous_7)","decl":{"start":{"line":37,"column":38},"end":{"line":37,"column":39}},"loc":{"start":{"line":37,"column":43},"end":{"line":37,"column":54}},"line":37},"8":{"name":"(anonymous_8)","decl":{"start":{"line":43,"column":19},"end":{"line":43,"column":20}},"loc":{"start":{"line":43,"column":25},"end":{"line":46,"column":9}},"line":43},"9":{"name":"(anonymous_9)","decl":{"start":{"line":44,"column":43},"end":{"line":44,"column":44}},"loc":{"start":{"line":44,"column":48},"end":{"line":44,"column":59}},"line":44},"10":{"name":"(anonymous_10)","decl":{"start":{"line":48,"column":41},"end":{"line":48,"column":42}},"loc":{"start":{"line":48,"column":46},"end":{"line":48,"column":57}},"line":48},"11":{"name":"(anonymous_11)","decl":{"start":{"line":54,"column":2},"end":{"line":54,"column":9}},"loc":{"start":{"line":54,"column":16},"end":{"line":62,"column":null}},"line":54},"12":{"name":"(anonymous_12)","decl":{"start":{"line":64,"column":2},"end":{"line":64,"column":15}},"loc":{"start":{"line":64,"column":22},"end":{"line":72,"column":null}},"line":64},"13":{"name":"(anonymous_13)","decl":{"start":{"line":74,"column":2},"end":{"line":74,"column":8}},"loc":{"start":{"line":74,"column":11},"end":{"line":102,"column":null}},"line":74},"14":{"name":"(anonymous_14)","decl":{"start":{"line":77,"column":47},"end":{"line":77,"column":52}},"loc":{"start":{"line":77,"column":56},"end":{"line":101,"column":5}},"line":77}},"branchMap":{"0":{"loc":{"start":{"line":13,"column":4},"end":{"line":18,"column":null}},"type":"if","locations":[{"start":{"line":13,"column":4},"end":{"line":18,"column":null}},{"start":{},"end":{}}],"line":13},"1":{"loc":{"start":{"line":26,"column":23},"end":{"line":26,"column":36}},"type":"default-arg","locations":[{"start":{"line":26,"column":30},"end":{"line":26,"column":36}}],"line":26},"2":{"loc":{"start":{"line":32,"column":21},"end":{"line":32,"column":49}},"type":"cond-expr","locations":[{"start":{"line":32,"column":37},"end":{"line":32,"column":42}},{"start":{"line":32,"column":45},"end":{"line":32,"column":49}}],"line":32},"3":{"loc":{"start":{"line":38,"column":4},"end":{"line":51,"column":null}},"type":"if","locations":[{"start":{"line":38,"column":4},"end":{"line":51,"column":null}},{"start":{},"end":{}}],"line":38},"4":{"loc":{"start":{"line":41,"column":6},"end":{"line":50,"column":null}},"type":"if","locations":[{"start":{"line":41,"column":6},"end":{"line":50,"column":null}},{"start":{"line":47,"column":13},"end":{"line":50,"column":null}}],"line":41},"5":{"loc":{"start":{"line":55,"column":4},"end":{"line":61,"column":null}},"type":"switch","locations":[{"start":{"line":56,"column":6},"end":{"line":56,"column":null}},{"start":{"line":57,"column":6},"end":{"line":57,"column":null}},{"start":{"line":58,"column":6},"end":{"line":58,"column":null}},{"start":{"line":59,"column":6},"end":{"line":59,"column":null}},{"start":{"line":60,"column":6},"end":{"line":60,"column":null}}],"line":55},"6":{"loc":{"start":{"line":65,"column":4},"end":{"line":71,"column":null}},"type":"switch","locations":[{"start":{"line":66,"column":6},"end":{"line":66,"column":null}},{"start":{"line":67,"column":6},"end":{"line":67,"column":null}},{"start":{"line":68,"column":6},"end":{"line":68,"column":null}},{"start":{"line":69,"column":6},"end":{"line":69,"column":null}},{"start":{"line":70,"column":6},"end":{"line":70,"column":null}}],"line":65},"7":{"loc":{"start":{"line":75,"column":4},"end":{"line":75,"column":null}},"type":"if","locations":[{"start":{"line":75,"column":4},"end":{"line":75,"column":null}},{"start":{},"end":{}}],"line":75}},"s":{"0":2,"1":2,"2":2,"3":7,"4":7,"5":7,"6":7,"7":7,"8":7,"9":7,"10":0,"11":7,"12":0,"13":10,"14":10,"15":10,"16":10,"17":10,"18":10,"19":0,"20":2,"21":1,"22":2,"23":1,"24":1,"25":1,"26":1,"27":1,"28":1,"29":1,"30":0,"31":0,"32":0,"33":25,"34":7,"35":0,"36":7,"37":0,"38":11,"39":25,"40":7,"41":0,"42":7,"43":0,"44":11,"45":16,"46":0,"47":16,"48":25,"49":25,"50":25,"51":2},"f":{"0":2,"1":7,"2":0,"3":0,"4":10,"5":0,"6":2,"7":1,"8":1,"9":1,"10":0,"11":25,"12":25,"13":16,"14":25},"b":{"0":[7,0],"1":[10],"2":[0,10],"3":[1,1],"4":[1,0],"5":[7,0,7,0,11],"6":[7,0,7,0,11],"7":[0,16]},"meta":{"lastBranch":8,"lastFunction":15,"lastStatement":52,"seen":{"f:5:2:5:13":0,"s:6:4:6:Infinity":0,"s:7:4:7:Infinity":1,"s:8:4:8:Infinity":2,"f:11:2:11:6":1,"b:13:4:18:Infinity:undefined:undefined:undefined:undefined":0,"s:13:4:18:Infinity":3,"s:14:17:14:46":4,"s:15:6:15:Infinity":5,"s:16:6:16:Infinity":6,"s:17:6:17:Infinity":7,"s:19:4:19:Infinity":8,"s:22:4:22:Infinity":9,"f:22:22:22:23":2,"s:22:48:22:79":10,"s:23:4:23:Infinity":11,"f:23:25:23:26":3,"s:23:33:23:48":12,"f:26:2:26:6":4,"b:26:30:26:36":1,"s:27:15:27:54":13,"s:28:18:28:46":14,"s:29:4:29:Infinity":15,"s:30:4:30:Infinity":16,"s:32:21:32:49":17,"b:32:37:32:42:32:45:32:49":2,"s:33:4:33:Infinity":18,"f:33:15:33:16":5,"s:33:21:33:36":19,"f:36:2:36:8":6,"s:37:16:37:55":20,"f:37:38:37:39":7,"s:37:43:37:54":21,"b:38:4:51:Infinity:undefined:undefined:undefined:undefined":3,"s:38:4:51:Infinity":22,"s:40:17:40:66":23,"b:41:6:50:Infinity:47:13:50:Infinity":4,"s:41:6:50:Infinity":24,"s:42:8:42:Infinity":25,"s:43:8:46:Infinity":26,"f:43:19:43:20":8,"s:44:10:44:Infinity":27,"f:44:43:44:44":9,"s:44:48:44:59":28,"s:45:10:45:Infinity":29,"s:48:8:48:Infinity":30,"f:48:41:48:42":10,"s:48:46:48:57":31,"s:49:8:49:Infinity":32,"f:54:2:54:9":11,"b:56:6:56:Infinity:57:6:57:Infinity:58:6:58:Infinity:59:6:59:Infinity:60:6:60:Infinity":5,"s:55:4:61:Infinity":33,"s:56:22:56:Infinity":34,"s:57:17:57:Infinity":35,"s:58:20:58:Infinity":36,"s:59:22:59:Infinity":37,"s:60:15:60:Infinity":38,"f:64:2:64:15":12,"b:66:6:66:Infinity:67:6:67:Infinity:68:6:68:Infinity:69:6:69:Infinity:70:6:70:Infinity":6,"s:65:4:71:Infinity":39,"s:66:22:66:Infinity":40,"s:67:17:67:Infinity":41,"s:68:20:68:Infinity":42,"s:69:22:69:Infinity":43,"s:70:15:70:Infinity":44,"f:74:2:74:8":13,"b:75:4:75:Infinity:undefined:undefined:undefined:undefined":7,"s:75:4:75:Infinity":45,"s:75:25:75:Infinity":46,"s:77:4:101:Infinity":47,"f:77:47:77:52":14,"s:78:21:78:51":48,"s:79:19:79:43":49,"s:81:6:100:Infinity":50,"s:105:28:105:46":51}}}
,"E:\\Projetos\\ggpro\\js\\services\\gemini-api.js": {"path":"E:\\Projetos\\ggpro\\js\\services\\gemini-api.js","statementMap":{"0":{"start":{"line":4,"column":18},"end":{"line":8,"column":1}},"1":{"start":{"line":11,"column":20},"end":{"line":17,"column":1}},"2":{"start":{"line":12,"column":4},"end":{"line":16,"column":null}},"3":{"start":{"line":24,"column":4},"end":{"line":43,"column":null}},"4":{"start":{"line":25,"column":23},"end":{"line":25,"column":39}},"5":{"start":{"line":26,"column":8},"end":{"line":41,"column":null}},"6":{"start":{"line":27,"column":24},"end":{"line":27,"column":35}},"7":{"start":{"line":28,"column":12},"end":{"line":39,"column":null}},"8":{"start":{"line":29,"column":31},"end":{"line":29,"column":63}},"9":{"start":{"line":30,"column":28},"end":{"line":30,"column":51}},"10":{"start":{"line":31,"column":16},"end":{"line":31,"column":null}},"11":{"start":{"line":32,"column":16},"end":{"line":32,"column":null}},"12":{"start":{"line":35,"column":16},"end":{"line":35,"column":null}},"13":{"start":{"line":36,"column":16},"end":{"line":36,"column":null}},"14":{"start":{"line":38,"column":16},"end":{"line":38,"column":null}},"15":{"start":{"line":38,"column":40},"end":{"line":38,"column":61}},"16":{"start":{"line":40,"column":12},"end":{"line":40,"column":null}},"17":{"start":{"line":42,"column":8},"end":{"line":42,"column":null}},"18":{"start":{"line":48,"column":4},"end":{"line":53,"column":null}},"19":{"start":{"line":49,"column":23},"end":{"line":49,"column":55}},"20":{"start":{"line":50,"column":8},"end":{"line":50,"column":null}},"21":{"start":{"line":51,"column":8},"end":{"line":51,"column":null}},"22":{"start":{"line":52,"column":8},"end":{"line":52,"column":null}},"23":{"start":{"line":52,"column":37},"end":{"line":52,"column":57}},"24":{"start":{"line":52,"column":58},"end":{"line":52,"column":79}},"25":{"start":{"line":55,"column":4},"end":{"line":57,"column":null}},"26":{"start":{"line":56,"column":8},"end":{"line":56,"column":null}},"27":{"start":{"line":60,"column":26},"end":{"line":60,"column":53}},"28":{"start":{"line":62,"column":19},"end":{"line":68,"column":6}},"29":{"start":{"line":64,"column":12},"end":{"line":66,"column":null}},"30":{"start":{"line":65,"column":16},"end":{"line":65,"column":null}},"31":{"start":{"line":70,"column":20},"end":{"line":70,"column":43}},"32":{"start":{"line":73,"column":25},"end":{"line":73,"column":101}},"33":{"start":{"line":74,"column":4},"end":{"line":76,"column":null}},"34":{"start":{"line":75,"column":8},"end":{"line":75,"column":null}},"35":{"start":{"line":75,"column":33},"end":{"line":75,"column":null}},"36":{"start":{"line":78,"column":4},"end":{"line":78,"column":null}},"37":{"start":{"line":82,"column":21},"end":{"line":86,"column":6}},"38":{"start":{"line":88,"column":4},"end":{"line":95,"column":null}},"39":{"start":{"line":89,"column":26},"end":{"line":89,"column":47}},"40":{"start":{"line":91,"column":8},"end":{"line":93,"column":null}},"41":{"start":{"line":92,"column":12},"end":{"line":92,"column":null}},"42":{"start":{"line":94,"column":8},"end":{"line":94,"column":null}},"43":{"start":{"line":97,"column":17},"end":{"line":97,"column":38}},"44":{"start":{"line":98,"column":4},"end":{"line":98,"column":null}},"45":{"start":{"line":102,"column":16},"end":{"line":102,"column":117}},"46":{"start":{"line":103,"column":21},"end":{"line":109,"column":6}},"47":{"start":{"line":110,"column":17},"end":{"line":110,"column":38}},"48":{"start":{"line":111,"column":4},"end":{"line":111,"column":null}},"49":{"start":{"line":111,"column":22},"end":{"line":111,"column":null}},"50":{"start":{"line":112,"column":4},"end":{"line":112,"column":null}},"51":{"start":{"line":116,"column":16},"end":{"line":116,"column":65}},"52":{"start":{"line":117,"column":21},"end":{"line":128,"column":6}},"53":{"start":{"line":129,"column":17},"end":{"line":129,"column":38}},"54":{"start":{"line":130,"column":4},"end":{"line":130,"column":null}},"55":{"start":{"line":130,"column":22},"end":{"line":130,"column":null}},"56":{"start":{"line":131,"column":4},"end":{"line":131,"column":null}},"57":{"start":{"line":138,"column":19},"end":{"line":138,"column":32}},"58":{"start":{"line":141,"column":21},"end":{"line":141,"column":23}},"59":{"start":{"line":144,"column":4},"end":{"line":144,"column":null}},"60":{"start":{"line":144,"column":24},"end":{"line":144,"column":47}},"61":{"start":{"line":147,"column":4},"end":{"line":149,"column":null}},"62":{"start":{"line":148,"column":8},"end":{"line":148,"column":null}},"63":{"start":{"line":148,"column":28},"end":{"line":148,"column":70}},"64":{"start":{"line":152,"column":4},"end":{"line":154,"column":null}},"65":{"start":{"line":153,"column":8},"end":{"line":153,"column":null}},"66":{"start":{"line":153,"column":28},"end":{"line":153,"column":66}},"67":{"start":{"line":156,"column":20},"end":{"line":156,"column":24}},"68":{"start":{"line":157,"column":4},"end":{"line":171,"column":null}},"69":{"start":{"line":158,"column":8},"end":{"line":170,"column":null}},"70":{"start":{"line":159,"column":12},"end":{"line":159,"column":null}},"71":{"start":{"line":161,"column":12},"end":{"line":161,"column":null}},"72":{"start":{"line":162,"column":12},"end":{"line":166,"column":null}},"73":{"start":{"line":163,"column":16},"end":{"line":163,"column":null}},"74":{"start":{"line":164,"column":16},"end":{"line":164,"column":null}},"75":{"start":{"line":164,"column":41},"end":{"line":164,"column":null}},"76":{"start":{"line":165,"column":16},"end":{"line":165,"column":null}},"77":{"start":{"line":168,"column":12},"end":{"line":168,"column":null}},"78":{"start":{"line":169,"column":12},"end":{"line":169,"column":null}},"79":{"start":{"line":173,"column":4},"end":{"line":173,"column":null}},"80":{"start":{"line":176,"column":33},"end":{"line":188,"column":1}},"81":{"start":{"line":177,"column":4},"end":{"line":186,"column":null}},"82":{"start":{"line":178,"column":20},"end":{"line":178,"column":75}},"83":{"start":{"line":179,"column":27},"end":{"line":179,"column":45}},"84":{"start":{"line":180,"column":26},"end":{"line":180,"column":48}},"85":{"start":{"line":181,"column":8},"end":{"line":183,"column":null}},"86":{"start":{"line":182,"column":12},"end":{"line":182,"column":null}},"87":{"start":{"line":185,"column":8},"end":{"line":185,"column":null}},"88":{"start":{"line":187,"column":4},"end":{"line":187,"column":null}},"89":{"start":{"line":190,"column":38},"end":{"line":236,"column":1}},"90":{"start":{"line":191,"column":4},"end":{"line":235,"column":null}},"91":{"start":{"line":192,"column":25},"end":{"line":192,"column":65}},"92":{"start":{"line":193,"column":23},"end":{"line":193,"column":53}},"93":{"start":{"line":194,"column":8},"end":{"line":197,"column":null}},"94":{"start":{"line":195,"column":12},"end":{"line":195,"column":null}},"95":{"start":{"line":196,"column":12},"end":{"line":196,"column":null}},"96":{"start":{"line":199,"column":24},"end":{"line":199,"column":56}},"97":{"start":{"line":200,"column":8},"end":{"line":200,"column":null}},"98":{"start":{"line":200,"column":52},"end":{"line":200,"column":null}},"99":{"start":{"line":203,"column":31},"end":{"line":217,"column":9}},"100":{"start":{"line":219,"column":8},"end":{"line":219,"column":null}},"101":{"start":{"line":219,"column":33},"end":{"line":219,"column":null}},"102":{"start":{"line":220,"column":27},"end":{"line":220,"column":55}},"103":{"start":{"line":221,"column":23},"end":{"line":221,"column":52}},"104":{"start":{"line":223,"column":24},"end":{"line":223,"column":44}},"105":{"start":{"line":225,"column":29},"end":{"line":225,"column":103}},"106":{"start":{"line":225,"column":49},"end":{"line":225,"column":102}},"107":{"start":{"line":227,"column":8},"end":{"line":229,"column":null}},"108":{"start":{"line":228,"column":12},"end":{"line":228,"column":null}},"109":{"start":{"line":231,"column":8},"end":{"line":231,"column":null}},"110":{"start":{"line":233,"column":8},"end":{"line":233,"column":null}},"111":{"start":{"line":234,"column":8},"end":{"line":234,"column":null}},"112":{"start":{"line":238,"column":39},"end":{"line":247,"column":1}},"113":{"start":{"line":239,"column":4},"end":{"line":246,"column":null}},"114":{"start":{"line":240,"column":30},"end":{"line":240,"column":62}},"115":{"start":{"line":241,"column":27},"end":{"line":241,"column":185}},"116":{"start":{"line":242,"column":23},"end":{"line":242,"column":47}},"117":{"start":{"line":243,"column":8},"end":{"line":243,"column":null}},"118":{"start":{"line":245,"column":8},"end":{"line":245,"column":null}},"119":{"start":{"line":251,"column":19},"end":{"line":251,"column":282}},"120":{"start":{"line":252,"column":17},"end":{"line":252,"column":37}},"121":{"start":{"line":253,"column":4},"end":{"line":253,"column":null}},"122":{"start":{"line":256,"column":35},"end":{"line":258,"column":1}},"123":{"start":{"line":257,"column":4},"end":{"line":257,"column":null}},"124":{"start":{"line":260,"column":37},"end":{"line":263,"column":1}},"125":{"start":{"line":261,"column":19},"end":{"line":261,"column":154}},"126":{"start":{"line":262,"column":4},"end":{"line":262,"column":null}},"127":{"start":{"line":265,"column":28},"end":{"line":273,"column":1}},"128":{"start":{"line":266,"column":4},"end":{"line":272,"column":null}},"129":{"start":{"line":267,"column":30},"end":{"line":267,"column":62}},"130":{"start":{"line":268,"column":27},"end":{"line":268,"column":234}},"131":{"start":{"line":269,"column":8},"end":{"line":269,"column":null}},"132":{"start":{"line":271,"column":8},"end":{"line":271,"column":null}}},"fnMap":{"0":{"name":"(anonymous_0)","decl":{"start":{"line":11,"column":20},"end":{"line":11,"column":21}},"loc":{"start":{"line":11,"column":26},"end":{"line":17,"column":1}},"line":11},"1":{"name":"preprocessImage","decl":{"start":{"line":23,"column":15},"end":{"line":23,"column":30}},"loc":{"start":{"line":23,"column":37},"end":{"line":44,"column":null}},"line":23},"2":{"name":"(anonymous_2)","decl":{"start":{"line":24,"column":23},"end":{"line":24,"column":24}},"loc":{"start":{"line":24,"column":36},"end":{"line":43,"column":5}},"line":24},"3":{"name":"(anonymous_3)","decl":{"start":{"line":26,"column":24},"end":{"line":26,"column":25}},"loc":{"start":{"line":26,"column":31},"end":{"line":41,"column":9}},"line":26},"4":{"name":"(anonymous_4)","decl":{"start":{"line":28,"column":25},"end":{"line":28,"column":26}},"loc":{"start":{"line":28,"column":31},"end":{"line":39,"column":13}},"line":28},"5":{"name":"(anonymous_5)","decl":{"start":{"line":38,"column":30},"end":{"line":38,"column":31}},"loc":{"start":{"line":38,"column":40},"end":{"line":38,"column":61}},"line":38},"6":{"name":"extractTextFromImage","decl":{"start":{"line":47,"column":15},"end":{"line":47,"column":35}},"loc":{"start":{"line":47,"column":42},"end":{"line":79,"column":null}},"line":47},"7":{"name":"(anonymous_7)","decl":{"start":{"line":52,"column":26},"end":{"line":52,"column":27}},"loc":{"start":{"line":52,"column":35},"end":{"line":52,"column":81}},"line":52},"8":{"name":"(anonymous_8)","decl":{"start":{"line":63,"column":16},"end":{"line":63,"column":17}},"loc":{"start":{"line":63,"column":21},"end":{"line":67,"column":null}},"line":63},"9":{"name":"callProxyAI","decl":{"start":{"line":81,"column":15},"end":{"line":81,"column":26}},"loc":{"start":{"line":81,"column":39},"end":{"line":99,"column":null}},"line":81},"10":{"name":"callGeminiDirect","decl":{"start":{"line":101,"column":15},"end":{"line":101,"column":31}},"loc":{"start":{"line":101,"column":45},"end":{"line":113,"column":null}},"line":101},"11":{"name":"callGroqDirect","decl":{"start":{"line":115,"column":15},"end":{"line":115,"column":29}},"loc":{"start":{"line":115,"column":43},"end":{"line":132,"column":null}},"line":115},"12":{"name":"callAI","decl":{"start":{"line":137,"column":22},"end":{"line":137,"column":28}},"loc":{"start":{"line":137,"column":37},"end":{"line":174,"column":null}},"line":137},"13":{"name":"(anonymous_13)","decl":{"start":{"line":144,"column":18},"end":{"line":144,"column":19}},"loc":{"start":{"line":144,"column":24},"end":{"line":144,"column":47}},"line":144},"14":{"name":"(anonymous_14)","decl":{"start":{"line":148,"column":22},"end":{"line":148,"column":23}},"loc":{"start":{"line":148,"column":28},"end":{"line":148,"column":70}},"line":148},"15":{"name":"(anonymous_15)","decl":{"start":{"line":153,"column":22},"end":{"line":153,"column":23}},"loc":{"start":{"line":153,"column":28},"end":{"line":153,"column":66}},"line":153},"16":{"name":"(anonymous_16)","decl":{"start":{"line":176,"column":33},"end":{"line":176,"column":34}},"loc":{"start":{"line":176,"column":43},"end":{"line":188,"column":1}},"line":176},"17":{"name":"(anonymous_17)","decl":{"start":{"line":190,"column":38},"end":{"line":190,"column":43}},"loc":{"start":{"line":190,"column":60},"end":{"line":236,"column":1}},"line":190},"18":{"name":"(anonymous_18)","decl":{"start":{"line":225,"column":44},"end":{"line":225,"column":45}},"loc":{"start":{"line":225,"column":49},"end":{"line":225,"column":102}},"line":225},"19":{"name":"(anonymous_19)","decl":{"start":{"line":238,"column":39},"end":{"line":238,"column":44}},"loc":{"start":{"line":238,"column":65},"end":{"line":247,"column":1}},"line":238},"20":{"name":"parseMatchCommand","decl":{"start":{"line":249,"column":22},"end":{"line":249,"column":39}},"loc":{"start":{"line":249,"column":56},"end":{"line":254,"column":null}},"line":249},"21":{"name":"(anonymous_21)","decl":{"start":{"line":256,"column":35},"end":{"line":256,"column":40}},"loc":{"start":{"line":256,"column":64},"end":{"line":258,"column":1}},"line":256},"22":{"name":"(anonymous_22)","decl":{"start":{"line":260,"column":37},"end":{"line":260,"column":42}},"loc":{"start":{"line":260,"column":53},"end":{"line":263,"column":1}},"line":260},"23":{"name":"(anonymous_23)","decl":{"start":{"line":265,"column":28},"end":{"line":265,"column":33}},"loc":{"start":{"line":265,"column":44},"end":{"line":273,"column":1}},"line":265}},"branchMap":{"0":{"loc":{"start":{"line":13,"column":19},"end":{"line":13,"column":65}},"type":"binary-expr","locations":[{"start":{"line":13,"column":19},"end":{"line":13,"column":59}},{"start":{"line":13,"column":63},"end":{"line":13,"column":65}}],"line":13},"1":{"loc":{"start":{"line":14,"column":17},"end":{"line":14,"column":61}},"type":"binary-expr","locations":[{"start":{"line":14,"column":17},"end":{"line":14,"column":55}},{"start":{"line":14,"column":59},"end":{"line":14,"column":61}}],"line":14},"2":{"loc":{"start":{"line":15,"column":24},"end":{"line":15,"column":null}},"type":"binary-expr","locations":[{"start":{"line":15,"column":24},"end":{"line":15,"column":65}},{"start":{"line":15,"column":69},"end":{"line":15,"column":null}}],"line":15},"3":{"loc":{"start":{"line":38,"column":48},"end":{"line":38,"column":60}},"type":"binary-expr","locations":[{"start":{"line":38,"column":48},"end":{"line":38,"column":52}},{"start":{"line":38,"column":56},"end":{"line":38,"column":60}}],"line":38},"4":{"loc":{"start":{"line":48,"column":4},"end":{"line":53,"column":null}},"type":"if","locations":[{"start":{"line":48,"column":4},"end":{"line":53,"column":null}},{"start":{},"end":{}}],"line":48},"5":{"loc":{"start":{"line":55,"column":4},"end":{"line":57,"column":null}},"type":"if","locations":[{"start":{"line":55,"column":4},"end":{"line":57,"column":null}},{"start":{},"end":{}}],"line":55},"6":{"loc":{"start":{"line":64,"column":12},"end":{"line":66,"column":null}},"type":"if","locations":[{"start":{"line":64,"column":12},"end":{"line":66,"column":null}},{"start":{},"end":{}}],"line":64},"7":{"loc":{"start":{"line":64,"column":16},"end":{"line":64,"column":70}},"type":"binary-expr","locations":[{"start":{"line":64,"column":16},"end":{"line":64,"column":47}},{"start":{"line":64,"column":51},"end":{"line":64,"column":70}}],"line":64},"8":{"loc":{"start":{"line":70,"column":20},"end":{"line":70,"column":43}},"type":"binary-expr","locations":[{"start":{"line":70,"column":20},"end":{"line":70,"column":37}},{"start":{"line":70,"column":41},"end":{"line":70,"column":43}}],"line":70},"9":{"loc":{"start":{"line":73,"column":26},"end":{"line":73,"column":69}},"type":"binary-expr","locations":[{"start":{"line":73,"column":26},"end":{"line":73,"column":63}},{"start":{"line":73,"column":67},"end":{"line":73,"column":69}}],"line":73},"10":{"loc":{"start":{"line":73,"column":81},"end":{"line":73,"column":100}},"type":"binary-expr","locations":[{"start":{"line":73,"column":81},"end":{"line":73,"column":95}},{"start":{"line":73,"column":99},"end":{"line":73,"column":100}}],"line":73},"11":{"loc":{"start":{"line":74,"column":4},"end":{"line":76,"column":null}},"type":"if","locations":[{"start":{"line":74,"column":4},"end":{"line":76,"column":null}},{"start":{},"end":{}}],"line":74},"12":{"loc":{"start":{"line":74,"column":8},"end":{"line":74,"column":49}},"type":"binary-expr","locations":[{"start":{"line":74,"column":8},"end":{"line":74,"column":26}},{"start":{"line":74,"column":30},"end":{"line":74,"column":49}}],"line":74},"13":{"loc":{"start":{"line":75,"column":8},"end":{"line":75,"column":null}},"type":"if","locations":[{"start":{"line":75,"column":8},"end":{"line":75,"column":null}},{"start":{},"end":{}}],"line":75},"14":{"loc":{"start":{"line":88,"column":4},"end":{"line":95,"column":null}},"type":"if","locations":[{"start":{"line":88,"column":4},"end":{"line":95,"column":null}},{"start":{},"end":{}}],"line":88},"15":{"loc":{"start":{"line":91,"column":8},"end":{"line":93,"column":null}},"type":"if","locations":[{"start":{"line":91,"column":8},"end":{"line":93,"column":null}},{"start":{},"end":{}}],"line":91},"16":{"loc":{"start":{"line":91,"column":12},"end":{"line":91,"column":62}},"type":"binary-expr","locations":[{"start":{"line":91,"column":12},"end":{"line":91,"column":35}},{"start":{"line":91,"column":39},"end":{"line":91,"column":62}}],"line":91},"17":{"loc":{"start":{"line":94,"column":24},"end":{"line":94,"column":56}},"type":"binary-expr","locations":[{"start":{"line":94,"column":24},"end":{"line":94,"column":39}},{"start":{"line":94,"column":43},"end":{"line":94,"column":56}}],"line":94},"18":{"loc":{"start":{"line":98,"column":11},"end":{"line":98,"column":64}},"type":"binary-expr","locations":[{"start":{"line":98,"column":11},"end":{"line":98,"column":58}},{"start":{"line":98,"column":62},"end":{"line":98,"column":64}}],"line":98},"19":{"loc":{"start":{"line":111,"column":4},"end":{"line":111,"column":null}},"type":"if","locations":[{"start":{"line":111,"column":4},"end":{"line":111,"column":null}},{"start":{},"end":{}}],"line":111},"20":{"loc":{"start":{"line":111,"column":38},"end":{"line":111,"column":81}},"type":"binary-expr","locations":[{"start":{"line":111,"column":38},"end":{"line":111,"column":57}},{"start":{"line":111,"column":61},"end":{"line":111,"column":81}}],"line":111},"21":{"loc":{"start":{"line":112,"column":11},"end":{"line":112,"column":64}},"type":"binary-expr","locations":[{"start":{"line":112,"column":11},"end":{"line":112,"column":58}},{"start":{"line":112,"column":62},"end":{"line":112,"column":64}}],"line":112},"22":{"loc":{"start":{"line":130,"column":4},"end":{"line":130,"column":null}},"type":"if","locations":[{"start":{"line":130,"column":4},"end":{"line":130,"column":null}},{"start":{},"end":{}}],"line":130},"23":{"loc":{"start":{"line":130,"column":38},"end":{"line":130,"column":79}},"type":"binary-expr","locations":[{"start":{"line":130,"column":38},"end":{"line":130,"column":57}},{"start":{"line":130,"column":61},"end":{"line":130,"column":79}}],"line":130},"24":{"loc":{"start":{"line":131,"column":11},"end":{"line":131,"column":52}},"type":"binary-expr","locations":[{"start":{"line":131,"column":11},"end":{"line":131,"column":46}},{"start":{"line":131,"column":50},"end":{"line":131,"column":52}}],"line":131},"25":{"loc":{"start":{"line":147,"column":4},"end":{"line":149,"column":null}},"type":"if","locations":[{"start":{"line":147,"column":4},"end":{"line":149,"column":null}},{"start":{},"end":{}}],"line":147},"26":{"loc":{"start":{"line":152,"column":4},"end":{"line":154,"column":null}},"type":"if","locations":[{"start":{"line":152,"column":4},"end":{"line":154,"column":null}},{"start":{},"end":{}}],"line":152},"27":{"loc":{"start":{"line":162,"column":12},"end":{"line":166,"column":null}},"type":"if","locations":[{"start":{"line":162,"column":12},"end":{"line":166,"column":null}},{"start":{},"end":{}}],"line":162},"28":{"loc":{"start":{"line":164,"column":16},"end":{"line":164,"column":null}},"type":"if","locations":[{"start":{"line":164,"column":16},"end":{"line":164,"column":null}},{"start":{},"end":{}}],"line":164},"29":{"loc":{"start":{"line":173,"column":10},"end":{"line":173,"column":67}},"type":"binary-expr","locations":[{"start":{"line":173,"column":10},"end":{"line":173,"column":19}},{"start":{"line":173,"column":23},"end":{"line":173,"column":67}}],"line":173},"30":{"loc":{"start":{"line":181,"column":8},"end":{"line":183,"column":null}},"type":"if","locations":[{"start":{"line":181,"column":8},"end":{"line":183,"column":null}},{"start":{},"end":{}}],"line":181},"31":{"loc":{"start":{"line":181,"column":12},"end":{"line":181,"column":49}},"type":"binary-expr","locations":[{"start":{"line":181,"column":12},"end":{"line":181,"column":29}},{"start":{"line":181,"column":33},"end":{"line":181,"column":49}}],"line":181},"32":{"loc":{"start":{"line":194,"column":8},"end":{"line":197,"column":null}},"type":"if","locations":[{"start":{"line":194,"column":8},"end":{"line":197,"column":null}},{"start":{},"end":{}}],"line":194},"33":{"loc":{"start":{"line":200,"column":8},"end":{"line":200,"column":null}},"type":"if","locations":[{"start":{"line":200,"column":8},"end":{"line":200,"column":null}},{"start":{},"end":{}}],"line":200},"34":{"loc":{"start":{"line":200,"column":12},"end":{"line":200,"column":50}},"type":"binary-expr","locations":[{"start":{"line":200,"column":12},"end":{"line":200,"column":27}},{"start":{"line":200,"column":31},"end":{"line":200,"column":50}}],"line":200},"35":{"loc":{"start":{"line":219,"column":8},"end":{"line":219,"column":null}},"type":"if","locations":[{"start":{"line":219,"column":8},"end":{"line":219,"column":null}},{"start":{},"end":{}}],"line":219},"36":{"loc":{"start":{"line":223,"column":24},"end":{"line":223,"column":44}},"type":"binary-expr","locations":[{"start":{"line":223,"column":24},"end":{"line":223,"column":38}},{"start":{"line":223,"column":42},"end":{"line":223,"column":44}}],"line":223},"37":{"loc":{"start":{"line":225,"column":49},"end":{"line":225,"column":102}},"type":"binary-expr","locations":[{"start":{"line":225,"column":49},"end":{"line":225,"column":55}},{"start":{"line":225,"column":59},"end":{"line":225,"column":76}},{"start":{"line":225,"column":80},"end":{"line":225,"column":102}}],"line":225},"38":{"loc":{"start":{"line":227,"column":8},"end":{"line":229,"column":null}},"type":"if","locations":[{"start":{"line":227,"column":8},"end":{"line":229,"column":null}},{"start":{},"end":{}}],"line":227},"39":{"loc":{"start":{"line":262,"column":11},"end":{"line":262,"column":50}},"type":"binary-expr","locations":[{"start":{"line":262,"column":11},"end":{"line":262,"column":44}},{"start":{"line":262,"column":48},"end":{"line":262,"column":50}}],"line":262}},"s":{"0":2,"1":2,"2":0,"3":0,"4":0,"5":0,"6":0,"7":0,"8":0,"9":0,"10":0,"11":0,"12":0,"13":0,"14":0,"15":0,"16":0,"17":0,"18":0,"19":0,"20":0,"21":0,"22":0,"23":0,"24":0,"25":0,"26":0,"27":0,"28":0,"29":0,"30":0,"31":0,"32":0,"33":0,"34":0,"35":0,"36":0,"37":0,"38":0,"39":0,"40":0,"41":0,"42":0,"43":0,"44":0,"45":0,"46":0,"47":0,"48":0,"49":0,"50":0,"51":0,"52":0,"53":0,"54":0,"55":0,"56":0,"57":0,"58":0,"59":0,"60":0,"61":0,"62":0,"63":0,"64":0,"65":0,"66":0,"67":0,"68":0,"69":0,"70":0,"71":0,"72":0,"73":0,"74":0,"75":0,"76":0,"77":0,"78":0,"79":0,"80":2,"81":4,"82":4,"83":4,"84":4,"85":4,"86":3,"87":0,"88":1,"89":2,"90":0,"91":0,"92":0,"93":0,"94":0,"95":0,"96":0,"97":0,"98":0,"99":0,"100":0,"101":0,"102":0,"103":0,"104":0,"105":0,"106":0,"107":0,"108":0,"109":0,"110":0,"111":0,"112":2,"113":0,"114":0,"115":0,"116":0,"117":0,"118":0,"119":0,"120":0,"121":0,"122":2,"123":0,"124":2,"125":0,"126":0,"127":2,"128":0,"129":0,"130":0,"131":0,"132":0},"f":{"0":0,"1":0,"2":0,"3":0,"4":0,"5":0,"6":0,"7":0,"8":0,"9":0,"10":0,"11":0,"12":0,"13":0,"14":0,"15":0,"16":4,"17":0,"18":0,"19":0,"20":0,"21":0,"22":0,"23":0},"b":{"0":[0,0],"1":[0,0],"2":[0,0],"3":[0,0],"4":[0,0],"5":[0,0],"6":[0,0],"7":[0,0],"8":[0,0],"9":[0,0],"10":[0,0],"11":[0,0],"12":[0,0],"13":[0,0],"14":[0,0],"15":[0,0],"16":[0,0],"17":[0,0],"18":[0,0],"19":[0,0],"20":[0,0],"21":[0,0],"22":[0,0],"23":[0,0],"24":[0,0],"25":[0,0],"26":[0,0],"27":[0,0],"28":[0,0],"29":[0,0],"30":[3,1],"31":[4,3],"32":[0,0],"33":[0,0],"34":[0,0],"35":[0,0],"36":[0,0],"37":[0,0,0],"38":[0,0],"39":[0,0]},"meta":{"lastBranch":40,"lastFunction":24,"lastStatement":133,"seen":{"s:4:18:8:1":0,"s:11:20:17:1":1,"f:11:20:11:21":0,"s:12:4:16:Infinity":2,"b:13:19:13:59:13:63:13:65":0,"b:14:17:14:55:14:59:14:61":1,"b:15:24:15:65:15:69:15:Infinity":2,"f:23:15:23:30":1,"s:24:4:43:Infinity":3,"f:24:23:24:24":2,"s:25:23:25:39":4,"s:26:8:41:Infinity":5,"f:26:24:26:25":3,"s:27:24:27:35":6,"s:28:12:39:Infinity":7,"f:28:25:28:26":4,"s:29:31:29:63":8,"s:30:28:30:51":9,"s:31:16:31:Infinity":10,"s:32:16:32:Infinity":11,"s:35:16:35:Infinity":12,"s:36:16:36:Infinity":13,"s:38:16:38:Infinity":14,"f:38:30:38:31":5,"s:38:40:38:61":15,"b:38:48:38:52:38:56:38:60":3,"s:40:12:40:Infinity":16,"s:42:8:42:Infinity":17,"f:47:15:47:35":6,"b:48:4:53:Infinity:undefined:undefined:undefined:undefined":4,"s:48:4:53:Infinity":18,"s:49:23:49:55":19,"s:50:8:50:Infinity":20,"s:51:8:51:Infinity":21,"s:52:8:52:Infinity":22,"f:52:26:52:27":7,"s:52:37:52:57":23,"s:52:58:52:79":24,"b:55:4:57:Infinity:undefined:undefined:undefined:undefined":5,"s:55:4:57:Infinity":25,"s:56:8:56:Infinity":26,"s:60:26:60:53":27,"s:62:19:68:6":28,"f:63:16:63:17":8,"b:64:12:66:Infinity:undefined:undefined:undefined:undefined":6,"s:64:12:66:Infinity":29,"b:64:16:64:47:64:51:64:70":7,"s:65:16:65:Infinity":30,"s:70:20:70:43":31,"b:70:20:70:37:70:41:70:43":8,"s:73:25:73:101":32,"b:73:26:73:63:73:67:73:69":9,"b:73:81:73:95:73:99:73:100":10,"b:74:4:76:Infinity:undefined:undefined:undefined:undefined":11,"s:74:4:76:Infinity":33,"b:74:8:74:26:74:30:74:49":12,"b:75:8:75:Infinity:undefined:undefined:undefined:undefined":13,"s:75:8:75:Infinity":34,"s:75:33:75:Infinity":35,"s:78:4:78:Infinity":36,"f:81:15:81:26":9,"s:82:21:86:6":37,"b:88:4:95:Infinity:undefined:undefined:undefined:undefined":14,"s:88:4:95:Infinity":38,"s:89:26:89:47":39,"b:91:8:93:Infinity:undefined:undefined:undefined:undefined":15,"s:91:8:93:Infinity":40,"b:91:12:91:35:91:39:91:62":16,"s:92:12:92:Infinity":41,"s:94:8:94:Infinity":42,"b:94:24:94:39:94:43:94:56":17,"s:97:17:97:38":43,"s:98:4:98:Infinity":44,"b:98:11:98:58:98:62:98:64":18,"f:101:15:101:31":10,"s:102:16:102:117":45,"s:103:21:109:6":46,"s:110:17:110:38":47,"b:111:4:111:Infinity:undefined:undefined:undefined:undefined":19,"s:111:4:111:Infinity":48,"s:111:22:111:Infinity":49,"b:111:38:111:57:111:61:111:81":20,"s:112:4:112:Infinity":50,"b:112:11:112:58:112:62:112:64":21,"f:115:15:115:29":11,"s:116:16:116:65":51,"s:117:21:128:6":52,"s:129:17:129:38":53,"b:130:4:130:Infinity:undefined:undefined:undefined:undefined":22,"s:130:4:130:Infinity":54,"s:130:22:130:Infinity":55,"b:130:38:130:57:130:61:130:79":23,"s:131:4:131:Infinity":56,"b:131:11:131:46:131:50:131:52":24,"f:137:22:137:28":12,"s:138:19:138:32":57,"s:141:21:141:23":58,"s:144:4:144:Infinity":59,"f:144:18:144:19":13,"s:144:24:144:47":60,"b:147:4:149:Infinity:undefined:undefined:undefined:undefined":25,"s:147:4:149:Infinity":61,"s:148:8:148:Infinity":62,"f:148:22:148:23":14,"s:148:28:148:70":63,"b:152:4:154:Infinity:undefined:undefined:undefined:undefined":26,"s:152:4:154:Infinity":64,"s:153:8:153:Infinity":65,"f:153:22:153:23":15,"s:153:28:153:66":66,"s:156:20:156:24":67,"s:157:4:171:Infinity":68,"s:158:8:170:Infinity":69,"s:159:12:159:Infinity":70,"s:161:12:161:Infinity":71,"b:162:12:166:Infinity:undefined:undefined:undefined:undefined":27,"s:162:12:166:Infinity":72,"s:163:16:163:Infinity":73,"b:164:16:164:Infinity:undefined:undefined:undefined:undefined":28,"s:164:16:164:Infinity":74,"s:164:41:164:Infinity":75,"s:165:16:165:Infinity":76,"s:168:12:168:Infinity":77,"s:169:12:169:Infinity":78,"s:173:4:173:Infinity":79,"b:173:10:173:19:173:23:173:67":29,"s:176:33:188:1":80,"f:176:33:176:34":16,"s:177:4:186:Infinity":81,"s:178:20:178:75":82,"s:179:27:179:45":83,"s:180:26:180:48":84,"b:181:8:183:Infinity:undefined:undefined:undefined:undefined":30,"s:181:8:183:Infinity":85,"b:181:12:181:29:181:33:181:49":31,"s:182:12:182:Infinity":86,"s:185:8:185:Infinity":87,"s:187:4:187:Infinity":88,"s:190:38:236:1":89,"f:190:38:190:43":17,"s:191:4:235:Infinity":90,"s:192:25:192:65":91,"s:193:23:193:53":92,"b:194:8:197:Infinity:undefined:undefined:undefined:undefined":32,"s:194:8:197:Infinity":93,"s:195:12:195:Infinity":94,"s:196:12:196:Infinity":95,"s:199:24:199:56":96,"b:200:8:200:Infinity:undefined:undefined:undefined:undefined":33,"s:200:8:200:Infinity":97,"b:200:12:200:27:200:31:200:50":34,"s:200:52:200:Infinity":98,"s:203:31:217:9":99,"b:219:8:219:Infinity:undefined:undefined:undefined:undefined":35,"s:219:8:219:Infinity":100,"s:219:33:219:Infinity":101,"s:220:27:220:55":102,"s:221:23:221:52":103,"s:223:24:223:44":104,"b:223:24:223:38:223:42:223:44":36,"s:225:29:225:103":105,"f:225:44:225:45":18,"s:225:49:225:102":106,"b:225:49:225:55:225:59:225:76:225:80:225:102":37,"b:227:8:229:Infinity:undefined:undefined:undefined:undefined":38,"s:227:8:229:Infinity":107,"s:228:12:228:Infinity":108,"s:231:8:231:Infinity":109,"s:233:8:233:Infinity":110,"s:234:8:234:Infinity":111,"s:238:39:247:1":112,"f:238:39:238:44":19,"s:239:4:246:Infinity":113,"s:240:30:240:62":114,"s:241:27:241:185":115,"s:242:23:242:47":116,"s:243:8:243:Infinity":117,"s:245:8:245:Infinity":118,"f:249:22:249:39":20,"s:251:19:251:282":119,"s:252:17:252:37":120,"s:253:4:253:Infinity":121,"s:256:35:258:1":122,"f:256:35:256:40":21,"s:257:4:257:Infinity":123,"s:260:37:263:1":124,"f:260:37:260:42":22,"s:261:19:261:154":125,"s:262:4:262:Infinity":126,"b:262:11:262:44:262:48:262:50":39,"s:265:28:273:1":127,"f:265:28:265:33":23,"s:266:4:272:Infinity":128,"s:267:30:267:62":129,"s:268:27:268:234":130,"s:269:8:269:Infinity":131,"s:271:8:271:Infinity":132}}}
,"E:\\Projetos\\ggpro\\js\\services\\obsService.js": {"path":"E:\\Projetos\\ggpro\\js\\services\\obsService.js","statementMap":{"0":{"start":{"line":9,"column":4},"end":{"line":9,"column":34}},"1":{"start":{"line":10,"column":4},"end":{"line":10,"column":29}},"2":{"start":{"line":12,"column":15},"end":{"line":12,"column":31}},"3":{"start":{"line":13,"column":15},"end":{"line":13,"column":17}},"4":{"start":{"line":14,"column":15},"end":{"line":14,"column":22}},"5":{"start":{"line":16,"column":4},"end":{"line":20,"column":5}},"6":{"start":{"line":17,"column":6},"end":{"line":17,"column":60}},"7":{"start":{"line":18,"column":6},"end":{"line":18,"column":60}},"8":{"start":{"line":19,"column":6},"end":{"line":19,"column":60}},"9":{"start":{"line":22,"column":4},"end":{"line":26,"column":6}},"10":{"start":{"line":29,"column":4},"end":{"line":35,"column":6}},"11":{"start":{"line":39,"column":4},"end":{"line":49,"column":5}},"12":{"start":{"line":40,"column":6},"end":{"line":40,"column":82}},"13":{"start":{"line":41,"column":6},"end":{"line":41,"column":30}},"14":{"start":{"line":42,"column":6},"end":{"line":42,"column":75}},"15":{"start":{"line":43,"column":6},"end":{"line":43,"column":28}},"16":{"start":{"line":45,"column":6},"end":{"line":45,"column":31}},"17":{"start":{"line":46,"column":6},"end":{"line":46,"column":51}},"18":{"start":{"line":47,"column":6},"end":{"line":47,"column":90}},"19":{"start":{"line":48,"column":6},"end":{"line":48,"column":28}},"20":{"start":{"line":53,"column":4},"end":{"line":53,"column":32}},"21":{"start":{"line":54,"column":4},"end":{"line":54,"column":29}},"22":{"start":{"line":55,"column":4},"end":{"line":55,"column":26}},"23":{"start":{"line":59,"column":4},"end":{"line":59,"column":34}},"24":{"start":{"line":59,"column":27},"end":{"line":59,"column":34}},"25":{"start":{"line":60,"column":4},"end":{"line":65,"column":5}},"26":{"start":{"line":61,"column":6},"end":{"line":61,"column":67}},"27":{"start":{"line":62,"column":6},"end":{"line":62,"column":70}},"28":{"start":{"line":64,"column":6},"end":{"line":64,"column":65}},"29":{"start":{"line":72,"column":4},"end":{"line":72,"column":61}},"30":{"start":{"line":72,"column":54},"end":{"line":72,"column":61}},"31":{"start":{"line":74,"column":4},"end":{"line":78,"column":5}},"32":{"start":{"line":75,"column":6},"end":{"line":75,"column":43}},"33":{"start":{"line":77,"column":6},"end":{"line":77,"column":72}},"34":{"start":{"line":77,"column":23},"end":{"line":77,"column":63}},"35":{"start":{"line":85,"column":4},"end":{"line":85,"column":61}},"36":{"start":{"line":85,"column":54},"end":{"line":85,"column":61}},"37":{"start":{"line":88,"column":4},"end":{"line":90,"column":5}},"38":{"start":{"line":89,"column":6},"end":{"line":89,"column":52}},"39":{"start":{"line":94,"column":4},"end":{"line":94,"column":51}},"40":{"start":{"line":95,"column":4},"end":{"line":95,"column":64}},"41":{"start":{"line":96,"column":4},"end":{"line":96,"column":65}},"42":{"start":{"line":97,"column":4},"end":{"line":97,"column":67}},"43":{"start":{"line":99,"column":4},"end":{"line":103,"column":5}},"44":{"start":{"line":100,"column":6},"end":{"line":100,"column":51}},"45":{"start":{"line":100,"column":35},"end":{"line":100,"column":49}},"46":{"start":{"line":102,"column":6},"end":{"line":102,"column":21}},"47":{"start":{"line":107,"column":4},"end":{"line":109,"column":5}},"48":{"start":{"line":108,"column":6},"end":{"line":108,"column":110}},"49":{"start":{"line":113,"column":4},"end":{"line":113,"column":29}},"50":{"start":{"line":114,"column":4},"end":{"line":116,"column":5}},"51":{"start":{"line":115,"column":6},"end":{"line":115,"column":48}},"52":{"start":{"line":115,"column":12},"end":{"line":115,"column":34}},"53":{"start":{"line":120,"column":26},"end":{"line":120,"column":42}}},"fnMap":{"0":{"name":"(anonymous_0)","decl":{"start":{"line":8,"column":2},"end":{"line":8,"column":13}},"loc":{"start":{"line":8,"column":16},"end":{"line":36,"column":3}},"line":8},"1":{"name":"(anonymous_1)","decl":{"start":{"line":38,"column":8},"end":{"line":38,"column":15}},"loc":{"start":{"line":38,"column":18},"end":{"line":50,"column":3}},"line":38},"2":{"name":"(anonymous_2)","decl":{"start":{"line":52,"column":8},"end":{"line":52,"column":18}},"loc":{"start":{"line":52,"column":21},"end":{"line":56,"column":3}},"line":52},"3":{"name":"(anonymous_3)","decl":{"start":{"line":58,"column":8},"end":{"line":58,"column":19}},"loc":{"start":{"line":58,"column":31},"end":{"line":66,"column":3}},"line":58},"4":{"name":"(anonymous_4)","decl":{"start":{"line":71,"column":2},"end":{"line":71,"column":17}},"loc":{"start":{"line":71,"column":25},"end":{"line":79,"column":3}},"line":71},"5":{"name":"(anonymous_5)","decl":{"start":{"line":77,"column":17},"end":{"line":77,"column":18}},"loc":{"start":{"line":77,"column":23},"end":{"line":77,"column":63}},"line":77},"6":{"name":"(anonymous_6)","decl":{"start":{"line":84,"column":2},"end":{"line":84,"column":22}},"loc":{"start":{"line":84,"column":33},"end":{"line":91,"column":3}},"line":84},"7":{"name":"(anonymous_7)","decl":{"start":{"line":93,"column":2},"end":{"line":93,"column":12}},"loc":{"start":{"line":93,"column":24},"end":{"line":104,"column":3}},"line":93},"8":{"name":"(anonymous_8)","decl":{"start":{"line":100,"column":29},"end":{"line":100,"column":30}},"loc":{"start":{"line":100,"column":35},"end":{"line":100,"column":49}},"line":100},"9":{"name":"(anonymous_9)","decl":{"start":{"line":106,"column":2},"end":{"line":106,"column":16}},"loc":{"start":{"line":106,"column":19},"end":{"line":110,"column":3}},"line":106},"10":{"name":"(anonymous_10)","decl":{"start":{"line":112,"column":2},"end":{"line":112,"column":7}},"loc":{"start":{"line":112,"column":10},"end":{"line":117,"column":3}},"line":112}},"branchMap":{"0":{"loc":{"start":{"line":16,"column":4},"end":{"line":20,"column":5}},"type":"if","locations":[{"start":{"line":16,"column":4},"end":{"line":20,"column":5}},{"start":{},"end":{}}],"line":16},"1":{"loc":{"start":{"line":17,"column":13},"end":{"line":17,"column":59}},"type":"binary-expr","locations":[{"start":{"line":17,"column":13},"end":{"line":17,"column":51}},{"start":{"line":17,"column":55},"end":{"line":17,"column":59}}],"line":17},"2":{"loc":{"start":{"line":18,"column":13},"end":{"line":18,"column":59}},"type":"binary-expr","locations":[{"start":{"line":18,"column":13},"end":{"line":18,"column":51}},{"start":{"line":18,"column":55},"end":{"line":18,"column":59}}],"line":18},"3":{"loc":{"start":{"line":19,"column":13},"end":{"line":19,"column":59}},"type":"binary-expr","locations":[{"start":{"line":19,"column":13},"end":{"line":19,"column":51}},{"start":{"line":19,"column":55},"end":{"line":19,"column":59}}],"line":19},"4":{"loc":{"start":{"line":59,"column":4},"end":{"line":59,"column":34}},"type":"if","locations":[{"start":{"line":59,"column":4},"end":{"line":59,"column":34}},{"start":{},"end":{}}],"line":59},"5":{"loc":{"start":{"line":72,"column":4},"end":{"line":72,"column":61}},"type":"if","locations":[{"start":{"line":72,"column":4},"end":{"line":72,"column":61}},{"start":{},"end":{}}],"line":72},"6":{"loc":{"start":{"line":72,"column":8},"end":{"line":72,"column":52}},"type":"binary-expr","locations":[{"start":{"line":72,"column":8},"end":{"line":72,"column":31}},{"start":{"line":72,"column":35},"end":{"line":72,"column":52}}],"line":72},"7":{"loc":{"start":{"line":74,"column":4},"end":{"line":78,"column":5}},"type":"if","locations":[{"start":{"line":74,"column":4},"end":{"line":78,"column":5}},{"start":{},"end":{}}],"line":74},"8":{"loc":{"start":{"line":85,"column":4},"end":{"line":85,"column":61}},"type":"if","locations":[{"start":{"line":85,"column":4},"end":{"line":85,"column":61}},{"start":{},"end":{}}],"line":85},"9":{"loc":{"start":{"line":85,"column":8},"end":{"line":85,"column":52}},"type":"binary-expr","locations":[{"start":{"line":85,"column":8},"end":{"line":85,"column":31}},{"start":{"line":85,"column":35},"end":{"line":85,"column":52}}],"line":85},"10":{"loc":{"start":{"line":88,"column":4},"end":{"line":90,"column":5}},"type":"if","locations":[{"start":{"line":88,"column":4},"end":{"line":90,"column":5}},{"start":{},"end":{}}],"line":88},"11":{"loc":{"start":{"line":88,"column":8},"end":{"line":88,"column":50}},"type":"binary-expr","locations":[{"start":{"line":88,"column":8},"end":{"line":88,"column":27}},{"start":{"line":88,"column":31},"end":{"line":88,"column":50}}],"line":88},"12":{"loc":{"start":{"line":99,"column":4},"end":{"line":103,"column":5}},"type":"if","locations":[{"start":{"line":99,"column":4},"end":{"line":103,"column":5}},{"start":{"line":101,"column":11},"end":{"line":103,"column":5}}],"line":99},"13":{"loc":{"start":{"line":107,"column":4},"end":{"line":109,"column":5}},"type":"if","locations":[{"start":{"line":107,"column":4},"end":{"line":109,"column":5}},{"start":{},"end":{}}],"line":107},"14":{"loc":{"start":{"line":114,"column":4},"end":{"line":116,"column":5}},"type":"if","locations":[{"start":{"line":114,"column":4},"end":{"line":116,"column":5}},{"start":{},"end":{}}],"line":114}},"s":{"0":1,"1":1,"2":1,"3":1,"4":1,"5":1,"6":1,"7":1,"8":1,"9":1,"10":1,"11":4,"12":4,"13":1,"14":1,"15":1,"16":3,"17":3,"18":3,"19":3,"20":1,"21":1,"22":1,"23":3,"24":0,"25":3,"26":3,"27":2,"28":1,"29":1,"30":0,"31":1,"32":1,"33":1,"34":0,"35":1,"36":0,"37":1,"38":1,"39":2,"40":2,"41":2,"42":2,"43":2,"44":1,"45":1,"46":1,"47":5,"48":5,"49":7,"50":7,"51":7,"52":7,"53":1},"f":{"0":1,"1":4,"2":1,"3":3,"4":1,"5":0,"6":1,"7":2,"8":1,"9":5,"10":7},"b":{"0":[1,0],"1":[1,1],"2":[1,1],"3":[1,1],"4":[0,3],"5":[0,1],"6":[1,1],"7":[1,0],"8":[0,1],"9":[1,1],"10":[1,0],"11":[1,0],"12":[1,1],"13":[5,0],"14":[7,0]},"meta":{"lastBranch":15,"lastFunction":11,"lastStatement":54,"seen":{"f:8:2:8:13":0,"s:9:4:9:34":0,"s:10:4:10:29":1,"s:12:15:12:31":2,"s:13:15:13:17":3,"s:14:15:14:22":4,"b:16:4:20:5:undefined:undefined:undefined:undefined":0,"s:16:4:20:5":5,"s:17:6:17:60":6,"b:17:13:17:51:17:55:17:59":1,"s:18:6:18:60":7,"b:18:13:18:51:18:55:18:59":2,"s:19:6:19:60":8,"b:19:13:19:51:19:55:19:59":3,"s:22:4:26:6":9,"s:29:4:35:6":10,"f:38:8:38:15":1,"s:39:4:49:5":11,"s:40:6:40:82":12,"s:41:6:41:30":13,"s:42:6:42:75":14,"s:43:6:43:28":15,"s:45:6:45:31":16,"s:46:6:46:51":17,"s:47:6:47:90":18,"s:48:6:48:28":19,"f:52:8:52:18":2,"s:53:4:53:32":20,"s:54:4:54:29":21,"s:55:4:55:26":22,"f:58:8:58:19":3,"b:59:4:59:34:undefined:undefined:undefined:undefined":4,"s:59:4:59:34":23,"s:59:27:59:34":24,"s:60:4:65:5":25,"s:61:6:61:67":26,"s:62:6:62:70":27,"s:64:6:64:65":28,"f:71:2:71:17":4,"b:72:4:72:61:undefined:undefined:undefined:undefined":5,"s:72:4:72:61":29,"b:72:8:72:31:72:35:72:52":6,"s:72:54:72:61":30,"b:74:4:78:5:undefined:undefined:undefined:undefined":7,"s:74:4:78:5":31,"s:75:6:75:43":32,"s:77:6:77:72":33,"f:77:17:77:18":5,"s:77:23:77:63":34,"f:84:2:84:22":6,"b:85:4:85:61:undefined:undefined:undefined:undefined":8,"s:85:4:85:61":35,"b:85:8:85:31:85:35:85:52":9,"s:85:54:85:61":36,"b:88:4:90:5:undefined:undefined:undefined:undefined":10,"s:88:4:90:5":37,"b:88:8:88:27:88:31:88:50":11,"s:89:6:89:52":38,"f:93:2:93:12":7,"s:94:4:94:51":39,"s:95:4:95:64":40,"s:96:4:96:65":41,"s:97:4:97:67":42,"b:99:4:103:5:101:11:103:5":12,"s:99:4:103:5":43,"s:100:6:100:51":44,"f:100:29:100:30":8,"s:100:35:100:49":45,"s:102:6:102:21":46,"f:106:2:106:16":9,"b:107:4:109:5:undefined:undefined:undefined:undefined":13,"s:107:4:109:5":47,"s:108:6:108:110":48,"f:112:2:112:7":10,"s:113:4:113:29":49,"b:114:4:116:5:undefined:undefined:undefined:undefined":14,"s:114:4:116:5":50,"s:115:6:115:48":51,"s:115:12:115:34":52,"s:120:26:120:42":53}}}
,"E:\\Projetos\\ggpro\\js\\services\\pressureService.js": {"path":"E:\\Projetos\\ggpro\\js\\services\\pressureService.js","statementMap":{"0":{"start":{"line":9,"column":4},"end":{"line":14,"column":6}},"1":{"start":{"line":15,"column":4},"end":{"line":15,"column":29}},"2":{"start":{"line":23,"column":4},"end":{"line":23,"column":51}},"3":{"start":{"line":23,"column":26},"end":{"line":23,"column":51}},"4":{"start":{"line":25,"column":18},"end":{"line":25,"column":39}},"5":{"start":{"line":26,"column":16},"end":{"line":26,"column":26}},"6":{"start":{"line":29,"column":4},"end":{"line":29,"column":76}},"7":{"start":{"line":29,"column":51},"end":{"line":29,"column":76}},"8":{"start":{"line":31,"column":4},"end":{"line":31,"column":28}},"9":{"start":{"line":33,"column":4},"end":{"line":93,"column":5}},"10":{"start":{"line":34,"column":25},"end":{"line":34,"column":141}},"11":{"start":{"line":35,"column":23},"end":{"line":35,"column":62}},"12":{"start":{"line":37,"column":27},"end":{"line":38,"column":85}},"13":{"start":{"line":38,"column":21},"end":{"line":38,"column":84}},"14":{"start":{"line":40,"column":6},"end":{"line":43,"column":7}},"15":{"start":{"line":41,"column":8},"end":{"line":41,"column":33}},"16":{"start":{"line":42,"column":8},"end":{"line":42,"column":33}},"17":{"start":{"line":46,"column":24},"end":{"line":46,"column":66}},"18":{"start":{"line":47,"column":24},"end":{"line":47,"column":66}},"19":{"start":{"line":49,"column":25},"end":{"line":49,"column":67}},"20":{"start":{"line":51,"column":21},"end":{"line":74,"column":7}},"21":{"start":{"line":76,"column":23},"end":{"line":76,"column":43}},"22":{"start":{"line":77,"column":21},"end":{"line":77,"column":45}},"23":{"start":{"line":79,"column":6},"end":{"line":82,"column":8}},"24":{"start":{"line":85,"column":6},"end":{"line":85,"column":28}},"25":{"start":{"line":87,"column":6},"end":{"line":87,"column":31}},"26":{"start":{"line":89,"column":6},"end":{"line":89,"column":58}},"27":{"start":{"line":90,"column":6},"end":{"line":90,"column":31}},"28":{"start":{"line":92,"column":6},"end":{"line":92,"column":31}},"29":{"start":{"line":97,"column":23},"end":{"line":97,"column":62}},"30":{"start":{"line":97,"column":42},"end":{"line":97,"column":61}},"31":{"start":{"line":98,"column":4},"end":{"line":103,"column":6}},"32":{"start":{"line":99,"column":36},"end":{"line":99,"column":53}},"33":{"start":{"line":100,"column":36},"end":{"line":100,"column":81}},"34":{"start":{"line":101,"column":38},"end":{"line":101,"column":57}},"35":{"start":{"line":102,"column":36},"end":{"line":102,"column":53}},"36":{"start":{"line":107,"column":4},"end":{"line":116,"column":5}},"37":{"start":{"line":108,"column":18},"end":{"line":108,"column":73}},"38":{"start":{"line":109,"column":25},"end":{"line":109,"column":43}},"39":{"start":{"line":110,"column":24},"end":{"line":110,"column":46}},"40":{"start":{"line":111,"column":6},"end":{"line":113,"column":7}},"41":{"start":{"line":112,"column":10},"end":{"line":112,"column":72}},"42":{"start":{"line":115,"column":6},"end":{"line":115,"column":57}},"43":{"start":{"line":117,"column":4},"end":{"line":117,"column":79}},"44":{"start":{"line":121,"column":18},"end":{"line":121,"column":82}},"45":{"start":{"line":122,"column":4},"end":{"line":122,"column":32}},"46":{"start":{"line":126,"column":4},"end":{"line":126,"column":106}},"47":{"start":{"line":127,"column":4},"end":{"line":127,"column":29}},"48":{"start":{"line":131,"column":31},"end":{"line":131,"column":52}}},"fnMap":{"0":{"name":"(anonymous_0)","decl":{"start":{"line":8,"column":2},"end":{"line":8,"column":13}},"loc":{"start":{"line":8,"column":16},"end":{"line":16,"column":3}},"line":8},"1":{"name":"(anonymous_1)","decl":{"start":{"line":22,"column":8},"end":{"line":22,"column":29}},"loc":{"start":{"line":22,"column":50},"end":{"line":94,"column":3}},"line":22},"2":{"name":"(anonymous_2)","decl":{"start":{"line":38,"column":16},"end":{"line":38,"column":17}},"loc":{"start":{"line":38,"column":21},"end":{"line":38,"column":84}},"line":38},"3":{"name":"(anonymous_3)","decl":{"start":{"line":96,"column":2},"end":{"line":96,"column":17}},"loc":{"start":{"line":96,"column":34},"end":{"line":104,"column":3}},"line":96},"4":{"name":"(anonymous_4)","decl":{"start":{"line":97,"column":37},"end":{"line":97,"column":38}},"loc":{"start":{"line":97,"column":42},"end":{"line":97,"column":61}},"line":97},"5":{"name":"(anonymous_5)","decl":{"start":{"line":99,"column":31},"end":{"line":99,"column":32}},"loc":{"start":{"line":99,"column":36},"end":{"line":99,"column":53}},"line":99},"6":{"name":"(anonymous_6)","decl":{"start":{"line":100,"column":31},"end":{"line":100,"column":32}},"loc":{"start":{"line":100,"column":36},"end":{"line":100,"column":81}},"line":100},"7":{"name":"(anonymous_7)","decl":{"start":{"line":101,"column":33},"end":{"line":101,"column":34}},"loc":{"start":{"line":101,"column":38},"end":{"line":101,"column":57}},"line":101},"8":{"name":"(anonymous_8)","decl":{"start":{"line":102,"column":31},"end":{"line":102,"column":32}},"loc":{"start":{"line":102,"column":36},"end":{"line":102,"column":53}},"line":102},"9":{"name":"(anonymous_9)","decl":{"start":{"line":106,"column":2},"end":{"line":106,"column":11}},"loc":{"start":{"line":106,"column":18},"end":{"line":118,"column":3}},"line":106},"10":{"name":"(anonymous_10)","decl":{"start":{"line":120,"column":2},"end":{"line":120,"column":16}},"loc":{"start":{"line":120,"column":19},"end":{"line":123,"column":3}},"line":120},"11":{"name":"(anonymous_11)","decl":{"start":{"line":125,"column":2},"end":{"line":125,"column":7}},"loc":{"start":{"line":125,"column":10},"end":{"line":128,"column":3}},"line":125}},"branchMap":{"0":{"loc":{"start":{"line":22,"column":30},"end":{"line":22,"column":48}},"type":"default-arg","locations":[{"start":{"line":22,"column":46},"end":{"line":22,"column":48}}],"line":22},"1":{"loc":{"start":{"line":23,"column":4},"end":{"line":23,"column":51}},"type":"if","locations":[{"start":{"line":23,"column":4},"end":{"line":23,"column":51}},{"start":{},"end":{}}],"line":23},"2":{"loc":{"start":{"line":29,"column":4},"end":{"line":29,"column":76}},"type":"if","locations":[{"start":{"line":29,"column":4},"end":{"line":29,"column":76}},{"start":{},"end":{}}],"line":29},"3":{"loc":{"start":{"line":34,"column":58},"end":{"line":34,"column":130}},"type":"cond-expr","locations":[{"start":{"line":34,"column":100},"end":{"line":34,"column":126}},{"start":{"line":34,"column":129},"end":{"line":34,"column":130}}],"line":34},"4":{"loc":{"start":{"line":34,"column":58},"end":{"line":34,"column":97}},"type":"binary-expr","locations":[{"start":{"line":34,"column":58},"end":{"line":34,"column":78}},{"start":{"line":34,"column":82},"end":{"line":34,"column":97}}],"line":34},"5":{"loc":{"start":{"line":37,"column":28},"end":{"line":37,"column":46}},"type":"binary-expr","locations":[{"start":{"line":37,"column":28},"end":{"line":37,"column":40}},{"start":{"line":37,"column":44},"end":{"line":37,"column":46}}],"line":37},"6":{"loc":{"start":{"line":38,"column":21},"end":{"line":38,"column":84}},"type":"binary-expr","locations":[{"start":{"line":38,"column":21},"end":{"line":38,"column":34}},{"start":{"line":38,"column":38},"end":{"line":38,"column":58}},{"start":{"line":38,"column":62},"end":{"line":38,"column":84}}],"line":38},"7":{"loc":{"start":{"line":40,"column":6},"end":{"line":43,"column":7}},"type":"if","locations":[{"start":{"line":40,"column":6},"end":{"line":43,"column":7}},{"start":{},"end":{}}],"line":40},"8":{"loc":{"start":{"line":49,"column":25},"end":{"line":49,"column":67}},"type":"binary-expr","locations":[{"start":{"line":49,"column":25},"end":{"line":49,"column":41}},{"start":{"line":49,"column":45},"end":{"line":49,"column":67}}],"line":49},"9":{"loc":{"start":{"line":111,"column":6},"end":{"line":113,"column":7}},"type":"if","locations":[{"start":{"line":111,"column":6},"end":{"line":113,"column":7}},{"start":{},"end":{}}],"line":111},"10":{"loc":{"start":{"line":111,"column":10},"end":{"line":111,"column":47}},"type":"binary-expr","locations":[{"start":{"line":111,"column":10},"end":{"line":111,"column":27}},{"start":{"line":111,"column":31},"end":{"line":111,"column":47}}],"line":111}},"s":{"0":1,"1":1,"2":5,"3":0,"4":5,"5":5,"6":5,"7":0,"8":5,"9":5,"10":5,"11":5,"12":5,"13":9,"14":5,"15":2,"16":2,"17":3,"18":3,"19":3,"20":5,"21":5,"22":2,"23":2,"24":2,"25":2,"26":1,"27":1,"28":5,"29":6,"30":18,"31":6,"32":9,"33":9,"34":9,"35":9,"36":2,"37":2,"38":2,"39":2,"40":2,"41":1,"42":0,"43":1,"44":2,"45":2,"46":4,"47":4,"48":1},"f":{"0":1,"1":5,"2":9,"3":6,"4":18,"5":9,"6":9,"7":9,"8":9,"9":2,"10":2,"11":4},"b":{"0":[5],"1":[0,5],"2":[0,5],"3":[0,5],"4":[5,0],"5":[5,0],"6":[9,9,9],"7":[2,3],"8":[3,0],"9":[1,1],"10":[2,1]},"meta":{"lastBranch":11,"lastFunction":12,"lastStatement":49,"seen":{"f:8:2:8:13":0,"s:9:4:14:6":0,"s:15:4:15:29":1,"f:22:8:22:29":1,"b:22:46:22:48":0,"b:23:4:23:51:undefined:undefined:undefined:undefined":1,"s:23:4:23:51":2,"s:23:26:23:51":3,"s:25:18:25:39":4,"s:26:16:26:26":5,"b:29:4:29:76:undefined:undefined:undefined:undefined":2,"s:29:4:29:76":6,"s:29:51:29:76":7,"s:31:4:31:28":8,"s:33:4:93:5":9,"s:34:25:34:141":10,"b:34:100:34:126:34:129:34:130":3,"b:34:58:34:78:34:82:34:97":4,"s:35:23:35:62":11,"s:37:27:38:85":12,"b:37:28:37:40:37:44:37:46":5,"f:38:16:38:17":2,"s:38:21:38:84":13,"b:38:21:38:34:38:38:38:58:38:62:38:84":6,"b:40:6:43:7:undefined:undefined:undefined:undefined":7,"s:40:6:43:7":14,"s:41:8:41:33":15,"s:42:8:42:33":16,"s:46:24:46:66":17,"s:47:24:47:66":18,"s:49:25:49:67":19,"b:49:25:49:41:49:45:49:67":8,"s:51:21:74:7":20,"s:76:23:76:43":21,"s:77:21:77:45":22,"s:79:6:82:8":23,"s:85:6:85:28":24,"s:87:6:87:31":25,"s:89:6:89:58":26,"s:90:6:90:31":27,"s:92:6:92:31":28,"f:96:2:96:17":3,"s:97:23:97:62":29,"f:97:37:97:38":4,"s:97:42:97:61":30,"s:98:4:103:6":31,"f:99:31:99:32":5,"s:99:36:99:53":32,"f:100:31:100:32":6,"s:100:36:100:81":33,"f:101:33:101:34":7,"s:101:38:101:57":34,"f:102:31:102:32":8,"s:102:36:102:53":35,"f:106:2:106:11":9,"s:107:4:116:5":36,"s:108:18:108:73":37,"s:109:25:109:43":38,"s:110:24:110:46":39,"b:111:6:113:7:undefined:undefined:undefined:undefined":9,"s:111:6:113:7":40,"b:111:10:111:27:111:31:111:47":10,"s:112:10:112:72":41,"s:115:6:115:57":42,"s:117:4:117:79":43,"f:120:2:120:16":10,"s:121:18:121:82":44,"s:122:4:122:32":45,"f:125:2:125:7":11,"s:126:4:126:106":46,"s:127:4:127:29":47,"s:131:31:131:52":48}}}
}
